======================================================================
ROBUSTNESS & VALIDATION TESTING SUITE
======================================================================
Results will be saved to: /home/aarav/Forecast models/ml_research_pipeline/robustness_test_results


======================================================================
RUNNING PHASE 2: EXPAND UNIVERSE
======================================================================

======================================================================
PHASE 2.1: MULTI-STOCK TEST
======================================================================

======================================================================
Testing AAPL
======================================================================
Loading cached data for AAPL
Loading cached data for ^GSPC

[Priority 1] Fetching from Finnhub...
Fetching Finnhub news for AAPL...
No news found for AAPL

[Priority 2] Fetching from NewsAPI (if available)...
Fetching NewsAPI news for AAPL...
⚠ NewsAPI HTTP error: 426 Client Error: Upgrade Required for url: https://newsapi.org/v2/everything?q=AAPL&from=2020-01-01&to=2023-12-31&sortBy=publishedAt&apiKey=9ff201f1e68b4544ab5d358a261f1742&language=en&pageSize=100
⚠ No news data fetched from any source
Training until validation scores don't improve for 10 rounds
Early stopping, best iteration is:
[6]	train's binary_logloss: 0.593526	val's binary_logloss: 0.679122

Window 1: Train 2020-01-02 00:00:00-05:00 to 2020-09-10 00:00:00-04:00, Test 2020-09-11 00:00:00-04:00 to 2020-10-01 00:00:00-04:00

Window 2: Train 2020-01-02 00:00:00-05:00 to 2020-10-01 00:00:00-04:00, Test 2020-10-02 00:00:00-04:00 to 2020-10-22 00:00:00-04:00

Window 3: Train 2020-01-02 00:00:00-05:00 to 2020-10-22 00:00:00-04:00, Test 2020-10-23 00:00:00-04:00 to 2020-11-11 00:00:00-05:00

Window 4: Train 2020-01-02 00:00:00-05:00 to 2020-11-11 00:00:00-05:00, Test 2020-11-12 00:00:00-05:00 to 2020-12-02 00:00:00-05:00

Window 5: Train 2020-01-02 00:00:00-05:00 to 2020-12-02 00:00:00-05:00, Test 2020-12-03 00:00:00-05:00 to 2020-12-23 00:00:00-05:00

Window 6: Train 2020-01-02 00:00:00-05:00 to 2020-12-23 00:00:00-05:00, Test 2020-12-24 00:00:00-05:00 to 2021-01-13 00:00:00-05:00

Window 7: Train 2020-01-02 00:00:00-05:00 to 2021-01-13 00:00:00-05:00, Test 2021-01-14 00:00:00-05:00 to 2021-02-03 00:00:00-05:00

Window 8: Train 2020-01-02 00:00:00-05:00 to 2021-02-03 00:00:00-05:00, Test 2021-02-04 00:00:00-05:00 to 2021-02-24 00:00:00-05:00

Window 9: Train 2020-01-02 00:00:00-05:00 to 2021-02-24 00:00:00-05:00, Test 2021-02-25 00:00:00-05:00 to 2021-03-18 00:00:00-04:00

Window 10: Train 2020-01-02 00:00:00-05:00 to 2021-03-18 00:00:00-04:00, Test 2021-03-19 00:00:00-04:00 to 2021-04-08 00:00:00-04:00

Window 11: Train 2020-01-02 00:00:00-05:00 to 2021-04-08 00:00:00-04:00, Test 2021-04-09 00:00:00-04:00 to 2021-04-29 00:00:00-04:00

Window 12: Train 2020-01-02 00:00:00-05:00 to 2021-04-29 00:00:00-04:00, Test 2021-04-30 00:00:00-04:00 to 2021-05-20 00:00:00-04:00

Window 13: Train 2020-01-02 00:00:00-05:00 to 2021-05-20 00:00:00-04:00, Test 2021-05-21 00:00:00-04:00 to 2021-06-10 00:00:00-04:00

Window 14: Train 2020-01-02 00:00:00-05:00 to 2021-06-10 00:00:00-04:00, Test 2021-06-11 00:00:00-04:00 to 2021-07-01 00:00:00-04:00

Window 15: Train 2020-01-02 00:00:00-05:00 to 2021-07-01 00:00:00-04:00, Test 2021-07-02 00:00:00-04:00 to 2021-07-22 00:00:00-04:00

Window 16: Train 2020-01-02 00:00:00-05:00 to 2021-07-22 00:00:00-04:00, Test 2021-07-23 00:00:00-04:00 to 2021-08-12 00:00:00-04:00

Window 17: Train 2020-01-02 00:00:00-05:00 to 2021-08-12 00:00:00-04:00, Test 2021-08-13 00:00:00-04:00 to 2021-09-02 00:00:00-04:00

Window 18: Train 2020-01-02 00:00:00-05:00 to 2021-09-02 00:00:00-04:00, Test 2021-09-03 00:00:00-04:00 to 2021-09-23 00:00:00-04:00

Window 19: Train 2020-01-02 00:00:00-05:00 to 2021-09-23 00:00:00-04:00, Test 2021-09-24 00:00:00-04:00 to 2021-10-14 00:00:00-04:00

Window 20: Train 2020-01-02 00:00:00-05:00 to 2021-10-14 00:00:00-04:00, Test 2021-10-15 00:00:00-04:00 to 2021-11-04 00:00:00-04:00

Window 21: Train 2020-01-02 00:00:00-05:00 to 2021-11-04 00:00:00-04:00, Test 2021-11-05 00:00:00-04:00 to 2021-11-24 00:00:00-05:00

Window 22: Train 2020-01-02 00:00:00-05:00 to 2021-11-24 00:00:00-05:00, Test 2021-11-26 00:00:00-05:00 to 2021-12-15 00:00:00-05:00

Window 23: Train 2020-01-02 00:00:00-05:00 to 2021-12-15 00:00:00-05:00, Test 2021-12-16 00:00:00-05:00 to 2022-01-05 00:00:00-05:00

Window 24: Train 2020-01-02 00:00:00-05:00 to 2022-01-05 00:00:00-05:00, Test 2022-01-06 00:00:00-05:00 to 2022-01-26 00:00:00-05:00

Window 25: Train 2020-01-02 00:00:00-05:00 to 2022-01-26 00:00:00-05:00, Test 2022-01-27 00:00:00-05:00 to 2022-02-16 00:00:00-05:00

Window 26: Train 2020-01-02 00:00:00-05:00 to 2022-02-16 00:00:00-05:00, Test 2022-02-17 00:00:00-05:00 to 2022-03-09 00:00:00-05:00

Window 27: Train 2020-01-02 00:00:00-05:00 to 2022-03-09 00:00:00-05:00, Test 2022-03-10 00:00:00-05:00 to 2022-03-31 00:00:00-04:00

Window 28: Train 2020-01-02 00:00:00-05:00 to 2022-03-31 00:00:00-04:00, Test 2022-04-01 00:00:00-04:00 to 2022-04-21 00:00:00-04:00

Window 29: Train 2020-01-02 00:00:00-05:00 to 2022-04-21 00:00:00-04:00, Test 2022-04-22 00:00:00-04:00 to 2022-05-12 00:00:00-04:00

Window 30: Train 2020-01-02 00:00:00-05:00 to 2022-05-12 00:00:00-04:00, Test 2022-05-13 00:00:00-04:00 to 2022-06-02 00:00:00-04:00

Window 31: Train 2020-01-02 00:00:00-05:00 to 2022-06-02 00:00:00-04:00, Test 2022-06-03 00:00:00-04:00 to 2022-06-23 00:00:00-04:00

Window 32: Train 2020-01-02 00:00:00-05:00 to 2022-06-23 00:00:00-04:00, Test 2022-06-24 00:00:00-04:00 to 2022-07-14 00:00:00-04:00

Window 33: Train 2020-01-02 00:00:00-05:00 to 2022-07-14 00:00:00-04:00, Test 2022-07-15 00:00:00-04:00 to 2022-08-04 00:00:00-04:00

Window 34: Train 2020-01-02 00:00:00-05:00 to 2022-08-04 00:00:00-04:00, Test 2022-08-05 00:00:00-04:00 to 2022-08-25 00:00:00-04:00

Window 35: Train 2020-01-02 00:00:00-05:00 to 2022-08-25 00:00:00-04:00, Test 2022-08-26 00:00:00-04:00 to 2022-09-15 00:00:00-04:00

Window 36: Train 2020-01-02 00:00:00-05:00 to 2022-09-15 00:00:00-04:00, Test 2022-09-16 00:00:00-04:00 to 2022-10-06 00:00:00-04:00

Window 37: Train 2020-01-02 00:00:00-05:00 to 2022-10-06 00:00:00-04:00, Test 2022-10-07 00:00:00-04:00 to 2022-10-27 00:00:00-04:00

Window 38: Train 2020-01-02 00:00:00-05:00 to 2022-10-27 00:00:00-04:00, Test 2022-10-28 00:00:00-04:00 to 2022-11-16 00:00:00-05:00

Window 39: Train 2020-01-02 00:00:00-05:00 to 2022-11-16 00:00:00-05:00, Test 2022-11-17 00:00:00-05:00 to 2022-12-07 00:00:00-05:00

Window 40: Train 2020-01-02 00:00:00-05:00 to 2022-12-07 00:00:00-05:00, Test 2022-12-08 00:00:00-05:00 to 2022-12-28 00:00:00-05:00

Window 41: Train 2020-01-02 00:00:00-05:00 to 2022-12-28 00:00:00-05:00, Test 2022-12-29 00:00:00-05:00 to 2023-01-18 00:00:00-05:00

Window 42: Train 2020-01-02 00:00:00-05:00 to 2023-01-18 00:00:00-05:00, Test 2023-01-19 00:00:00-05:00 to 2023-02-08 00:00:00-05:00

Window 43: Train 2020-01-02 00:00:00-05:00 to 2023-02-08 00:00:00-05:00, Test 2023-02-09 00:00:00-05:00 to 2023-03-01 00:00:00-05:00

Window 44: Train 2020-01-02 00:00:00-05:00 to 2023-03-01 00:00:00-05:00, Test 2023-03-02 00:00:00-05:00 to 2023-03-23 00:00:00-04:00

Window 45: Train 2020-01-02 00:00:00-05:00 to 2023-03-23 00:00:00-04:00, Test 2023-03-24 00:00:00-04:00 to 2023-04-13 00:00:00-04:00

Window 46: Train 2020-01-02 00:00:00-05:00 to 2023-04-13 00:00:00-04:00, Test 2023-04-14 00:00:00-04:00 to 2023-05-04 00:00:00-04:00

Window 47: Train 2020-01-02 00:00:00-05:00 to 2023-05-04 00:00:00-04:00, Test 2023-05-05 00:00:00-04:00 to 2023-05-25 00:00:00-04:00

Window 48: Train 2020-01-02 00:00:00-05:00 to 2023-05-25 00:00:00-04:00, Test 2023-05-26 00:00:00-04:00 to 2023-06-15 00:00:00-04:00

Window 49: Train 2020-01-02 00:00:00-05:00 to 2023-06-15 00:00:00-04:00, Test 2023-06-16 00:00:00-04:00 to 2023-07-06 00:00:00-04:00

Window 50: Train 2020-01-02 00:00:00-05:00 to 2023-07-06 00:00:00-04:00, Test 2023-07-07 00:00:00-04:00 to 2023-07-27 00:00:00-04:00

Window 51: Train 2020-01-02 00:00:00-05:00 to 2023-07-27 00:00:00-04:00, Test 2023-07-28 00:00:00-04:00 to 2023-08-17 00:00:00-04:00

Window 52: Train 2020-01-02 00:00:00-05:00 to 2023-08-17 00:00:00-04:00, Test 2023-08-18 00:00:00-04:00 to 2023-09-07 00:00:00-04:00

Window 53: Train 2020-01-02 00:00:00-05:00 to 2023-09-07 00:00:00-04:00, Test 2023-09-08 00:00:00-04:00 to 2023-09-28 00:00:00-04:00

Window 54: Train 2020-01-02 00:00:00-05:00 to 2023-09-28 00:00:00-04:00, Test 2023-09-29 00:00:00-04:00 to 2023-10-19 00:00:00-04:00

Window 55: Train 2020-01-02 00:00:00-05:00 to 2023-10-19 00:00:00-04:00, Test 2023-10-20 00:00:00-04:00 to 2023-11-08 00:00:00-05:00

Window 56: Train 2020-01-02 00:00:00-05:00 to 2023-11-08 00:00:00-05:00, Test 2023-11-09 00:00:00-05:00 to 2023-11-29 00:00:00-05:00

Window 57: Train 2020-01-02 00:00:00-05:00 to 2023-11-29 00:00:00-05:00, Test 2023-11-30 00:00:00-05:00 to 2023-12-20 00:00:00-05:00
  Trades: 3, Coverage: 0.36%, Accuracy: 1.0000, Return: 0.0248

======================================================================
Testing MSFT
======================================================================
Loading cached data for MSFT
Loading cached data for ^GSPC

[Priority 1] Fetching from Finnhub...
Fetching Finnhub news for MSFT...
No news found for MSFT

[Priority 2] Fetching from NewsAPI (if available)...
Fetching NewsAPI news for MSFT...
⚠ NewsAPI HTTP error: 426 Client Error: Upgrade Required for url: https://newsapi.org/v2/everything?q=MSFT&from=2020-01-01&to=2023-12-31&sortBy=publishedAt&apiKey=9ff201f1e68b4544ab5d358a261f1742&language=en&pageSize=100
⚠ No news data fetched from any source
Training until validation scores don't improve for 10 rounds
Early stopping, best iteration is:
[1]	train's binary_logloss: 0.67413	val's binary_logloss: 0.689911

Window 1: Train 2020-01-02 00:00:00-05:00 to 2020-09-10 00:00:00-04:00, Test 2020-09-11 00:00:00-04:00 to 2020-10-01 00:00:00-04:00

Window 2: Train 2020-01-02 00:00:00-05:00 to 2020-10-01 00:00:00-04:00, Test 2020-10-02 00:00:00-04:00 to 2020-10-22 00:00:00-04:00

Window 3: Train 2020-01-02 00:00:00-05:00 to 2020-10-22 00:00:00-04:00, Test 2020-10-23 00:00:00-04:00 to 2020-11-11 00:00:00-05:00

Window 4: Train 2020-01-02 00:00:00-05:00 to 2020-11-11 00:00:00-05:00, Test 2020-11-12 00:00:00-05:00 to 2020-12-02 00:00:00-05:00

Window 5: Train 2020-01-02 00:00:00-05:00 to 2020-12-02 00:00:00-05:00, Test 2020-12-03 00:00:00-05:00 to 2020-12-23 00:00:00-05:00

Window 6: Train 2020-01-02 00:00:00-05:00 to 2020-12-23 00:00:00-05:00, Test 2020-12-24 00:00:00-05:00 to 2021-01-13 00:00:00-05:00

Window 7: Train 2020-01-02 00:00:00-05:00 to 2021-01-13 00:00:00-05:00, Test 2021-01-14 00:00:00-05:00 to 2021-02-03 00:00:00-05:00

Window 8: Train 2020-01-02 00:00:00-05:00 to 2021-02-03 00:00:00-05:00, Test 2021-02-04 00:00:00-05:00 to 2021-02-24 00:00:00-05:00

Window 9: Train 2020-01-02 00:00:00-05:00 to 2021-02-24 00:00:00-05:00, Test 2021-02-25 00:00:00-05:00 to 2021-03-18 00:00:00-04:00

Window 10: Train 2020-01-02 00:00:00-05:00 to 2021-03-18 00:00:00-04:00, Test 2021-03-19 00:00:00-04:00 to 2021-04-08 00:00:00-04:00

Window 11: Train 2020-01-02 00:00:00-05:00 to 2021-04-08 00:00:00-04:00, Test 2021-04-09 00:00:00-04:00 to 2021-04-29 00:00:00-04:00

Window 12: Train 2020-01-02 00:00:00-05:00 to 2021-04-29 00:00:00-04:00, Test 2021-04-30 00:00:00-04:00 to 2021-05-20 00:00:00-04:00

Window 13: Train 2020-01-02 00:00:00-05:00 to 2021-05-20 00:00:00-04:00, Test 2021-05-21 00:00:00-04:00 to 2021-06-10 00:00:00-04:00

Window 14: Train 2020-01-02 00:00:00-05:00 to 2021-06-10 00:00:00-04:00, Test 2021-06-11 00:00:00-04:00 to 2021-07-01 00:00:00-04:00

Window 15: Train 2020-01-02 00:00:00-05:00 to 2021-07-01 00:00:00-04:00, Test 2021-07-02 00:00:00-04:00 to 2021-07-22 00:00:00-04:00

Window 16: Train 2020-01-02 00:00:00-05:00 to 2021-07-22 00:00:00-04:00, Test 2021-07-23 00:00:00-04:00 to 2021-08-12 00:00:00-04:00

Window 17: Train 2020-01-02 00:00:00-05:00 to 2021-08-12 00:00:00-04:00, Test 2021-08-13 00:00:00-04:00 to 2021-09-02 00:00:00-04:00

Window 18: Train 2020-01-02 00:00:00-05:00 to 2021-09-02 00:00:00-04:00, Test 2021-09-03 00:00:00-04:00 to 2021-09-23 00:00:00-04:00

Window 19: Train 2020-01-02 00:00:00-05:00 to 2021-09-23 00:00:00-04:00, Test 2021-09-24 00:00:00-04:00 to 2021-10-14 00:00:00-04:00

Window 20: Train 2020-01-02 00:00:00-05:00 to 2021-10-14 00:00:00-04:00, Test 2021-10-15 00:00:00-04:00 to 2021-11-04 00:00:00-04:00

Window 21: Train 2020-01-02 00:00:00-05:00 to 2021-11-04 00:00:00-04:00, Test 2021-11-05 00:00:00-04:00 to 2021-11-24 00:00:00-05:00

Window 22: Train 2020-01-02 00:00:00-05:00 to 2021-11-24 00:00:00-05:00, Test 2021-11-26 00:00:00-05:00 to 2021-12-15 00:00:00-05:00

Window 23: Train 2020-01-02 00:00:00-05:00 to 2021-12-15 00:00:00-05:00, Test 2021-12-16 00:00:00-05:00 to 2022-01-05 00:00:00-05:00

Window 24: Train 2020-01-02 00:00:00-05:00 to 2022-01-05 00:00:00-05:00, Test 2022-01-06 00:00:00-05:00 to 2022-01-26 00:00:00-05:00

Window 25: Train 2020-01-02 00:00:00-05:00 to 2022-01-26 00:00:00-05:00, Test 2022-01-27 00:00:00-05:00 to 2022-02-16 00:00:00-05:00

Window 26: Train 2020-01-02 00:00:00-05:00 to 2022-02-16 00:00:00-05:00, Test 2022-02-17 00:00:00-05:00 to 2022-03-09 00:00:00-05:00

Window 27: Train 2020-01-02 00:00:00-05:00 to 2022-03-09 00:00:00-05:00, Test 2022-03-10 00:00:00-05:00 to 2022-03-31 00:00:00-04:00

Window 28: Train 2020-01-02 00:00:00-05:00 to 2022-03-31 00:00:00-04:00, Test 2022-04-01 00:00:00-04:00 to 2022-04-21 00:00:00-04:00

Window 29: Train 2020-01-02 00:00:00-05:00 to 2022-04-21 00:00:00-04:00, Test 2022-04-22 00:00:00-04:00 to 2022-05-12 00:00:00-04:00

Window 30: Train 2020-01-02 00:00:00-05:00 to 2022-05-12 00:00:00-04:00, Test 2022-05-13 00:00:00-04:00 to 2022-06-02 00:00:00-04:00

Window 31: Train 2020-01-02 00:00:00-05:00 to 2022-06-02 00:00:00-04:00, Test 2022-06-03 00:00:00-04:00 to 2022-06-23 00:00:00-04:00

Window 32: Train 2020-01-02 00:00:00-05:00 to 2022-06-23 00:00:00-04:00, Test 2022-06-24 00:00:00-04:00 to 2022-07-14 00:00:00-04:00

Window 33: Train 2020-01-02 00:00:00-05:00 to 2022-07-14 00:00:00-04:00, Test 2022-07-15 00:00:00-04:00 to 2022-08-04 00:00:00-04:00

Window 34: Train 2020-01-02 00:00:00-05:00 to 2022-08-04 00:00:00-04:00, Test 2022-08-05 00:00:00-04:00 to 2022-08-25 00:00:00-04:00

Window 35: Train 2020-01-02 00:00:00-05:00 to 2022-08-25 00:00:00-04:00, Test 2022-08-26 00:00:00-04:00 to 2022-09-15 00:00:00-04:00

Window 36: Train 2020-01-02 00:00:00-05:00 to 2022-09-15 00:00:00-04:00, Test 2022-09-16 00:00:00-04:00 to 2022-10-06 00:00:00-04:00

Window 37: Train 2020-01-02 00:00:00-05:00 to 2022-10-06 00:00:00-04:00, Test 2022-10-07 00:00:00-04:00 to 2022-10-27 00:00:00-04:00

Window 38: Train 2020-01-02 00:00:00-05:00 to 2022-10-27 00:00:00-04:00, Test 2022-10-28 00:00:00-04:00 to 2022-11-16 00:00:00-05:00

Window 39: Train 2020-01-02 00:00:00-05:00 to 2022-11-16 00:00:00-05:00, Test 2022-11-17 00:00:00-05:00 to 2022-12-07 00:00:00-05:00

Window 40: Train 2020-01-02 00:00:00-05:00 to 2022-12-07 00:00:00-05:00, Test 2022-12-08 00:00:00-05:00 to 2022-12-28 00:00:00-05:00

Window 41: Train 2020-01-02 00:00:00-05:00 to 2022-12-28 00:00:00-05:00, Test 2022-12-29 00:00:00-05:00 to 2023-01-18 00:00:00-05:00

Window 42: Train 2020-01-02 00:00:00-05:00 to 2023-01-18 00:00:00-05:00, Test 2023-01-19 00:00:00-05:00 to 2023-02-08 00:00:00-05:00

Window 43: Train 2020-01-02 00:00:00-05:00 to 2023-02-08 00:00:00-05:00, Test 2023-02-09 00:00:00-05:00 to 2023-03-01 00:00:00-05:00

Window 44: Train 2020-01-02 00:00:00-05:00 to 2023-03-01 00:00:00-05:00, Test 2023-03-02 00:00:00-05:00 to 2023-03-23 00:00:00-04:00

Window 45: Train 2020-01-02 00:00:00-05:00 to 2023-03-23 00:00:00-04:00, Test 2023-03-24 00:00:00-04:00 to 2023-04-13 00:00:00-04:00

Window 46: Train 2020-01-02 00:00:00-05:00 to 2023-04-13 00:00:00-04:00, Test 2023-04-14 00:00:00-04:00 to 2023-05-04 00:00:00-04:00

Window 47: Train 2020-01-02 00:00:00-05:00 to 2023-05-04 00:00:00-04:00, Test 2023-05-05 00:00:00-04:00 to 2023-05-25 00:00:00-04:00

Window 48: Train 2020-01-02 00:00:00-05:00 to 2023-05-25 00:00:00-04:00, Test 2023-05-26 00:00:00-04:00 to 2023-06-15 00:00:00-04:00

Window 49: Train 2020-01-02 00:00:00-05:00 to 2023-06-15 00:00:00-04:00, Test 2023-06-16 00:00:00-04:00 to 2023-07-06 00:00:00-04:00

Window 50: Train 2020-01-02 00:00:00-05:00 to 2023-07-06 00:00:00-04:00, Test 2023-07-07 00:00:00-04:00 to 2023-07-27 00:00:00-04:00

Window 51: Train 2020-01-02 00:00:00-05:00 to 2023-07-27 00:00:00-04:00, Test 2023-07-28 00:00:00-04:00 to 2023-08-17 00:00:00-04:00

Window 52: Train 2020-01-02 00:00:00-05:00 to 2023-08-17 00:00:00-04:00, Test 2023-08-18 00:00:00-04:00 to 2023-09-07 00:00:00-04:00

Window 53: Train 2020-01-02 00:00:00-05:00 to 2023-09-07 00:00:00-04:00, Test 2023-09-08 00:00:00-04:00 to 2023-09-28 00:00:00-04:00

Window 54: Train 2020-01-02 00:00:00-05:00 to 2023-09-28 00:00:00-04:00, Test 2023-09-29 00:00:00-04:00 to 2023-10-19 00:00:00-04:00

Window 55: Train 2020-01-02 00:00:00-05:00 to 2023-10-19 00:00:00-04:00, Test 2023-10-20 00:00:00-04:00 to 2023-11-08 00:00:00-05:00

Window 56: Train 2020-01-02 00:00:00-05:00 to 2023-11-08 00:00:00-05:00, Test 2023-11-09 00:00:00-05:00 to 2023-11-29 00:00:00-05:00

Window 57: Train 2020-01-02 00:00:00-05:00 to 2023-11-29 00:00:00-05:00, Test 2023-11-30 00:00:00-05:00 to 2023-12-20 00:00:00-05:00
  Trades: 0, Coverage: 0.00%, Accuracy: 0.0000, Return: 0.0000

======================================================================
Testing NVDA
======================================================================
Loading cached data for NVDA
Loading cached data for ^GSPC

[Priority 1] Fetching from Finnhub...
Fetching Finnhub news for NVDA...
No news found for NVDA

[Priority 2] Fetching from NewsAPI (if available)...
Fetching NewsAPI news for NVDA...
⚠ NewsAPI HTTP error: 426 Client Error: Upgrade Required for url: https://newsapi.org/v2/everything?q=NVDA&from=2020-01-01&to=2023-12-31&sortBy=publishedAt&apiKey=9ff201f1e68b4544ab5d358a261f1742&language=en&pageSize=100
⚠ No news data fetched from any source
Training until validation scores don't improve for 10 rounds
Early stopping, best iteration is:
[3]	train's binary_logloss: 0.636359	val's binary_logloss: 0.687242

Window 1: Train 2020-01-02 00:00:00-05:00 to 2020-09-10 00:00:00-04:00, Test 2020-09-11 00:00:00-04:00 to 2020-10-01 00:00:00-04:00

Window 2: Train 2020-01-02 00:00:00-05:00 to 2020-10-01 00:00:00-04:00, Test 2020-10-02 00:00:00-04:00 to 2020-10-22 00:00:00-04:00

Window 3: Train 2020-01-02 00:00:00-05:00 to 2020-10-22 00:00:00-04:00, Test 2020-10-23 00:00:00-04:00 to 2020-11-11 00:00:00-05:00

Window 4: Train 2020-01-02 00:00:00-05:00 to 2020-11-11 00:00:00-05:00, Test 2020-11-12 00:00:00-05:00 to 2020-12-02 00:00:00-05:00

Window 5: Train 2020-01-02 00:00:00-05:00 to 2020-12-02 00:00:00-05:00, Test 2020-12-03 00:00:00-05:00 to 2020-12-23 00:00:00-05:00

Window 6: Train 2020-01-02 00:00:00-05:00 to 2020-12-23 00:00:00-05:00, Test 2020-12-24 00:00:00-05:00 to 2021-01-13 00:00:00-05:00

Window 7: Train 2020-01-02 00:00:00-05:00 to 2021-01-13 00:00:00-05:00, Test 2021-01-14 00:00:00-05:00 to 2021-02-03 00:00:00-05:00

Window 8: Train 2020-01-02 00:00:00-05:00 to 2021-02-03 00:00:00-05:00, Test 2021-02-04 00:00:00-05:00 to 2021-02-24 00:00:00-05:00

Window 9: Train 2020-01-02 00:00:00-05:00 to 2021-02-24 00:00:00-05:00, Test 2021-02-25 00:00:00-05:00 to 2021-03-18 00:00:00-04:00

Window 10: Train 2020-01-02 00:00:00-05:00 to 2021-03-18 00:00:00-04:00, Test 2021-03-19 00:00:00-04:00 to 2021-04-08 00:00:00-04:00

Window 11: Train 2020-01-02 00:00:00-05:00 to 2021-04-08 00:00:00-04:00, Test 2021-04-09 00:00:00-04:00 to 2021-04-29 00:00:00-04:00

Window 12: Train 2020-01-02 00:00:00-05:00 to 2021-04-29 00:00:00-04:00, Test 2021-04-30 00:00:00-04:00 to 2021-05-20 00:00:00-04:00

Window 13: Train 2020-01-02 00:00:00-05:00 to 2021-05-20 00:00:00-04:00, Test 2021-05-21 00:00:00-04:00 to 2021-06-10 00:00:00-04:00

Window 14: Train 2020-01-02 00:00:00-05:00 to 2021-06-10 00:00:00-04:00, Test 2021-06-11 00:00:00-04:00 to 2021-07-01 00:00:00-04:00

Window 15: Train 2020-01-02 00:00:00-05:00 to 2021-07-01 00:00:00-04:00, Test 2021-07-02 00:00:00-04:00 to 2021-07-22 00:00:00-04:00

Window 16: Train 2020-01-02 00:00:00-05:00 to 2021-07-22 00:00:00-04:00, Test 2021-07-23 00:00:00-04:00 to 2021-08-12 00:00:00-04:00

Window 17: Train 2020-01-02 00:00:00-05:00 to 2021-08-12 00:00:00-04:00, Test 2021-08-13 00:00:00-04:00 to 2021-09-02 00:00:00-04:00

Window 18: Train 2020-01-02 00:00:00-05:00 to 2021-09-02 00:00:00-04:00, Test 2021-09-03 00:00:00-04:00 to 2021-09-23 00:00:00-04:00

Window 19: Train 2020-01-02 00:00:00-05:00 to 2021-09-23 00:00:00-04:00, Test 2021-09-24 00:00:00-04:00 to 2021-10-14 00:00:00-04:00

Window 20: Train 2020-01-02 00:00:00-05:00 to 2021-10-14 00:00:00-04:00, Test 2021-10-15 00:00:00-04:00 to 2021-11-04 00:00:00-04:00

Window 21: Train 2020-01-02 00:00:00-05:00 to 2021-11-04 00:00:00-04:00, Test 2021-11-05 00:00:00-04:00 to 2021-11-24 00:00:00-05:00

Window 22: Train 2020-01-02 00:00:00-05:00 to 2021-11-24 00:00:00-05:00, Test 2021-11-26 00:00:00-05:00 to 2021-12-15 00:00:00-05:00

Window 23: Train 2020-01-02 00:00:00-05:00 to 2021-12-15 00:00:00-05:00, Test 2021-12-16 00:00:00-05:00 to 2022-01-05 00:00:00-05:00

Window 24: Train 2020-01-02 00:00:00-05:00 to 2022-01-05 00:00:00-05:00, Test 2022-01-06 00:00:00-05:00 to 2022-01-26 00:00:00-05:00

Window 25: Train 2020-01-02 00:00:00-05:00 to 2022-01-26 00:00:00-05:00, Test 2022-01-27 00:00:00-05:00 to 2022-02-16 00:00:00-05:00

Window 26: Train 2020-01-02 00:00:00-05:00 to 2022-02-16 00:00:00-05:00, Test 2022-02-17 00:00:00-05:00 to 2022-03-09 00:00:00-05:00

Window 27: Train 2020-01-02 00:00:00-05:00 to 2022-03-09 00:00:00-05:00, Test 2022-03-10 00:00:00-05:00 to 2022-03-31 00:00:00-04:00

Window 28: Train 2020-01-02 00:00:00-05:00 to 2022-03-31 00:00:00-04:00, Test 2022-04-01 00:00:00-04:00 to 2022-04-21 00:00:00-04:00

Window 29: Train 2020-01-02 00:00:00-05:00 to 2022-04-21 00:00:00-04:00, Test 2022-04-22 00:00:00-04:00 to 2022-05-12 00:00:00-04:00

Window 30: Train 2020-01-02 00:00:00-05:00 to 2022-05-12 00:00:00-04:00, Test 2022-05-13 00:00:00-04:00 to 2022-06-02 00:00:00-04:00

Window 31: Train 2020-01-02 00:00:00-05:00 to 2022-06-02 00:00:00-04:00, Test 2022-06-03 00:00:00-04:00 to 2022-06-23 00:00:00-04:00

Window 32: Train 2020-01-02 00:00:00-05:00 to 2022-06-23 00:00:00-04:00, Test 2022-06-24 00:00:00-04:00 to 2022-07-14 00:00:00-04:00

Window 33: Train 2020-01-02 00:00:00-05:00 to 2022-07-14 00:00:00-04:00, Test 2022-07-15 00:00:00-04:00 to 2022-08-04 00:00:00-04:00

Window 34: Train 2020-01-02 00:00:00-05:00 to 2022-08-04 00:00:00-04:00, Test 2022-08-05 00:00:00-04:00 to 2022-08-25 00:00:00-04:00

Window 35: Train 2020-01-02 00:00:00-05:00 to 2022-08-25 00:00:00-04:00, Test 2022-08-26 00:00:00-04:00 to 2022-09-15 00:00:00-04:00

Window 36: Train 2020-01-02 00:00:00-05:00 to 2022-09-15 00:00:00-04:00, Test 2022-09-16 00:00:00-04:00 to 2022-10-06 00:00:00-04:00

Window 37: Train 2020-01-02 00:00:00-05:00 to 2022-10-06 00:00:00-04:00, Test 2022-10-07 00:00:00-04:00 to 2022-10-27 00:00:00-04:00

Window 38: Train 2020-01-02 00:00:00-05:00 to 2022-10-27 00:00:00-04:00, Test 2022-10-28 00:00:00-04:00 to 2022-11-16 00:00:00-05:00

Window 39: Train 2020-01-02 00:00:00-05:00 to 2022-11-16 00:00:00-05:00, Test 2022-11-17 00:00:00-05:00 to 2022-12-07 00:00:00-05:00

Window 40: Train 2020-01-02 00:00:00-05:00 to 2022-12-07 00:00:00-05:00, Test 2022-12-08 00:00:00-05:00 to 2022-12-28 00:00:00-05:00

Window 41: Train 2020-01-02 00:00:00-05:00 to 2022-12-28 00:00:00-05:00, Test 2022-12-29 00:00:00-05:00 to 2023-01-18 00:00:00-05:00

Window 42: Train 2020-01-02 00:00:00-05:00 to 2023-01-18 00:00:00-05:00, Test 2023-01-19 00:00:00-05:00 to 2023-02-08 00:00:00-05:00

Window 43: Train 2020-01-02 00:00:00-05:00 to 2023-02-08 00:00:00-05:00, Test 2023-02-09 00:00:00-05:00 to 2023-03-01 00:00:00-05:00

Window 44: Train 2020-01-02 00:00:00-05:00 to 2023-03-01 00:00:00-05:00, Test 2023-03-02 00:00:00-05:00 to 2023-03-23 00:00:00-04:00

Window 45: Train 2020-01-02 00:00:00-05:00 to 2023-03-23 00:00:00-04:00, Test 2023-03-24 00:00:00-04:00 to 2023-04-13 00:00:00-04:00

Window 46: Train 2020-01-02 00:00:00-05:00 to 2023-04-13 00:00:00-04:00, Test 2023-04-14 00:00:00-04:00 to 2023-05-04 00:00:00-04:00

Window 47: Train 2020-01-02 00:00:00-05:00 to 2023-05-04 00:00:00-04:00, Test 2023-05-05 00:00:00-04:00 to 2023-05-25 00:00:00-04:00

Window 48: Train 2020-01-02 00:00:00-05:00 to 2023-05-25 00:00:00-04:00, Test 2023-05-26 00:00:00-04:00 to 2023-06-15 00:00:00-04:00

Window 49: Train 2020-01-02 00:00:00-05:00 to 2023-06-15 00:00:00-04:00, Test 2023-06-16 00:00:00-04:00 to 2023-07-06 00:00:00-04:00

Window 50: Train 2020-01-02 00:00:00-05:00 to 2023-07-06 00:00:00-04:00, Test 2023-07-07 00:00:00-04:00 to 2023-07-27 00:00:00-04:00

Window 51: Train 2020-01-02 00:00:00-05:00 to 2023-07-27 00:00:00-04:00, Test 2023-07-28 00:00:00-04:00 to 2023-08-17 00:00:00-04:00

Window 52: Train 2020-01-02 00:00:00-05:00 to 2023-08-17 00:00:00-04:00, Test 2023-08-18 00:00:00-04:00 to 2023-09-07 00:00:00-04:00

Window 53: Train 2020-01-02 00:00:00-05:00 to 2023-09-07 00:00:00-04:00, Test 2023-09-08 00:00:00-04:00 to 2023-09-28 00:00:00-04:00

Window 54: Train 2020-01-02 00:00:00-05:00 to 2023-09-28 00:00:00-04:00, Test 2023-09-29 00:00:00-04:00 to 2023-10-19 00:00:00-04:00

Window 55: Train 2020-01-02 00:00:00-05:00 to 2023-10-19 00:00:00-04:00, Test 2023-10-20 00:00:00-04:00 to 2023-11-08 00:00:00-05:00

Window 56: Train 2020-01-02 00:00:00-05:00 to 2023-11-08 00:00:00-05:00, Test 2023-11-09 00:00:00-05:00 to 2023-11-29 00:00:00-05:00

Window 57: Train 2020-01-02 00:00:00-05:00 to 2023-11-29 00:00:00-05:00, Test 2023-11-30 00:00:00-05:00 to 2023-12-20 00:00:00-05:00
  Trades: 0, Coverage: 0.00%, Accuracy: 0.0000, Return: 0.0000

======================================================================
Testing AMZN
======================================================================
Loading cached data for AMZN
Loading cached data for ^GSPC

[Priority 1] Fetching from Finnhub...
Fetching Finnhub news for AMZN...
No news found for AMZN

[Priority 2] Fetching from NewsAPI (if available)...
Fetching NewsAPI news for AMZN...
⚠ NewsAPI HTTP error: 426 Client Error: Upgrade Required for url: https://newsapi.org/v2/everything?q=AMZN&from=2020-01-01&to=2023-12-31&sortBy=publishedAt&apiKey=9ff201f1e68b4544ab5d358a261f1742&language=en&pageSize=100
⚠ No news data fetched from any source
Training until validation scores don't improve for 10 rounds
Early stopping, best iteration is:
[3]	train's binary_logloss: 0.646153	val's binary_logloss: 0.677517

Window 1: Train 2020-01-02 00:00:00-05:00 to 2020-09-10 00:00:00-04:00, Test 2020-09-11 00:00:00-04:00 to 2020-10-01 00:00:00-04:00

Window 2: Train 2020-01-02 00:00:00-05:00 to 2020-10-01 00:00:00-04:00, Test 2020-10-02 00:00:00-04:00 to 2020-10-22 00:00:00-04:00

Window 3: Train 2020-01-02 00:00:00-05:00 to 2020-10-22 00:00:00-04:00, Test 2020-10-23 00:00:00-04:00 to 2020-11-11 00:00:00-05:00

Window 4: Train 2020-01-02 00:00:00-05:00 to 2020-11-11 00:00:00-05:00, Test 2020-11-12 00:00:00-05:00 to 2020-12-02 00:00:00-05:00

Window 5: Train 2020-01-02 00:00:00-05:00 to 2020-12-02 00:00:00-05:00, Test 2020-12-03 00:00:00-05:00 to 2020-12-23 00:00:00-05:00

Window 6: Train 2020-01-02 00:00:00-05:00 to 2020-12-23 00:00:00-05:00, Test 2020-12-24 00:00:00-05:00 to 2021-01-13 00:00:00-05:00

Window 7: Train 2020-01-02 00:00:00-05:00 to 2021-01-13 00:00:00-05:00, Test 2021-01-14 00:00:00-05:00 to 2021-02-03 00:00:00-05:00

Window 8: Train 2020-01-02 00:00:00-05:00 to 2021-02-03 00:00:00-05:00, Test 2021-02-04 00:00:00-05:00 to 2021-02-24 00:00:00-05:00

Window 9: Train 2020-01-02 00:00:00-05:00 to 2021-02-24 00:00:00-05:00, Test 2021-02-25 00:00:00-05:00 to 2021-03-18 00:00:00-04:00

Window 10: Train 2020-01-02 00:00:00-05:00 to 2021-03-18 00:00:00-04:00, Test 2021-03-19 00:00:00-04:00 to 2021-04-08 00:00:00-04:00

Window 11: Train 2020-01-02 00:00:00-05:00 to 2021-04-08 00:00:00-04:00, Test 2021-04-09 00:00:00-04:00 to 2021-04-29 00:00:00-04:00

Window 12: Train 2020-01-02 00:00:00-05:00 to 2021-04-29 00:00:00-04:00, Test 2021-04-30 00:00:00-04:00 to 2021-05-20 00:00:00-04:00

Window 13: Train 2020-01-02 00:00:00-05:00 to 2021-05-20 00:00:00-04:00, Test 2021-05-21 00:00:00-04:00 to 2021-06-10 00:00:00-04:00

Window 14: Train 2020-01-02 00:00:00-05:00 to 2021-06-10 00:00:00-04:00, Test 2021-06-11 00:00:00-04:00 to 2021-07-01 00:00:00-04:00

Window 15: Train 2020-01-02 00:00:00-05:00 to 2021-07-01 00:00:00-04:00, Test 2021-07-02 00:00:00-04:00 to 2021-07-22 00:00:00-04:00

Window 16: Train 2020-01-02 00:00:00-05:00 to 2021-07-22 00:00:00-04:00, Test 2021-07-23 00:00:00-04:00 to 2021-08-12 00:00:00-04:00

Window 17: Train 2020-01-02 00:00:00-05:00 to 2021-08-12 00:00:00-04:00, Test 2021-08-13 00:00:00-04:00 to 2021-09-02 00:00:00-04:00

Window 18: Train 2020-01-02 00:00:00-05:00 to 2021-09-02 00:00:00-04:00, Test 2021-09-03 00:00:00-04:00 to 2021-09-23 00:00:00-04:00

Window 19: Train 2020-01-02 00:00:00-05:00 to 2021-09-23 00:00:00-04:00, Test 2021-09-24 00:00:00-04:00 to 2021-10-14 00:00:00-04:00

Window 20: Train 2020-01-02 00:00:00-05:00 to 2021-10-14 00:00:00-04:00, Test 2021-10-15 00:00:00-04:00 to 2021-11-04 00:00:00-04:00

Window 21: Train 2020-01-02 00:00:00-05:00 to 2021-11-04 00:00:00-04:00, Test 2021-11-05 00:00:00-04:00 to 2021-11-24 00:00:00-05:00

Window 22: Train 2020-01-02 00:00:00-05:00 to 2021-11-24 00:00:00-05:00, Test 2021-11-26 00:00:00-05:00 to 2021-12-15 00:00:00-05:00

Window 23: Train 2020-01-02 00:00:00-05:00 to 2021-12-15 00:00:00-05:00, Test 2021-12-16 00:00:00-05:00 to 2022-01-05 00:00:00-05:00

Window 24: Train 2020-01-02 00:00:00-05:00 to 2022-01-05 00:00:00-05:00, Test 2022-01-06 00:00:00-05:00 to 2022-01-26 00:00:00-05:00

Window 25: Train 2020-01-02 00:00:00-05:00 to 2022-01-26 00:00:00-05:00, Test 2022-01-27 00:00:00-05:00 to 2022-02-16 00:00:00-05:00

Window 26: Train 2020-01-02 00:00:00-05:00 to 2022-02-16 00:00:00-05:00, Test 2022-02-17 00:00:00-05:00 to 2022-03-09 00:00:00-05:00

Window 27: Train 2020-01-02 00:00:00-05:00 to 2022-03-09 00:00:00-05:00, Test 2022-03-10 00:00:00-05:00 to 2022-03-31 00:00:00-04:00

Window 28: Train 2020-01-02 00:00:00-05:00 to 2022-03-31 00:00:00-04:00, Test 2022-04-01 00:00:00-04:00 to 2022-04-21 00:00:00-04:00

Window 29: Train 2020-01-02 00:00:00-05:00 to 2022-04-21 00:00:00-04:00, Test 2022-04-22 00:00:00-04:00 to 2022-05-12 00:00:00-04:00

Window 30: Train 2020-01-02 00:00:00-05:00 to 2022-05-12 00:00:00-04:00, Test 2022-05-13 00:00:00-04:00 to 2022-06-02 00:00:00-04:00

Window 31: Train 2020-01-02 00:00:00-05:00 to 2022-06-02 00:00:00-04:00, Test 2022-06-03 00:00:00-04:00 to 2022-06-23 00:00:00-04:00

Window 32: Train 2020-01-02 00:00:00-05:00 to 2022-06-23 00:00:00-04:00, Test 2022-06-24 00:00:00-04:00 to 2022-07-14 00:00:00-04:00

Window 33: Train 2020-01-02 00:00:00-05:00 to 2022-07-14 00:00:00-04:00, Test 2022-07-15 00:00:00-04:00 to 2022-08-04 00:00:00-04:00

Window 34: Train 2020-01-02 00:00:00-05:00 to 2022-08-04 00:00:00-04:00, Test 2022-08-05 00:00:00-04:00 to 2022-08-25 00:00:00-04:00

Window 35: Train 2020-01-02 00:00:00-05:00 to 2022-08-25 00:00:00-04:00, Test 2022-08-26 00:00:00-04:00 to 2022-09-15 00:00:00-04:00

Window 36: Train 2020-01-02 00:00:00-05:00 to 2022-09-15 00:00:00-04:00, Test 2022-09-16 00:00:00-04:00 to 2022-10-06 00:00:00-04:00

Window 37: Train 2020-01-02 00:00:00-05:00 to 2022-10-06 00:00:00-04:00, Test 2022-10-07 00:00:00-04:00 to 2022-10-27 00:00:00-04:00

Window 38: Train 2020-01-02 00:00:00-05:00 to 2022-10-27 00:00:00-04:00, Test 2022-10-28 00:00:00-04:00 to 2022-11-16 00:00:00-05:00

Window 39: Train 2020-01-02 00:00:00-05:00 to 2022-11-16 00:00:00-05:00, Test 2022-11-17 00:00:00-05:00 to 2022-12-07 00:00:00-05:00

Window 40: Train 2020-01-02 00:00:00-05:00 to 2022-12-07 00:00:00-05:00, Test 2022-12-08 00:00:00-05:00 to 2022-12-28 00:00:00-05:00

Window 41: Train 2020-01-02 00:00:00-05:00 to 2022-12-28 00:00:00-05:00, Test 2022-12-29 00:00:00-05:00 to 2023-01-18 00:00:00-05:00

Window 42: Train 2020-01-02 00:00:00-05:00 to 2023-01-18 00:00:00-05:00, Test 2023-01-19 00:00:00-05:00 to 2023-02-08 00:00:00-05:00

Window 43: Train 2020-01-02 00:00:00-05:00 to 2023-02-08 00:00:00-05:00, Test 2023-02-09 00:00:00-05:00 to 2023-03-01 00:00:00-05:00

Window 44: Train 2020-01-02 00:00:00-05:00 to 2023-03-01 00:00:00-05:00, Test 2023-03-02 00:00:00-05:00 to 2023-03-23 00:00:00-04:00

Window 45: Train 2020-01-02 00:00:00-05:00 to 2023-03-23 00:00:00-04:00, Test 2023-03-24 00:00:00-04:00 to 2023-04-13 00:00:00-04:00

Window 46: Train 2020-01-02 00:00:00-05:00 to 2023-04-13 00:00:00-04:00, Test 2023-04-14 00:00:00-04:00 to 2023-05-04 00:00:00-04:00

Window 47: Train 2020-01-02 00:00:00-05:00 to 2023-05-04 00:00:00-04:00, Test 2023-05-05 00:00:00-04:00 to 2023-05-25 00:00:00-04:00

Window 48: Train 2020-01-02 00:00:00-05:00 to 2023-05-25 00:00:00-04:00, Test 2023-05-26 00:00:00-04:00 to 2023-06-15 00:00:00-04:00

Window 49: Train 2020-01-02 00:00:00-05:00 to 2023-06-15 00:00:00-04:00, Test 2023-06-16 00:00:00-04:00 to 2023-07-06 00:00:00-04:00

Window 50: Train 2020-01-02 00:00:00-05:00 to 2023-07-06 00:00:00-04:00, Test 2023-07-07 00:00:00-04:00 to 2023-07-27 00:00:00-04:00

Window 51: Train 2020-01-02 00:00:00-05:00 to 2023-07-27 00:00:00-04:00, Test 2023-07-28 00:00:00-04:00 to 2023-08-17 00:00:00-04:00

Window 52: Train 2020-01-02 00:00:00-05:00 to 2023-08-17 00:00:00-04:00, Test 2023-08-18 00:00:00-04:00 to 2023-09-07 00:00:00-04:00

Window 53: Train 2020-01-02 00:00:00-05:00 to 2023-09-07 00:00:00-04:00, Test 2023-09-08 00:00:00-04:00 to 2023-09-28 00:00:00-04:00

Window 54: Train 2020-01-02 00:00:00-05:00 to 2023-09-28 00:00:00-04:00, Test 2023-09-29 00:00:00-04:00 to 2023-10-19 00:00:00-04:00

Window 55: Train 2020-01-02 00:00:00-05:00 to 2023-10-19 00:00:00-04:00, Test 2023-10-20 00:00:00-04:00 to 2023-11-08 00:00:00-05:00

Window 56: Train 2020-01-02 00:00:00-05:00 to 2023-11-08 00:00:00-05:00, Test 2023-11-09 00:00:00-05:00 to 2023-11-29 00:00:00-05:00

Window 57: Train 2020-01-02 00:00:00-05:00 to 2023-11-29 00:00:00-05:00, Test 2023-11-30 00:00:00-05:00 to 2023-12-20 00:00:00-05:00
  Trades: 0, Coverage: 0.00%, Accuracy: 0.0000, Return: 0.0000

======================================================================
Testing META
======================================================================
Loading cached data for META
Loading cached data for ^GSPC

[Priority 1] Fetching from Finnhub...
Fetching Finnhub news for META...
No news found for META

[Priority 2] Fetching from NewsAPI (if available)...
Fetching NewsAPI news for META...
⚠ NewsAPI HTTP error: 426 Client Error: Upgrade Required for url: https://newsapi.org/v2/everything?q=META&from=2020-01-01&to=2023-12-31&sortBy=publishedAt&apiKey=9ff201f1e68b4544ab5d358a261f1742&language=en&pageSize=100
⚠ No news data fetched from any source
Training until validation scores don't improve for 10 rounds
Early stopping, best iteration is:
[1]	train's binary_logloss: 0.676643	val's binary_logloss: 0.697159

Window 1: Train 2020-01-02 00:00:00-05:00 to 2020-09-10 00:00:00-04:00, Test 2020-09-11 00:00:00-04:00 to 2020-10-01 00:00:00-04:00

Window 2: Train 2020-01-02 00:00:00-05:00 to 2020-10-01 00:00:00-04:00, Test 2020-10-02 00:00:00-04:00 to 2020-10-22 00:00:00-04:00

Window 3: Train 2020-01-02 00:00:00-05:00 to 2020-10-22 00:00:00-04:00, Test 2020-10-23 00:00:00-04:00 to 2020-11-11 00:00:00-05:00

Window 4: Train 2020-01-02 00:00:00-05:00 to 2020-11-11 00:00:00-05:00, Test 2020-11-12 00:00:00-05:00 to 2020-12-02 00:00:00-05:00

Window 5: Train 2020-01-02 00:00:00-05:00 to 2020-12-02 00:00:00-05:00, Test 2020-12-03 00:00:00-05:00 to 2020-12-23 00:00:00-05:00

Window 6: Train 2020-01-02 00:00:00-05:00 to 2020-12-23 00:00:00-05:00, Test 2020-12-24 00:00:00-05:00 to 2021-01-13 00:00:00-05:00

Window 7: Train 2020-01-02 00:00:00-05:00 to 2021-01-13 00:00:00-05:00, Test 2021-01-14 00:00:00-05:00 to 2021-02-03 00:00:00-05:00

Window 8: Train 2020-01-02 00:00:00-05:00 to 2021-02-03 00:00:00-05:00, Test 2021-02-04 00:00:00-05:00 to 2021-02-24 00:00:00-05:00

Window 9: Train 2020-01-02 00:00:00-05:00 to 2021-02-24 00:00:00-05:00, Test 2021-02-25 00:00:00-05:00 to 2021-03-18 00:00:00-04:00

Window 10: Train 2020-01-02 00:00:00-05:00 to 2021-03-18 00:00:00-04:00, Test 2021-03-19 00:00:00-04:00 to 2021-04-08 00:00:00-04:00

Window 11: Train 2020-01-02 00:00:00-05:00 to 2021-04-08 00:00:00-04:00, Test 2021-04-09 00:00:00-04:00 to 2021-04-29 00:00:00-04:00

Window 12: Train 2020-01-02 00:00:00-05:00 to 2021-04-29 00:00:00-04:00, Test 2021-04-30 00:00:00-04:00 to 2021-05-20 00:00:00-04:00

Window 13: Train 2020-01-02 00:00:00-05:00 to 2021-05-20 00:00:00-04:00, Test 2021-05-21 00:00:00-04:00 to 2021-06-10 00:00:00-04:00

Window 14: Train 2020-01-02 00:00:00-05:00 to 2021-06-10 00:00:00-04:00, Test 2021-06-11 00:00:00-04:00 to 2021-07-01 00:00:00-04:00

Window 15: Train 2020-01-02 00:00:00-05:00 to 2021-07-01 00:00:00-04:00, Test 2021-07-02 00:00:00-04:00 to 2021-07-22 00:00:00-04:00

Window 16: Train 2020-01-02 00:00:00-05:00 to 2021-07-22 00:00:00-04:00, Test 2021-07-23 00:00:00-04:00 to 2021-08-12 00:00:00-04:00

Window 17: Train 2020-01-02 00:00:00-05:00 to 2021-08-12 00:00:00-04:00, Test 2021-08-13 00:00:00-04:00 to 2021-09-02 00:00:00-04:00

Window 18: Train 2020-01-02 00:00:00-05:00 to 2021-09-02 00:00:00-04:00, Test 2021-09-03 00:00:00-04:00 to 2021-09-23 00:00:00-04:00

Window 19: Train 2020-01-02 00:00:00-05:00 to 2021-09-23 00:00:00-04:00, Test 2021-09-24 00:00:00-04:00 to 2021-10-14 00:00:00-04:00

Window 20: Train 2020-01-02 00:00:00-05:00 to 2021-10-14 00:00:00-04:00, Test 2021-10-15 00:00:00-04:00 to 2021-11-04 00:00:00-04:00

Window 21: Train 2020-01-02 00:00:00-05:00 to 2021-11-04 00:00:00-04:00, Test 2021-11-05 00:00:00-04:00 to 2021-11-24 00:00:00-05:00

Window 22: Train 2020-01-02 00:00:00-05:00 to 2021-11-24 00:00:00-05:00, Test 2021-11-26 00:00:00-05:00 to 2021-12-15 00:00:00-05:00

Window 23: Train 2020-01-02 00:00:00-05:00 to 2021-12-15 00:00:00-05:00, Test 2021-12-16 00:00:00-05:00 to 2022-01-05 00:00:00-05:00

Window 24: Train 2020-01-02 00:00:00-05:00 to 2022-01-05 00:00:00-05:00, Test 2022-01-06 00:00:00-05:00 to 2022-01-26 00:00:00-05:00

Window 25: Train 2020-01-02 00:00:00-05:00 to 2022-01-26 00:00:00-05:00, Test 2022-01-27 00:00:00-05:00 to 2022-02-16 00:00:00-05:00

Window 26: Train 2020-01-02 00:00:00-05:00 to 2022-02-16 00:00:00-05:00, Test 2022-02-17 00:00:00-05:00 to 2022-03-09 00:00:00-05:00

Window 27: Train 2020-01-02 00:00:00-05:00 to 2022-03-09 00:00:00-05:00, Test 2022-03-10 00:00:00-05:00 to 2022-03-31 00:00:00-04:00

Window 28: Train 2020-01-02 00:00:00-05:00 to 2022-03-31 00:00:00-04:00, Test 2022-04-01 00:00:00-04:00 to 2022-04-21 00:00:00-04:00

Window 29: Train 2020-01-02 00:00:00-05:00 to 2022-04-21 00:00:00-04:00, Test 2022-04-22 00:00:00-04:00 to 2022-05-12 00:00:00-04:00

Window 30: Train 2020-01-02 00:00:00-05:00 to 2022-05-12 00:00:00-04:00, Test 2022-05-13 00:00:00-04:00 to 2022-06-02 00:00:00-04:00

Window 31: Train 2020-01-02 00:00:00-05:00 to 2022-06-02 00:00:00-04:00, Test 2022-06-03 00:00:00-04:00 to 2022-06-23 00:00:00-04:00

Window 32: Train 2020-01-02 00:00:00-05:00 to 2022-06-23 00:00:00-04:00, Test 2022-06-24 00:00:00-04:00 to 2022-07-14 00:00:00-04:00

Window 33: Train 2020-01-02 00:00:00-05:00 to 2022-07-14 00:00:00-04:00, Test 2022-07-15 00:00:00-04:00 to 2022-08-04 00:00:00-04:00

Window 34: Train 2020-01-02 00:00:00-05:00 to 2022-08-04 00:00:00-04:00, Test 2022-08-05 00:00:00-04:00 to 2022-08-25 00:00:00-04:00

Window 35: Train 2020-01-02 00:00:00-05:00 to 2022-08-25 00:00:00-04:00, Test 2022-08-26 00:00:00-04:00 to 2022-09-15 00:00:00-04:00

Window 36: Train 2020-01-02 00:00:00-05:00 to 2022-09-15 00:00:00-04:00, Test 2022-09-16 00:00:00-04:00 to 2022-10-06 00:00:00-04:00

Window 37: Train 2020-01-02 00:00:00-05:00 to 2022-10-06 00:00:00-04:00, Test 2022-10-07 00:00:00-04:00 to 2022-10-27 00:00:00-04:00

Window 38: Train 2020-01-02 00:00:00-05:00 to 2022-10-27 00:00:00-04:00, Test 2022-10-28 00:00:00-04:00 to 2022-11-16 00:00:00-05:00

Window 39: Train 2020-01-02 00:00:00-05:00 to 2022-11-16 00:00:00-05:00, Test 2022-11-17 00:00:00-05:00 to 2022-12-07 00:00:00-05:00

Window 40: Train 2020-01-02 00:00:00-05:00 to 2022-12-07 00:00:00-05:00, Test 2022-12-08 00:00:00-05:00 to 2022-12-28 00:00:00-05:00

Window 41: Train 2020-01-02 00:00:00-05:00 to 2022-12-28 00:00:00-05:00, Test 2022-12-29 00:00:00-05:00 to 2023-01-18 00:00:00-05:00

Window 42: Train 2020-01-02 00:00:00-05:00 to 2023-01-18 00:00:00-05:00, Test 2023-01-19 00:00:00-05:00 to 2023-02-08 00:00:00-05:00

Window 43: Train 2020-01-02 00:00:00-05:00 to 2023-02-08 00:00:00-05:00, Test 2023-02-09 00:00:00-05:00 to 2023-03-01 00:00:00-05:00

Window 44: Train 2020-01-02 00:00:00-05:00 to 2023-03-01 00:00:00-05:00, Test 2023-03-02 00:00:00-05:00 to 2023-03-23 00:00:00-04:00

Window 45: Train 2020-01-02 00:00:00-05:00 to 2023-03-23 00:00:00-04:00, Test 2023-03-24 00:00:00-04:00 to 2023-04-13 00:00:00-04:00

Window 46: Train 2020-01-02 00:00:00-05:00 to 2023-04-13 00:00:00-04:00, Test 2023-04-14 00:00:00-04:00 to 2023-05-04 00:00:00-04:00

Window 47: Train 2020-01-02 00:00:00-05:00 to 2023-05-04 00:00:00-04:00, Test 2023-05-05 00:00:00-04:00 to 2023-05-25 00:00:00-04:00

Window 48: Train 2020-01-02 00:00:00-05:00 to 2023-05-25 00:00:00-04:00, Test 2023-05-26 00:00:00-04:00 to 2023-06-15 00:00:00-04:00

Window 49: Train 2020-01-02 00:00:00-05:00 to 2023-06-15 00:00:00-04:00, Test 2023-06-16 00:00:00-04:00 to 2023-07-06 00:00:00-04:00

Window 50: Train 2020-01-02 00:00:00-05:00 to 2023-07-06 00:00:00-04:00, Test 2023-07-07 00:00:00-04:00 to 2023-07-27 00:00:00-04:00

Window 51: Train 2020-01-02 00:00:00-05:00 to 2023-07-27 00:00:00-04:00, Test 2023-07-28 00:00:00-04:00 to 2023-08-17 00:00:00-04:00

Window 52: Train 2020-01-02 00:00:00-05:00 to 2023-08-17 00:00:00-04:00, Test 2023-08-18 00:00:00-04:00 to 2023-09-07 00:00:00-04:00

Window 53: Train 2020-01-02 00:00:00-05:00 to 2023-09-07 00:00:00-04:00, Test 2023-09-08 00:00:00-04:00 to 2023-09-28 00:00:00-04:00

Window 54: Train 2020-01-02 00:00:00-05:00 to 2023-09-28 00:00:00-04:00, Test 2023-09-29 00:00:00-04:00 to 2023-10-19 00:00:00-04:00

Window 55: Train 2020-01-02 00:00:00-05:00 to 2023-10-19 00:00:00-04:00, Test 2023-10-20 00:00:00-04:00 to 2023-11-08 00:00:00-05:00

Window 56: Train 2020-01-02 00:00:00-05:00 to 2023-11-08 00:00:00-05:00, Test 2023-11-09 00:00:00-05:00 to 2023-11-29 00:00:00-05:00

Window 57: Train 2020-01-02 00:00:00-05:00 to 2023-11-29 00:00:00-05:00, Test 2023-11-30 00:00:00-05:00 to 2023-12-20 00:00:00-05:00
  Trades: 0, Coverage: 0.00%, Accuracy: 0.0000, Return: 0.0000

======================================================================
Testing TSLA
======================================================================
Loading cached data for TSLA
Loading cached data for ^GSPC

[Priority 1] Fetching from Finnhub...
Fetching Finnhub news for TSLA...
No news found for TSLA

[Priority 2] Fetching from NewsAPI (if available)...
Fetching NewsAPI news for TSLA...
⚠ NewsAPI HTTP error: 426 Client Error: Upgrade Required for url: https://newsapi.org/v2/everything?q=TSLA&from=2020-01-01&to=2023-12-31&sortBy=publishedAt&apiKey=9ff201f1e68b4544ab5d358a261f1742&language=en&pageSize=100
⚠ No news data fetched from any source
Training until validation scores don't improve for 10 rounds
Early stopping, best iteration is:
[1]	train's binary_logloss: 0.667959	val's binary_logloss: 0.695641

Window 1: Train 2020-01-02 00:00:00-05:00 to 2020-09-10 00:00:00-04:00, Test 2020-09-11 00:00:00-04:00 to 2020-10-01 00:00:00-04:00

Window 2: Train 2020-01-02 00:00:00-05:00 to 2020-10-01 00:00:00-04:00, Test 2020-10-02 00:00:00-04:00 to 2020-10-22 00:00:00-04:00

Window 3: Train 2020-01-02 00:00:00-05:00 to 2020-10-22 00:00:00-04:00, Test 2020-10-23 00:00:00-04:00 to 2020-11-11 00:00:00-05:00

Window 4: Train 2020-01-02 00:00:00-05:00 to 2020-11-11 00:00:00-05:00, Test 2020-11-12 00:00:00-05:00 to 2020-12-02 00:00:00-05:00

Window 5: Train 2020-01-02 00:00:00-05:00 to 2020-12-02 00:00:00-05:00, Test 2020-12-03 00:00:00-05:00 to 2020-12-23 00:00:00-05:00

Window 6: Train 2020-01-02 00:00:00-05:00 to 2020-12-23 00:00:00-05:00, Test 2020-12-24 00:00:00-05:00 to 2021-01-13 00:00:00-05:00

Window 7: Train 2020-01-02 00:00:00-05:00 to 2021-01-13 00:00:00-05:00, Test 2021-01-14 00:00:00-05:00 to 2021-02-03 00:00:00-05:00

Window 8: Train 2020-01-02 00:00:00-05:00 to 2021-02-03 00:00:00-05:00, Test 2021-02-04 00:00:00-05:00 to 2021-02-24 00:00:00-05:00

Window 9: Train 2020-01-02 00:00:00-05:00 to 2021-02-24 00:00:00-05:00, Test 2021-02-25 00:00:00-05:00 to 2021-03-18 00:00:00-04:00

Window 10: Train 2020-01-02 00:00:00-05:00 to 2021-03-18 00:00:00-04:00, Test 2021-03-19 00:00:00-04:00 to 2021-04-08 00:00:00-04:00

Window 11: Train 2020-01-02 00:00:00-05:00 to 2021-04-08 00:00:00-04:00, Test 2021-04-09 00:00:00-04:00 to 2021-04-29 00:00:00-04:00

Window 12: Train 2020-01-02 00:00:00-05:00 to 2021-04-29 00:00:00-04:00, Test 2021-04-30 00:00:00-04:00 to 2021-05-20 00:00:00-04:00

Window 13: Train 2020-01-02 00:00:00-05:00 to 2021-05-20 00:00:00-04:00, Test 2021-05-21 00:00:00-04:00 to 2021-06-10 00:00:00-04:00

Window 14: Train 2020-01-02 00:00:00-05:00 to 2021-06-10 00:00:00-04:00, Test 2021-06-11 00:00:00-04:00 to 2021-07-01 00:00:00-04:00

Window 15: Train 2020-01-02 00:00:00-05:00 to 2021-07-01 00:00:00-04:00, Test 2021-07-02 00:00:00-04:00 to 2021-07-22 00:00:00-04:00

Window 16: Train 2020-01-02 00:00:00-05:00 to 2021-07-22 00:00:00-04:00, Test 2021-07-23 00:00:00-04:00 to 2021-08-12 00:00:00-04:00

Window 17: Train 2020-01-02 00:00:00-05:00 to 2021-08-12 00:00:00-04:00, Test 2021-08-13 00:00:00-04:00 to 2021-09-02 00:00:00-04:00

Window 18: Train 2020-01-02 00:00:00-05:00 to 2021-09-02 00:00:00-04:00, Test 2021-09-03 00:00:00-04:00 to 2021-09-23 00:00:00-04:00

Window 19: Train 2020-01-02 00:00:00-05:00 to 2021-09-23 00:00:00-04:00, Test 2021-09-24 00:00:00-04:00 to 2021-10-14 00:00:00-04:00

Window 20: Train 2020-01-02 00:00:00-05:00 to 2021-10-14 00:00:00-04:00, Test 2021-10-15 00:00:00-04:00 to 2021-11-04 00:00:00-04:00

Window 21: Train 2020-01-02 00:00:00-05:00 to 2021-11-04 00:00:00-04:00, Test 2021-11-05 00:00:00-04:00 to 2021-11-24 00:00:00-05:00

Window 22: Train 2020-01-02 00:00:00-05:00 to 2021-11-24 00:00:00-05:00, Test 2021-11-26 00:00:00-05:00 to 2021-12-15 00:00:00-05:00

Window 23: Train 2020-01-02 00:00:00-05:00 to 2021-12-15 00:00:00-05:00, Test 2021-12-16 00:00:00-05:00 to 2022-01-05 00:00:00-05:00

Window 24: Train 2020-01-02 00:00:00-05:00 to 2022-01-05 00:00:00-05:00, Test 2022-01-06 00:00:00-05:00 to 2022-01-26 00:00:00-05:00

Window 25: Train 2020-01-02 00:00:00-05:00 to 2022-01-26 00:00:00-05:00, Test 2022-01-27 00:00:00-05:00 to 2022-02-16 00:00:00-05:00

Window 26: Train 2020-01-02 00:00:00-05:00 to 2022-02-16 00:00:00-05:00, Test 2022-02-17 00:00:00-05:00 to 2022-03-09 00:00:00-05:00

Window 27: Train 2020-01-02 00:00:00-05:00 to 2022-03-09 00:00:00-05:00, Test 2022-03-10 00:00:00-05:00 to 2022-03-31 00:00:00-04:00

Window 28: Train 2020-01-02 00:00:00-05:00 to 2022-03-31 00:00:00-04:00, Test 2022-04-01 00:00:00-04:00 to 2022-04-21 00:00:00-04:00

Window 29: Train 2020-01-02 00:00:00-05:00 to 2022-04-21 00:00:00-04:00, Test 2022-04-22 00:00:00-04:00 to 2022-05-12 00:00:00-04:00

Window 30: Train 2020-01-02 00:00:00-05:00 to 2022-05-12 00:00:00-04:00, Test 2022-05-13 00:00:00-04:00 to 2022-06-02 00:00:00-04:00

Window 31: Train 2020-01-02 00:00:00-05:00 to 2022-06-02 00:00:00-04:00, Test 2022-06-03 00:00:00-04:00 to 2022-06-23 00:00:00-04:00

Window 32: Train 2020-01-02 00:00:00-05:00 to 2022-06-23 00:00:00-04:00, Test 2022-06-24 00:00:00-04:00 to 2022-07-14 00:00:00-04:00

Window 33: Train 2020-01-02 00:00:00-05:00 to 2022-07-14 00:00:00-04:00, Test 2022-07-15 00:00:00-04:00 to 2022-08-04 00:00:00-04:00

Window 34: Train 2020-01-02 00:00:00-05:00 to 2022-08-04 00:00:00-04:00, Test 2022-08-05 00:00:00-04:00 to 2022-08-25 00:00:00-04:00

Window 35: Train 2020-01-02 00:00:00-05:00 to 2022-08-25 00:00:00-04:00, Test 2022-08-26 00:00:00-04:00 to 2022-09-15 00:00:00-04:00

Window 36: Train 2020-01-02 00:00:00-05:00 to 2022-09-15 00:00:00-04:00, Test 2022-09-16 00:00:00-04:00 to 2022-10-06 00:00:00-04:00

Window 37: Train 2020-01-02 00:00:00-05:00 to 2022-10-06 00:00:00-04:00, Test 2022-10-07 00:00:00-04:00 to 2022-10-27 00:00:00-04:00

Window 38: Train 2020-01-02 00:00:00-05:00 to 2022-10-27 00:00:00-04:00, Test 2022-10-28 00:00:00-04:00 to 2022-11-16 00:00:00-05:00

Window 39: Train 2020-01-02 00:00:00-05:00 to 2022-11-16 00:00:00-05:00, Test 2022-11-17 00:00:00-05:00 to 2022-12-07 00:00:00-05:00

Window 40: Train 2020-01-02 00:00:00-05:00 to 2022-12-07 00:00:00-05:00, Test 2022-12-08 00:00:00-05:00 to 2022-12-28 00:00:00-05:00

Window 41: Train 2020-01-02 00:00:00-05:00 to 2022-12-28 00:00:00-05:00, Test 2022-12-29 00:00:00-05:00 to 2023-01-18 00:00:00-05:00

Window 42: Train 2020-01-02 00:00:00-05:00 to 2023-01-18 00:00:00-05:00, Test 2023-01-19 00:00:00-05:00 to 2023-02-08 00:00:00-05:00

Window 43: Train 2020-01-02 00:00:00-05:00 to 2023-02-08 00:00:00-05:00, Test 2023-02-09 00:00:00-05:00 to 2023-03-01 00:00:00-05:00

Window 44: Train 2020-01-02 00:00:00-05:00 to 2023-03-01 00:00:00-05:00, Test 2023-03-02 00:00:00-05:00 to 2023-03-23 00:00:00-04:00

Window 45: Train 2020-01-02 00:00:00-05:00 to 2023-03-23 00:00:00-04:00, Test 2023-03-24 00:00:00-04:00 to 2023-04-13 00:00:00-04:00

Window 46: Train 2020-01-02 00:00:00-05:00 to 2023-04-13 00:00:00-04:00, Test 2023-04-14 00:00:00-04:00 to 2023-05-04 00:00:00-04:00

Window 47: Train 2020-01-02 00:00:00-05:00 to 2023-05-04 00:00:00-04:00, Test 2023-05-05 00:00:00-04:00 to 2023-05-25 00:00:00-04:00

Window 48: Train 2020-01-02 00:00:00-05:00 to 2023-05-25 00:00:00-04:00, Test 2023-05-26 00:00:00-04:00 to 2023-06-15 00:00:00-04:00

Window 49: Train 2020-01-02 00:00:00-05:00 to 2023-06-15 00:00:00-04:00, Test 2023-06-16 00:00:00-04:00 to 2023-07-06 00:00:00-04:00

Window 50: Train 2020-01-02 00:00:00-05:00 to 2023-07-06 00:00:00-04:00, Test 2023-07-07 00:00:00-04:00 to 2023-07-27 00:00:00-04:00

Window 51: Train 2020-01-02 00:00:00-05:00 to 2023-07-27 00:00:00-04:00, Test 2023-07-28 00:00:00-04:00 to 2023-08-17 00:00:00-04:00

Window 52: Train 2020-01-02 00:00:00-05:00 to 2023-08-17 00:00:00-04:00, Test 2023-08-18 00:00:00-04:00 to 2023-09-07 00:00:00-04:00

Window 53: Train 2020-01-02 00:00:00-05:00 to 2023-09-07 00:00:00-04:00, Test 2023-09-08 00:00:00-04:00 to 2023-09-28 00:00:00-04:00

Window 54: Train 2020-01-02 00:00:00-05:00 to 2023-09-28 00:00:00-04:00, Test 2023-09-29 00:00:00-04:00 to 2023-10-19 00:00:00-04:00

Window 55: Train 2020-01-02 00:00:00-05:00 to 2023-10-19 00:00:00-04:00, Test 2023-10-20 00:00:00-04:00 to 2023-11-08 00:00:00-05:00

Window 56: Train 2020-01-02 00:00:00-05:00 to 2023-11-08 00:00:00-05:00, Test 2023-11-09 00:00:00-05:00 to 2023-11-29 00:00:00-05:00

Window 57: Train 2020-01-02 00:00:00-05:00 to 2023-11-29 00:00:00-05:00, Test 2023-11-30 00:00:00-05:00 to 2023-12-20 00:00:00-05:00
  Trades: 0, Coverage: 0.00%, Accuracy: 0.0000, Return: 0.0000

✓ Results saved to: /home/aarav/Forecast models/ml_research_pipeline/robustness_test_results/multi_stock_test.csv

Summary:
ticker  trades  abstentions  coverage  accuracy  total_return    sharpe  max_drawdown  win_rate  avg_confidence
  AAPL       3          822  0.003636       1.0      0.024751 73.253267           0.0       1.0        0.467175
  MSFT       0          825  0.000000       0.0      0.000000  0.000000           0.0       0.0        0.433885
  NVDA       0          825  0.000000       0.0      0.000000  0.000000           0.0       0.0        0.449326
  AMZN       0          825  0.000000       0.0      0.000000  0.000000           0.0       0.0        0.452363
  META       0          825  0.000000       0.0      0.000000  0.000000           0.0       0.0        0.433104
  TSLA       0          825  0.000000       0.0      0.000000  0.000000           0.0       0.0        0.443838

======================================================================
PHASE 2.2: CROSS-STOCK GENERALIZATION TEST
======================================================================
Training on: ['AAPL', 'MSFT', 'NVDA', 'AMZN']
Testing on: ['META', 'TSLA']
Loading AAPL for training...
Loading cached data for AAPL
Loading cached data for ^GSPC

[Priority 1] Fetching from Finnhub...
Fetching Finnhub news for AAPL...
No news found for AAPL

[Priority 2] Fetching from NewsAPI (if available)...
Fetching NewsAPI news for AAPL...
⚠ NewsAPI HTTP error: 426 Client Error: Upgrade Required for url: https://newsapi.org/v2/everything?q=AAPL&from=2020-01-01&to=2023-12-31&sortBy=publishedAt&apiKey=9ff201f1e68b4544ab5d358a261f1742&language=en&pageSize=100
⚠ No news data fetched from any source
Loading MSFT for training...
Loading cached data for MSFT
Loading cached data for ^GSPC

[Priority 1] Fetching from Finnhub...
Fetching Finnhub news for MSFT...
No news found for MSFT

[Priority 2] Fetching from NewsAPI (if available)...
Fetching NewsAPI news for MSFT...
⚠ NewsAPI HTTP error: 426 Client Error: Upgrade Required for url: https://newsapi.org/v2/everything?q=MSFT&from=2020-01-01&to=2023-12-31&sortBy=publishedAt&apiKey=9ff201f1e68b4544ab5d358a261f1742&language=en&pageSize=100
⚠ No news data fetched from any source
Loading NVDA for training...
Loading cached data for NVDA
Loading cached data for ^GSPC

[Priority 1] Fetching from Finnhub...
Fetching Finnhub news for NVDA...
No news found for NVDA

[Priority 2] Fetching from NewsAPI (if available)...
Fetching NewsAPI news for NVDA...
⚠ NewsAPI HTTP error: 426 Client Error: Upgrade Required for url: https://newsapi.org/v2/everything?q=NVDA&from=2020-01-01&to=2023-12-31&sortBy=publishedAt&apiKey=9ff201f1e68b4544ab5d358a261f1742&language=en&pageSize=100
⚠ No news data fetched from any source
Loading AMZN for training...
Loading cached data for AMZN
Loading cached data for ^GSPC

[Priority 1] Fetching from Finnhub...
Fetching Finnhub news for AMZN...
No news found for AMZN

[Priority 2] Fetching from NewsAPI (if available)...
Fetching NewsAPI news for AMZN...
⚠ NewsAPI HTTP error: 426 Client Error: Upgrade Required for url: https://newsapi.org/v2/everything?q=AMZN&from=2020-01-01&to=2023-12-31&sortBy=publishedAt&apiKey=9ff201f1e68b4544ab5d358a261f1742&language=en&pageSize=100
⚠ No news data fetched from any source

Combined training data: 4011 samples
Training until validation scores don't improve for 10 rounds
Early stopping, best iteration is:
[32]	train's binary_logloss: 0.482205	val's binary_logloss: 0.659306
Testing on unseen stock: META
Loading cached data for META
Loading cached data for ^GSPC

[Priority 1] Fetching from Finnhub...
Fetching Finnhub news for META...
No news found for META

[Priority 2] Fetching from NewsAPI (if available)...
Fetching NewsAPI news for META...
⚠ NewsAPI HTTP error: 426 Client Error: Upgrade Required for url: https://newsapi.org/v2/everything?q=META&from=2020-01-01&to=2023-12-31&sortBy=publishedAt&apiKey=9ff201f1e68b4544ab5d358a261f1742&language=en&pageSize=100
⚠ No news data fetched from any source
  ✗ Error testing META: X has 9 features, but RandomForestClassifier is expecting 10 features as input.
Testing on unseen stock: TSLA
Loading cached data for TSLA
Loading cached data for ^GSPC

[Priority 1] Fetching from Finnhub...
Fetching Finnhub news for TSLA...
No news found for TSLA

[Priority 2] Fetching from NewsAPI (if available)...
Fetching NewsAPI news for TSLA...
⚠ NewsAPI HTTP error: 426 Client Error: Upgrade Required for url: https://newsapi.org/v2/everything?q=TSLA&from=2020-01-01&to=2023-12-31&sortBy=publishedAt&apiKey=9ff201f1e68b4544ab5d358a261f1742&language=en&pageSize=100
⚠ No news data fetched from any source
  ✗ Error testing TSLA: X has 9 features, but RandomForestClassifier is expecting 10 features as input.
✓ Results saved

======================================================================
ALL TESTS COMPLETE
======================================================================
Results saved to: /home/aarav/Forecast models/ml_research_pipeline/robustness_test_results

Review results and decide if the model has real edge!
