======================================================================
ROBUSTNESS & VALIDATION TESTING SUITE
======================================================================
Results will be saved to: /home/aarav/Forecast models/ml_research_pipeline/robustness_test_results


======================================================================
RUNNING PHASE 1: SANITY & ROBUSTNESS CHECKS
======================================================================

======================================================================
PHASE 1.1: CONFIDENCE THRESHOLD TEST
======================================================================

Testing threshold: 0.7
Training until validation scores don't improve for 10 rounds
Early stopping, best iteration is:
[6]	train's binary_logloss: 0.593526	val's binary_logloss: 0.679122

Window 1: Train 2020-01-02 00:00:00-05:00 to 2020-09-10 00:00:00-04:00, Test 2020-09-11 00:00:00-04:00 to 2020-10-01 00:00:00-04:00

Window 2: Train 2020-01-02 00:00:00-05:00 to 2020-10-01 00:00:00-04:00, Test 2020-10-02 00:00:00-04:00 to 2020-10-22 00:00:00-04:00

Window 3: Train 2020-01-02 00:00:00-05:00 to 2020-10-22 00:00:00-04:00, Test 2020-10-23 00:00:00-04:00 to 2020-11-11 00:00:00-05:00

Window 4: Train 2020-01-02 00:00:00-05:00 to 2020-11-11 00:00:00-05:00, Test 2020-11-12 00:00:00-05:00 to 2020-12-02 00:00:00-05:00

Window 5: Train 2020-01-02 00:00:00-05:00 to 2020-12-02 00:00:00-05:00, Test 2020-12-03 00:00:00-05:00 to 2020-12-23 00:00:00-05:00

Window 6: Train 2020-01-02 00:00:00-05:00 to 2020-12-23 00:00:00-05:00, Test 2020-12-24 00:00:00-05:00 to 2021-01-13 00:00:00-05:00

Window 7: Train 2020-01-02 00:00:00-05:00 to 2021-01-13 00:00:00-05:00, Test 2021-01-14 00:00:00-05:00 to 2021-02-03 00:00:00-05:00

Window 8: Train 2020-01-02 00:00:00-05:00 to 2021-02-03 00:00:00-05:00, Test 2021-02-04 00:00:00-05:00 to 2021-02-24 00:00:00-05:00

Window 9: Train 2020-01-02 00:00:00-05:00 to 2021-02-24 00:00:00-05:00, Test 2021-02-25 00:00:00-05:00 to 2021-03-18 00:00:00-04:00

Window 10: Train 2020-01-02 00:00:00-05:00 to 2021-03-18 00:00:00-04:00, Test 2021-03-19 00:00:00-04:00 to 2021-04-08 00:00:00-04:00

Window 11: Train 2020-01-02 00:00:00-05:00 to 2021-04-08 00:00:00-04:00, Test 2021-04-09 00:00:00-04:00 to 2021-04-29 00:00:00-04:00

Window 12: Train 2020-01-02 00:00:00-05:00 to 2021-04-29 00:00:00-04:00, Test 2021-04-30 00:00:00-04:00 to 2021-05-20 00:00:00-04:00

Window 13: Train 2020-01-02 00:00:00-05:00 to 2021-05-20 00:00:00-04:00, Test 2021-05-21 00:00:00-04:00 to 2021-06-10 00:00:00-04:00

Window 14: Train 2020-01-02 00:00:00-05:00 to 2021-06-10 00:00:00-04:00, Test 2021-06-11 00:00:00-04:00 to 2021-07-01 00:00:00-04:00

Window 15: Train 2020-01-02 00:00:00-05:00 to 2021-07-01 00:00:00-04:00, Test 2021-07-02 00:00:00-04:00 to 2021-07-22 00:00:00-04:00

Window 16: Train 2020-01-02 00:00:00-05:00 to 2021-07-22 00:00:00-04:00, Test 2021-07-23 00:00:00-04:00 to 2021-08-12 00:00:00-04:00

Window 17: Train 2020-01-02 00:00:00-05:00 to 2021-08-12 00:00:00-04:00, Test 2021-08-13 00:00:00-04:00 to 2021-09-02 00:00:00-04:00

Window 18: Train 2020-01-02 00:00:00-05:00 to 2021-09-02 00:00:00-04:00, Test 2021-09-03 00:00:00-04:00 to 2021-09-23 00:00:00-04:00

Window 19: Train 2020-01-02 00:00:00-05:00 to 2021-09-23 00:00:00-04:00, Test 2021-09-24 00:00:00-04:00 to 2021-10-14 00:00:00-04:00

Window 20: Train 2020-01-02 00:00:00-05:00 to 2021-10-14 00:00:00-04:00, Test 2021-10-15 00:00:00-04:00 to 2021-11-04 00:00:00-04:00

Window 21: Train 2020-01-02 00:00:00-05:00 to 2021-11-04 00:00:00-04:00, Test 2021-11-05 00:00:00-04:00 to 2021-11-24 00:00:00-05:00

Window 22: Train 2020-01-02 00:00:00-05:00 to 2021-11-24 00:00:00-05:00, Test 2021-11-26 00:00:00-05:00 to 2021-12-15 00:00:00-05:00

Window 23: Train 2020-01-02 00:00:00-05:00 to 2021-12-15 00:00:00-05:00, Test 2021-12-16 00:00:00-05:00 to 2022-01-05 00:00:00-05:00

Window 24: Train 2020-01-02 00:00:00-05:00 to 2022-01-05 00:00:00-05:00, Test 2022-01-06 00:00:00-05:00 to 2022-01-26 00:00:00-05:00

Window 25: Train 2020-01-02 00:00:00-05:00 to 2022-01-26 00:00:00-05:00, Test 2022-01-27 00:00:00-05:00 to 2022-02-16 00:00:00-05:00

Window 26: Train 2020-01-02 00:00:00-05:00 to 2022-02-16 00:00:00-05:00, Test 2022-02-17 00:00:00-05:00 to 2022-03-09 00:00:00-05:00

Window 27: Train 2020-01-02 00:00:00-05:00 to 2022-03-09 00:00:00-05:00, Test 2022-03-10 00:00:00-05:00 to 2022-03-31 00:00:00-04:00

Window 28: Train 2020-01-02 00:00:00-05:00 to 2022-03-31 00:00:00-04:00, Test 2022-04-01 00:00:00-04:00 to 2022-04-21 00:00:00-04:00

Window 29: Train 2020-01-02 00:00:00-05:00 to 2022-04-21 00:00:00-04:00, Test 2022-04-22 00:00:00-04:00 to 2022-05-12 00:00:00-04:00

Window 30: Train 2020-01-02 00:00:00-05:00 to 2022-05-12 00:00:00-04:00, Test 2022-05-13 00:00:00-04:00 to 2022-06-02 00:00:00-04:00

Window 31: Train 2020-01-02 00:00:00-05:00 to 2022-06-02 00:00:00-04:00, Test 2022-06-03 00:00:00-04:00 to 2022-06-23 00:00:00-04:00

Window 32: Train 2020-01-02 00:00:00-05:00 to 2022-06-23 00:00:00-04:00, Test 2022-06-24 00:00:00-04:00 to 2022-07-14 00:00:00-04:00

Window 33: Train 2020-01-02 00:00:00-05:00 to 2022-07-14 00:00:00-04:00, Test 2022-07-15 00:00:00-04:00 to 2022-08-04 00:00:00-04:00

Window 34: Train 2020-01-02 00:00:00-05:00 to 2022-08-04 00:00:00-04:00, Test 2022-08-05 00:00:00-04:00 to 2022-08-25 00:00:00-04:00

Window 35: Train 2020-01-02 00:00:00-05:00 to 2022-08-25 00:00:00-04:00, Test 2022-08-26 00:00:00-04:00 to 2022-09-15 00:00:00-04:00

Window 36: Train 2020-01-02 00:00:00-05:00 to 2022-09-15 00:00:00-04:00, Test 2022-09-16 00:00:00-04:00 to 2022-10-06 00:00:00-04:00

Window 37: Train 2020-01-02 00:00:00-05:00 to 2022-10-06 00:00:00-04:00, Test 2022-10-07 00:00:00-04:00 to 2022-10-27 00:00:00-04:00

Window 38: Train 2020-01-02 00:00:00-05:00 to 2022-10-27 00:00:00-04:00, Test 2022-10-28 00:00:00-04:00 to 2022-11-16 00:00:00-05:00

Window 39: Train 2020-01-02 00:00:00-05:00 to 2022-11-16 00:00:00-05:00, Test 2022-11-17 00:00:00-05:00 to 2022-12-07 00:00:00-05:00

Window 40: Train 2020-01-02 00:00:00-05:00 to 2022-12-07 00:00:00-05:00, Test 2022-12-08 00:00:00-05:00 to 2022-12-28 00:00:00-05:00

Window 41: Train 2020-01-02 00:00:00-05:00 to 2022-12-28 00:00:00-05:00, Test 2022-12-29 00:00:00-05:00 to 2023-01-18 00:00:00-05:00

Window 42: Train 2020-01-02 00:00:00-05:00 to 2023-01-18 00:00:00-05:00, Test 2023-01-19 00:00:00-05:00 to 2023-02-08 00:00:00-05:00

Window 43: Train 2020-01-02 00:00:00-05:00 to 2023-02-08 00:00:00-05:00, Test 2023-02-09 00:00:00-05:00 to 2023-03-01 00:00:00-05:00

Window 44: Train 2020-01-02 00:00:00-05:00 to 2023-03-01 00:00:00-05:00, Test 2023-03-02 00:00:00-05:00 to 2023-03-23 00:00:00-04:00

Window 45: Train 2020-01-02 00:00:00-05:00 to 2023-03-23 00:00:00-04:00, Test 2023-03-24 00:00:00-04:00 to 2023-04-13 00:00:00-04:00

Window 46: Train 2020-01-02 00:00:00-05:00 to 2023-04-13 00:00:00-04:00, Test 2023-04-14 00:00:00-04:00 to 2023-05-04 00:00:00-04:00

Window 47: Train 2020-01-02 00:00:00-05:00 to 2023-05-04 00:00:00-04:00, Test 2023-05-05 00:00:00-04:00 to 2023-05-25 00:00:00-04:00

Window 48: Train 2020-01-02 00:00:00-05:00 to 2023-05-25 00:00:00-04:00, Test 2023-05-26 00:00:00-04:00 to 2023-06-15 00:00:00-04:00

Window 49: Train 2020-01-02 00:00:00-05:00 to 2023-06-15 00:00:00-04:00, Test 2023-06-16 00:00:00-04:00 to 2023-07-06 00:00:00-04:00

Window 50: Train 2020-01-02 00:00:00-05:00 to 2023-07-06 00:00:00-04:00, Test 2023-07-07 00:00:00-04:00 to 2023-07-27 00:00:00-04:00

Window 51: Train 2020-01-02 00:00:00-05:00 to 2023-07-27 00:00:00-04:00, Test 2023-07-28 00:00:00-04:00 to 2023-08-17 00:00:00-04:00

Window 52: Train 2020-01-02 00:00:00-05:00 to 2023-08-17 00:00:00-04:00, Test 2023-08-18 00:00:00-04:00 to 2023-09-07 00:00:00-04:00

Window 53: Train 2020-01-02 00:00:00-05:00 to 2023-09-07 00:00:00-04:00, Test 2023-09-08 00:00:00-04:00 to 2023-09-28 00:00:00-04:00

Window 54: Train 2020-01-02 00:00:00-05:00 to 2023-09-28 00:00:00-04:00, Test 2023-09-29 00:00:00-04:00 to 2023-10-19 00:00:00-04:00

Window 55: Train 2020-01-02 00:00:00-05:00 to 2023-10-19 00:00:00-04:00, Test 2023-10-20 00:00:00-04:00 to 2023-11-08 00:00:00-05:00

Window 56: Train 2020-01-02 00:00:00-05:00 to 2023-11-08 00:00:00-05:00, Test 2023-11-09 00:00:00-05:00 to 2023-11-29 00:00:00-05:00

Window 57: Train 2020-01-02 00:00:00-05:00 to 2023-11-29 00:00:00-05:00, Test 2023-11-30 00:00:00-05:00 to 2023-12-20 00:00:00-05:00
  Trades: 0, Accuracy: 0.0000, Sharpe: 0.00

Testing threshold: 0.6
Training until validation scores don't improve for 10 rounds
Early stopping, best iteration is:
[6]	train's binary_logloss: 0.593526	val's binary_logloss: 0.679122

Window 1: Train 2020-01-02 00:00:00-05:00 to 2020-09-10 00:00:00-04:00, Test 2020-09-11 00:00:00-04:00 to 2020-10-01 00:00:00-04:00

Window 2: Train 2020-01-02 00:00:00-05:00 to 2020-10-01 00:00:00-04:00, Test 2020-10-02 00:00:00-04:00 to 2020-10-22 00:00:00-04:00

Window 3: Train 2020-01-02 00:00:00-05:00 to 2020-10-22 00:00:00-04:00, Test 2020-10-23 00:00:00-04:00 to 2020-11-11 00:00:00-05:00

Window 4: Train 2020-01-02 00:00:00-05:00 to 2020-11-11 00:00:00-05:00, Test 2020-11-12 00:00:00-05:00 to 2020-12-02 00:00:00-05:00

Window 5: Train 2020-01-02 00:00:00-05:00 to 2020-12-02 00:00:00-05:00, Test 2020-12-03 00:00:00-05:00 to 2020-12-23 00:00:00-05:00

Window 6: Train 2020-01-02 00:00:00-05:00 to 2020-12-23 00:00:00-05:00, Test 2020-12-24 00:00:00-05:00 to 2021-01-13 00:00:00-05:00

Window 7: Train 2020-01-02 00:00:00-05:00 to 2021-01-13 00:00:00-05:00, Test 2021-01-14 00:00:00-05:00 to 2021-02-03 00:00:00-05:00

Window 8: Train 2020-01-02 00:00:00-05:00 to 2021-02-03 00:00:00-05:00, Test 2021-02-04 00:00:00-05:00 to 2021-02-24 00:00:00-05:00

Window 9: Train 2020-01-02 00:00:00-05:00 to 2021-02-24 00:00:00-05:00, Test 2021-02-25 00:00:00-05:00 to 2021-03-18 00:00:00-04:00

Window 10: Train 2020-01-02 00:00:00-05:00 to 2021-03-18 00:00:00-04:00, Test 2021-03-19 00:00:00-04:00 to 2021-04-08 00:00:00-04:00

Window 11: Train 2020-01-02 00:00:00-05:00 to 2021-04-08 00:00:00-04:00, Test 2021-04-09 00:00:00-04:00 to 2021-04-29 00:00:00-04:00

Window 12: Train 2020-01-02 00:00:00-05:00 to 2021-04-29 00:00:00-04:00, Test 2021-04-30 00:00:00-04:00 to 2021-05-20 00:00:00-04:00

Window 13: Train 2020-01-02 00:00:00-05:00 to 2021-05-20 00:00:00-04:00, Test 2021-05-21 00:00:00-04:00 to 2021-06-10 00:00:00-04:00

Window 14: Train 2020-01-02 00:00:00-05:00 to 2021-06-10 00:00:00-04:00, Test 2021-06-11 00:00:00-04:00 to 2021-07-01 00:00:00-04:00

Window 15: Train 2020-01-02 00:00:00-05:00 to 2021-07-01 00:00:00-04:00, Test 2021-07-02 00:00:00-04:00 to 2021-07-22 00:00:00-04:00

Window 16: Train 2020-01-02 00:00:00-05:00 to 2021-07-22 00:00:00-04:00, Test 2021-07-23 00:00:00-04:00 to 2021-08-12 00:00:00-04:00

Window 17: Train 2020-01-02 00:00:00-05:00 to 2021-08-12 00:00:00-04:00, Test 2021-08-13 00:00:00-04:00 to 2021-09-02 00:00:00-04:00

Window 18: Train 2020-01-02 00:00:00-05:00 to 2021-09-02 00:00:00-04:00, Test 2021-09-03 00:00:00-04:00 to 2021-09-23 00:00:00-04:00

Window 19: Train 2020-01-02 00:00:00-05:00 to 2021-09-23 00:00:00-04:00, Test 2021-09-24 00:00:00-04:00 to 2021-10-14 00:00:00-04:00

Window 20: Train 2020-01-02 00:00:00-05:00 to 2021-10-14 00:00:00-04:00, Test 2021-10-15 00:00:00-04:00 to 2021-11-04 00:00:00-04:00

Window 21: Train 2020-01-02 00:00:00-05:00 to 2021-11-04 00:00:00-04:00, Test 2021-11-05 00:00:00-04:00 to 2021-11-24 00:00:00-05:00

Window 22: Train 2020-01-02 00:00:00-05:00 to 2021-11-24 00:00:00-05:00, Test 2021-11-26 00:00:00-05:00 to 2021-12-15 00:00:00-05:00

Window 23: Train 2020-01-02 00:00:00-05:00 to 2021-12-15 00:00:00-05:00, Test 2021-12-16 00:00:00-05:00 to 2022-01-05 00:00:00-05:00

Window 24: Train 2020-01-02 00:00:00-05:00 to 2022-01-05 00:00:00-05:00, Test 2022-01-06 00:00:00-05:00 to 2022-01-26 00:00:00-05:00

Window 25: Train 2020-01-02 00:00:00-05:00 to 2022-01-26 00:00:00-05:00, Test 2022-01-27 00:00:00-05:00 to 2022-02-16 00:00:00-05:00

Window 26: Train 2020-01-02 00:00:00-05:00 to 2022-02-16 00:00:00-05:00, Test 2022-02-17 00:00:00-05:00 to 2022-03-09 00:00:00-05:00

Window 27: Train 2020-01-02 00:00:00-05:00 to 2022-03-09 00:00:00-05:00, Test 2022-03-10 00:00:00-05:00 to 2022-03-31 00:00:00-04:00

Window 28: Train 2020-01-02 00:00:00-05:00 to 2022-03-31 00:00:00-04:00, Test 2022-04-01 00:00:00-04:00 to 2022-04-21 00:00:00-04:00

Window 29: Train 2020-01-02 00:00:00-05:00 to 2022-04-21 00:00:00-04:00, Test 2022-04-22 00:00:00-04:00 to 2022-05-12 00:00:00-04:00

Window 30: Train 2020-01-02 00:00:00-05:00 to 2022-05-12 00:00:00-04:00, Test 2022-05-13 00:00:00-04:00 to 2022-06-02 00:00:00-04:00

Window 31: Train 2020-01-02 00:00:00-05:00 to 2022-06-02 00:00:00-04:00, Test 2022-06-03 00:00:00-04:00 to 2022-06-23 00:00:00-04:00

Window 32: Train 2020-01-02 00:00:00-05:00 to 2022-06-23 00:00:00-04:00, Test 2022-06-24 00:00:00-04:00 to 2022-07-14 00:00:00-04:00

Window 33: Train 2020-01-02 00:00:00-05:00 to 2022-07-14 00:00:00-04:00, Test 2022-07-15 00:00:00-04:00 to 2022-08-04 00:00:00-04:00

Window 34: Train 2020-01-02 00:00:00-05:00 to 2022-08-04 00:00:00-04:00, Test 2022-08-05 00:00:00-04:00 to 2022-08-25 00:00:00-04:00

Window 35: Train 2020-01-02 00:00:00-05:00 to 2022-08-25 00:00:00-04:00, Test 2022-08-26 00:00:00-04:00 to 2022-09-15 00:00:00-04:00

Window 36: Train 2020-01-02 00:00:00-05:00 to 2022-09-15 00:00:00-04:00, Test 2022-09-16 00:00:00-04:00 to 2022-10-06 00:00:00-04:00

Window 37: Train 2020-01-02 00:00:00-05:00 to 2022-10-06 00:00:00-04:00, Test 2022-10-07 00:00:00-04:00 to 2022-10-27 00:00:00-04:00

Window 38: Train 2020-01-02 00:00:00-05:00 to 2022-10-27 00:00:00-04:00, Test 2022-10-28 00:00:00-04:00 to 2022-11-16 00:00:00-05:00

Window 39: Train 2020-01-02 00:00:00-05:00 to 2022-11-16 00:00:00-05:00, Test 2022-11-17 00:00:00-05:00 to 2022-12-07 00:00:00-05:00

Window 40: Train 2020-01-02 00:00:00-05:00 to 2022-12-07 00:00:00-05:00, Test 2022-12-08 00:00:00-05:00 to 2022-12-28 00:00:00-05:00

Window 41: Train 2020-01-02 00:00:00-05:00 to 2022-12-28 00:00:00-05:00, Test 2022-12-29 00:00:00-05:00 to 2023-01-18 00:00:00-05:00

Window 42: Train 2020-01-02 00:00:00-05:00 to 2023-01-18 00:00:00-05:00, Test 2023-01-19 00:00:00-05:00 to 2023-02-08 00:00:00-05:00

Window 43: Train 2020-01-02 00:00:00-05:00 to 2023-02-08 00:00:00-05:00, Test 2023-02-09 00:00:00-05:00 to 2023-03-01 00:00:00-05:00

Window 44: Train 2020-01-02 00:00:00-05:00 to 2023-03-01 00:00:00-05:00, Test 2023-03-02 00:00:00-05:00 to 2023-03-23 00:00:00-04:00

Window 45: Train 2020-01-02 00:00:00-05:00 to 2023-03-23 00:00:00-04:00, Test 2023-03-24 00:00:00-04:00 to 2023-04-13 00:00:00-04:00

Window 46: Train 2020-01-02 00:00:00-05:00 to 2023-04-13 00:00:00-04:00, Test 2023-04-14 00:00:00-04:00 to 2023-05-04 00:00:00-04:00

Window 47: Train 2020-01-02 00:00:00-05:00 to 2023-05-04 00:00:00-04:00, Test 2023-05-05 00:00:00-04:00 to 2023-05-25 00:00:00-04:00

Window 48: Train 2020-01-02 00:00:00-05:00 to 2023-05-25 00:00:00-04:00, Test 2023-05-26 00:00:00-04:00 to 2023-06-15 00:00:00-04:00

Window 49: Train 2020-01-02 00:00:00-05:00 to 2023-06-15 00:00:00-04:00, Test 2023-06-16 00:00:00-04:00 to 2023-07-06 00:00:00-04:00

Window 50: Train 2020-01-02 00:00:00-05:00 to 2023-07-06 00:00:00-04:00, Test 2023-07-07 00:00:00-04:00 to 2023-07-27 00:00:00-04:00

Window 51: Train 2020-01-02 00:00:00-05:00 to 2023-07-27 00:00:00-04:00, Test 2023-07-28 00:00:00-04:00 to 2023-08-17 00:00:00-04:00

Window 52: Train 2020-01-02 00:00:00-05:00 to 2023-08-17 00:00:00-04:00, Test 2023-08-18 00:00:00-04:00 to 2023-09-07 00:00:00-04:00

Window 53: Train 2020-01-02 00:00:00-05:00 to 2023-09-07 00:00:00-04:00, Test 2023-09-08 00:00:00-04:00 to 2023-09-28 00:00:00-04:00

Window 54: Train 2020-01-02 00:00:00-05:00 to 2023-09-28 00:00:00-04:00, Test 2023-09-29 00:00:00-04:00 to 2023-10-19 00:00:00-04:00

Window 55: Train 2020-01-02 00:00:00-05:00 to 2023-10-19 00:00:00-04:00, Test 2023-10-20 00:00:00-04:00 to 2023-11-08 00:00:00-05:00

Window 56: Train 2020-01-02 00:00:00-05:00 to 2023-11-08 00:00:00-05:00, Test 2023-11-09 00:00:00-05:00 to 2023-11-29 00:00:00-05:00

Window 57: Train 2020-01-02 00:00:00-05:00 to 2023-11-29 00:00:00-05:00, Test 2023-11-30 00:00:00-05:00 to 2023-12-20 00:00:00-05:00
  Trades: 3, Accuracy: 1.0000, Sharpe: 73.25

Testing threshold: 0.55
Training until validation scores don't improve for 10 rounds
Early stopping, best iteration is:
[6]	train's binary_logloss: 0.593526	val's binary_logloss: 0.679122

Window 1: Train 2020-01-02 00:00:00-05:00 to 2020-09-10 00:00:00-04:00, Test 2020-09-11 00:00:00-04:00 to 2020-10-01 00:00:00-04:00

Window 2: Train 2020-01-02 00:00:00-05:00 to 2020-10-01 00:00:00-04:00, Test 2020-10-02 00:00:00-04:00 to 2020-10-22 00:00:00-04:00

Window 3: Train 2020-01-02 00:00:00-05:00 to 2020-10-22 00:00:00-04:00, Test 2020-10-23 00:00:00-04:00 to 2020-11-11 00:00:00-05:00

Window 4: Train 2020-01-02 00:00:00-05:00 to 2020-11-11 00:00:00-05:00, Test 2020-11-12 00:00:00-05:00 to 2020-12-02 00:00:00-05:00

Window 5: Train 2020-01-02 00:00:00-05:00 to 2020-12-02 00:00:00-05:00, Test 2020-12-03 00:00:00-05:00 to 2020-12-23 00:00:00-05:00

Window 6: Train 2020-01-02 00:00:00-05:00 to 2020-12-23 00:00:00-05:00, Test 2020-12-24 00:00:00-05:00 to 2021-01-13 00:00:00-05:00

Window 7: Train 2020-01-02 00:00:00-05:00 to 2021-01-13 00:00:00-05:00, Test 2021-01-14 00:00:00-05:00 to 2021-02-03 00:00:00-05:00

Window 8: Train 2020-01-02 00:00:00-05:00 to 2021-02-03 00:00:00-05:00, Test 2021-02-04 00:00:00-05:00 to 2021-02-24 00:00:00-05:00

Window 9: Train 2020-01-02 00:00:00-05:00 to 2021-02-24 00:00:00-05:00, Test 2021-02-25 00:00:00-05:00 to 2021-03-18 00:00:00-04:00

Window 10: Train 2020-01-02 00:00:00-05:00 to 2021-03-18 00:00:00-04:00, Test 2021-03-19 00:00:00-04:00 to 2021-04-08 00:00:00-04:00

Window 11: Train 2020-01-02 00:00:00-05:00 to 2021-04-08 00:00:00-04:00, Test 2021-04-09 00:00:00-04:00 to 2021-04-29 00:00:00-04:00

Window 12: Train 2020-01-02 00:00:00-05:00 to 2021-04-29 00:00:00-04:00, Test 2021-04-30 00:00:00-04:00 to 2021-05-20 00:00:00-04:00

Window 13: Train 2020-01-02 00:00:00-05:00 to 2021-05-20 00:00:00-04:00, Test 2021-05-21 00:00:00-04:00 to 2021-06-10 00:00:00-04:00

Window 14: Train 2020-01-02 00:00:00-05:00 to 2021-06-10 00:00:00-04:00, Test 2021-06-11 00:00:00-04:00 to 2021-07-01 00:00:00-04:00

Window 15: Train 2020-01-02 00:00:00-05:00 to 2021-07-01 00:00:00-04:00, Test 2021-07-02 00:00:00-04:00 to 2021-07-22 00:00:00-04:00

Window 16: Train 2020-01-02 00:00:00-05:00 to 2021-07-22 00:00:00-04:00, Test 2021-07-23 00:00:00-04:00 to 2021-08-12 00:00:00-04:00

Window 17: Train 2020-01-02 00:00:00-05:00 to 2021-08-12 00:00:00-04:00, Test 2021-08-13 00:00:00-04:00 to 2021-09-02 00:00:00-04:00

Window 18: Train 2020-01-02 00:00:00-05:00 to 2021-09-02 00:00:00-04:00, Test 2021-09-03 00:00:00-04:00 to 2021-09-23 00:00:00-04:00

Window 19: Train 2020-01-02 00:00:00-05:00 to 2021-09-23 00:00:00-04:00, Test 2021-09-24 00:00:00-04:00 to 2021-10-14 00:00:00-04:00

Window 20: Train 2020-01-02 00:00:00-05:00 to 2021-10-14 00:00:00-04:00, Test 2021-10-15 00:00:00-04:00 to 2021-11-04 00:00:00-04:00

Window 21: Train 2020-01-02 00:00:00-05:00 to 2021-11-04 00:00:00-04:00, Test 2021-11-05 00:00:00-04:00 to 2021-11-24 00:00:00-05:00

Window 22: Train 2020-01-02 00:00:00-05:00 to 2021-11-24 00:00:00-05:00, Test 2021-11-26 00:00:00-05:00 to 2021-12-15 00:00:00-05:00

Window 23: Train 2020-01-02 00:00:00-05:00 to 2021-12-15 00:00:00-05:00, Test 2021-12-16 00:00:00-05:00 to 2022-01-05 00:00:00-05:00

Window 24: Train 2020-01-02 00:00:00-05:00 to 2022-01-05 00:00:00-05:00, Test 2022-01-06 00:00:00-05:00 to 2022-01-26 00:00:00-05:00

Window 25: Train 2020-01-02 00:00:00-05:00 to 2022-01-26 00:00:00-05:00, Test 2022-01-27 00:00:00-05:00 to 2022-02-16 00:00:00-05:00

Window 26: Train 2020-01-02 00:00:00-05:00 to 2022-02-16 00:00:00-05:00, Test 2022-02-17 00:00:00-05:00 to 2022-03-09 00:00:00-05:00

Window 27: Train 2020-01-02 00:00:00-05:00 to 2022-03-09 00:00:00-05:00, Test 2022-03-10 00:00:00-05:00 to 2022-03-31 00:00:00-04:00

Window 28: Train 2020-01-02 00:00:00-05:00 to 2022-03-31 00:00:00-04:00, Test 2022-04-01 00:00:00-04:00 to 2022-04-21 00:00:00-04:00

Window 29: Train 2020-01-02 00:00:00-05:00 to 2022-04-21 00:00:00-04:00, Test 2022-04-22 00:00:00-04:00 to 2022-05-12 00:00:00-04:00

Window 30: Train 2020-01-02 00:00:00-05:00 to 2022-05-12 00:00:00-04:00, Test 2022-05-13 00:00:00-04:00 to 2022-06-02 00:00:00-04:00

Window 31: Train 2020-01-02 00:00:00-05:00 to 2022-06-02 00:00:00-04:00, Test 2022-06-03 00:00:00-04:00 to 2022-06-23 00:00:00-04:00

Window 32: Train 2020-01-02 00:00:00-05:00 to 2022-06-23 00:00:00-04:00, Test 2022-06-24 00:00:00-04:00 to 2022-07-14 00:00:00-04:00

Window 33: Train 2020-01-02 00:00:00-05:00 to 2022-07-14 00:00:00-04:00, Test 2022-07-15 00:00:00-04:00 to 2022-08-04 00:00:00-04:00

Window 34: Train 2020-01-02 00:00:00-05:00 to 2022-08-04 00:00:00-04:00, Test 2022-08-05 00:00:00-04:00 to 2022-08-25 00:00:00-04:00

Window 35: Train 2020-01-02 00:00:00-05:00 to 2022-08-25 00:00:00-04:00, Test 2022-08-26 00:00:00-04:00 to 2022-09-15 00:00:00-04:00

Window 36: Train 2020-01-02 00:00:00-05:00 to 2022-09-15 00:00:00-04:00, Test 2022-09-16 00:00:00-04:00 to 2022-10-06 00:00:00-04:00

Window 37: Train 2020-01-02 00:00:00-05:00 to 2022-10-06 00:00:00-04:00, Test 2022-10-07 00:00:00-04:00 to 2022-10-27 00:00:00-04:00

Window 38: Train 2020-01-02 00:00:00-05:00 to 2022-10-27 00:00:00-04:00, Test 2022-10-28 00:00:00-04:00 to 2022-11-16 00:00:00-05:00

Window 39: Train 2020-01-02 00:00:00-05:00 to 2022-11-16 00:00:00-05:00, Test 2022-11-17 00:00:00-05:00 to 2022-12-07 00:00:00-05:00

Window 40: Train 2020-01-02 00:00:00-05:00 to 2022-12-07 00:00:00-05:00, Test 2022-12-08 00:00:00-05:00 to 2022-12-28 00:00:00-05:00

Window 41: Train 2020-01-02 00:00:00-05:00 to 2022-12-28 00:00:00-05:00, Test 2022-12-29 00:00:00-05:00 to 2023-01-18 00:00:00-05:00

Window 42: Train 2020-01-02 00:00:00-05:00 to 2023-01-18 00:00:00-05:00, Test 2023-01-19 00:00:00-05:00 to 2023-02-08 00:00:00-05:00

Window 43: Train 2020-01-02 00:00:00-05:00 to 2023-02-08 00:00:00-05:00, Test 2023-02-09 00:00:00-05:00 to 2023-03-01 00:00:00-05:00

Window 44: Train 2020-01-02 00:00:00-05:00 to 2023-03-01 00:00:00-05:00, Test 2023-03-02 00:00:00-05:00 to 2023-03-23 00:00:00-04:00

Window 45: Train 2020-01-02 00:00:00-05:00 to 2023-03-23 00:00:00-04:00, Test 2023-03-24 00:00:00-04:00 to 2023-04-13 00:00:00-04:00

Window 46: Train 2020-01-02 00:00:00-05:00 to 2023-04-13 00:00:00-04:00, Test 2023-04-14 00:00:00-04:00 to 2023-05-04 00:00:00-04:00

Window 47: Train 2020-01-02 00:00:00-05:00 to 2023-05-04 00:00:00-04:00, Test 2023-05-05 00:00:00-04:00 to 2023-05-25 00:00:00-04:00

Window 48: Train 2020-01-02 00:00:00-05:00 to 2023-05-25 00:00:00-04:00, Test 2023-05-26 00:00:00-04:00 to 2023-06-15 00:00:00-04:00

Window 49: Train 2020-01-02 00:00:00-05:00 to 2023-06-15 00:00:00-04:00, Test 2023-06-16 00:00:00-04:00 to 2023-07-06 00:00:00-04:00

Window 50: Train 2020-01-02 00:00:00-05:00 to 2023-07-06 00:00:00-04:00, Test 2023-07-07 00:00:00-04:00 to 2023-07-27 00:00:00-04:00

Window 51: Train 2020-01-02 00:00:00-05:00 to 2023-07-27 00:00:00-04:00, Test 2023-07-28 00:00:00-04:00 to 2023-08-17 00:00:00-04:00

Window 52: Train 2020-01-02 00:00:00-05:00 to 2023-08-17 00:00:00-04:00, Test 2023-08-18 00:00:00-04:00 to 2023-09-07 00:00:00-04:00

Window 53: Train 2020-01-02 00:00:00-05:00 to 2023-09-07 00:00:00-04:00, Test 2023-09-08 00:00:00-04:00 to 2023-09-28 00:00:00-04:00

Window 54: Train 2020-01-02 00:00:00-05:00 to 2023-09-28 00:00:00-04:00, Test 2023-09-29 00:00:00-04:00 to 2023-10-19 00:00:00-04:00

Window 55: Train 2020-01-02 00:00:00-05:00 to 2023-10-19 00:00:00-04:00, Test 2023-10-20 00:00:00-04:00 to 2023-11-08 00:00:00-05:00

Window 56: Train 2020-01-02 00:00:00-05:00 to 2023-11-08 00:00:00-05:00, Test 2023-11-09 00:00:00-05:00 to 2023-11-29 00:00:00-05:00

Window 57: Train 2020-01-02 00:00:00-05:00 to 2023-11-29 00:00:00-05:00, Test 2023-11-30 00:00:00-05:00 to 2023-12-20 00:00:00-05:00
  Trades: 46, Accuracy: 1.0000, Sharpe: 19.78

Testing threshold: 0.5
Training until validation scores don't improve for 10 rounds
Early stopping, best iteration is:
[6]	train's binary_logloss: 0.593526	val's binary_logloss: 0.679122

Window 1: Train 2020-01-02 00:00:00-05:00 to 2020-09-10 00:00:00-04:00, Test 2020-09-11 00:00:00-04:00 to 2020-10-01 00:00:00-04:00

Window 2: Train 2020-01-02 00:00:00-05:00 to 2020-10-01 00:00:00-04:00, Test 2020-10-02 00:00:00-04:00 to 2020-10-22 00:00:00-04:00

Window 3: Train 2020-01-02 00:00:00-05:00 to 2020-10-22 00:00:00-04:00, Test 2020-10-23 00:00:00-04:00 to 2020-11-11 00:00:00-05:00

Window 4: Train 2020-01-02 00:00:00-05:00 to 2020-11-11 00:00:00-05:00, Test 2020-11-12 00:00:00-05:00 to 2020-12-02 00:00:00-05:00

Window 5: Train 2020-01-02 00:00:00-05:00 to 2020-12-02 00:00:00-05:00, Test 2020-12-03 00:00:00-05:00 to 2020-12-23 00:00:00-05:00

Window 6: Train 2020-01-02 00:00:00-05:00 to 2020-12-23 00:00:00-05:00, Test 2020-12-24 00:00:00-05:00 to 2021-01-13 00:00:00-05:00

Window 7: Train 2020-01-02 00:00:00-05:00 to 2021-01-13 00:00:00-05:00, Test 2021-01-14 00:00:00-05:00 to 2021-02-03 00:00:00-05:00

Window 8: Train 2020-01-02 00:00:00-05:00 to 2021-02-03 00:00:00-05:00, Test 2021-02-04 00:00:00-05:00 to 2021-02-24 00:00:00-05:00

Window 9: Train 2020-01-02 00:00:00-05:00 to 2021-02-24 00:00:00-05:00, Test 2021-02-25 00:00:00-05:00 to 2021-03-18 00:00:00-04:00

Window 10: Train 2020-01-02 00:00:00-05:00 to 2021-03-18 00:00:00-04:00, Test 2021-03-19 00:00:00-04:00 to 2021-04-08 00:00:00-04:00

Window 11: Train 2020-01-02 00:00:00-05:00 to 2021-04-08 00:00:00-04:00, Test 2021-04-09 00:00:00-04:00 to 2021-04-29 00:00:00-04:00

Window 12: Train 2020-01-02 00:00:00-05:00 to 2021-04-29 00:00:00-04:00, Test 2021-04-30 00:00:00-04:00 to 2021-05-20 00:00:00-04:00

Window 13: Train 2020-01-02 00:00:00-05:00 to 2021-05-20 00:00:00-04:00, Test 2021-05-21 00:00:00-04:00 to 2021-06-10 00:00:00-04:00

Window 14: Train 2020-01-02 00:00:00-05:00 to 2021-06-10 00:00:00-04:00, Test 2021-06-11 00:00:00-04:00 to 2021-07-01 00:00:00-04:00

Window 15: Train 2020-01-02 00:00:00-05:00 to 2021-07-01 00:00:00-04:00, Test 2021-07-02 00:00:00-04:00 to 2021-07-22 00:00:00-04:00

Window 16: Train 2020-01-02 00:00:00-05:00 to 2021-07-22 00:00:00-04:00, Test 2021-07-23 00:00:00-04:00 to 2021-08-12 00:00:00-04:00

Window 17: Train 2020-01-02 00:00:00-05:00 to 2021-08-12 00:00:00-04:00, Test 2021-08-13 00:00:00-04:00 to 2021-09-02 00:00:00-04:00

Window 18: Train 2020-01-02 00:00:00-05:00 to 2021-09-02 00:00:00-04:00, Test 2021-09-03 00:00:00-04:00 to 2021-09-23 00:00:00-04:00

Window 19: Train 2020-01-02 00:00:00-05:00 to 2021-09-23 00:00:00-04:00, Test 2021-09-24 00:00:00-04:00 to 2021-10-14 00:00:00-04:00

Window 20: Train 2020-01-02 00:00:00-05:00 to 2021-10-14 00:00:00-04:00, Test 2021-10-15 00:00:00-04:00 to 2021-11-04 00:00:00-04:00

Window 21: Train 2020-01-02 00:00:00-05:00 to 2021-11-04 00:00:00-04:00, Test 2021-11-05 00:00:00-04:00 to 2021-11-24 00:00:00-05:00

Window 22: Train 2020-01-02 00:00:00-05:00 to 2021-11-24 00:00:00-05:00, Test 2021-11-26 00:00:00-05:00 to 2021-12-15 00:00:00-05:00

Window 23: Train 2020-01-02 00:00:00-05:00 to 2021-12-15 00:00:00-05:00, Test 2021-12-16 00:00:00-05:00 to 2022-01-05 00:00:00-05:00

Window 24: Train 2020-01-02 00:00:00-05:00 to 2022-01-05 00:00:00-05:00, Test 2022-01-06 00:00:00-05:00 to 2022-01-26 00:00:00-05:00

Window 25: Train 2020-01-02 00:00:00-05:00 to 2022-01-26 00:00:00-05:00, Test 2022-01-27 00:00:00-05:00 to 2022-02-16 00:00:00-05:00

Window 26: Train 2020-01-02 00:00:00-05:00 to 2022-02-16 00:00:00-05:00, Test 2022-02-17 00:00:00-05:00 to 2022-03-09 00:00:00-05:00

Window 27: Train 2020-01-02 00:00:00-05:00 to 2022-03-09 00:00:00-05:00, Test 2022-03-10 00:00:00-05:00 to 2022-03-31 00:00:00-04:00

Window 28: Train 2020-01-02 00:00:00-05:00 to 2022-03-31 00:00:00-04:00, Test 2022-04-01 00:00:00-04:00 to 2022-04-21 00:00:00-04:00

Window 29: Train 2020-01-02 00:00:00-05:00 to 2022-04-21 00:00:00-04:00, Test 2022-04-22 00:00:00-04:00 to 2022-05-12 00:00:00-04:00

Window 30: Train 2020-01-02 00:00:00-05:00 to 2022-05-12 00:00:00-04:00, Test 2022-05-13 00:00:00-04:00 to 2022-06-02 00:00:00-04:00

Window 31: Train 2020-01-02 00:00:00-05:00 to 2022-06-02 00:00:00-04:00, Test 2022-06-03 00:00:00-04:00 to 2022-06-23 00:00:00-04:00

Window 32: Train 2020-01-02 00:00:00-05:00 to 2022-06-23 00:00:00-04:00, Test 2022-06-24 00:00:00-04:00 to 2022-07-14 00:00:00-04:00

Window 33: Train 2020-01-02 00:00:00-05:00 to 2022-07-14 00:00:00-04:00, Test 2022-07-15 00:00:00-04:00 to 2022-08-04 00:00:00-04:00

Window 34: Train 2020-01-02 00:00:00-05:00 to 2022-08-04 00:00:00-04:00, Test 2022-08-05 00:00:00-04:00 to 2022-08-25 00:00:00-04:00

Window 35: Train 2020-01-02 00:00:00-05:00 to 2022-08-25 00:00:00-04:00, Test 2022-08-26 00:00:00-04:00 to 2022-09-15 00:00:00-04:00

Window 36: Train 2020-01-02 00:00:00-05:00 to 2022-09-15 00:00:00-04:00, Test 2022-09-16 00:00:00-04:00 to 2022-10-06 00:00:00-04:00

Window 37: Train 2020-01-02 00:00:00-05:00 to 2022-10-06 00:00:00-04:00, Test 2022-10-07 00:00:00-04:00 to 2022-10-27 00:00:00-04:00

Window 38: Train 2020-01-02 00:00:00-05:00 to 2022-10-27 00:00:00-04:00, Test 2022-10-28 00:00:00-04:00 to 2022-11-16 00:00:00-05:00

Window 39: Train 2020-01-02 00:00:00-05:00 to 2022-11-16 00:00:00-05:00, Test 2022-11-17 00:00:00-05:00 to 2022-12-07 00:00:00-05:00

Window 40: Train 2020-01-02 00:00:00-05:00 to 2022-12-07 00:00:00-05:00, Test 2022-12-08 00:00:00-05:00 to 2022-12-28 00:00:00-05:00

Window 41: Train 2020-01-02 00:00:00-05:00 to 2022-12-28 00:00:00-05:00, Test 2022-12-29 00:00:00-05:00 to 2023-01-18 00:00:00-05:00

Window 42: Train 2020-01-02 00:00:00-05:00 to 2023-01-18 00:00:00-05:00, Test 2023-01-19 00:00:00-05:00 to 2023-02-08 00:00:00-05:00

Window 43: Train 2020-01-02 00:00:00-05:00 to 2023-02-08 00:00:00-05:00, Test 2023-02-09 00:00:00-05:00 to 2023-03-01 00:00:00-05:00

Window 44: Train 2020-01-02 00:00:00-05:00 to 2023-03-01 00:00:00-05:00, Test 2023-03-02 00:00:00-05:00 to 2023-03-23 00:00:00-04:00

Window 45: Train 2020-01-02 00:00:00-05:00 to 2023-03-23 00:00:00-04:00, Test 2023-03-24 00:00:00-04:00 to 2023-04-13 00:00:00-04:00

Window 46: Train 2020-01-02 00:00:00-05:00 to 2023-04-13 00:00:00-04:00, Test 2023-04-14 00:00:00-04:00 to 2023-05-04 00:00:00-04:00

Window 47: Train 2020-01-02 00:00:00-05:00 to 2023-05-04 00:00:00-04:00, Test 2023-05-05 00:00:00-04:00 to 2023-05-25 00:00:00-04:00

Window 48: Train 2020-01-02 00:00:00-05:00 to 2023-05-25 00:00:00-04:00, Test 2023-05-26 00:00:00-04:00 to 2023-06-15 00:00:00-04:00

Window 49: Train 2020-01-02 00:00:00-05:00 to 2023-06-15 00:00:00-04:00, Test 2023-06-16 00:00:00-04:00 to 2023-07-06 00:00:00-04:00

Window 50: Train 2020-01-02 00:00:00-05:00 to 2023-07-06 00:00:00-04:00, Test 2023-07-07 00:00:00-04:00 to 2023-07-27 00:00:00-04:00

Window 51: Train 2020-01-02 00:00:00-05:00 to 2023-07-27 00:00:00-04:00, Test 2023-07-28 00:00:00-04:00 to 2023-08-17 00:00:00-04:00

Window 52: Train 2020-01-02 00:00:00-05:00 to 2023-08-17 00:00:00-04:00, Test 2023-08-18 00:00:00-04:00 to 2023-09-07 00:00:00-04:00

Window 53: Train 2020-01-02 00:00:00-05:00 to 2023-09-07 00:00:00-04:00, Test 2023-09-08 00:00:00-04:00 to 2023-09-28 00:00:00-04:00

Window 54: Train 2020-01-02 00:00:00-05:00 to 2023-09-28 00:00:00-04:00, Test 2023-09-29 00:00:00-04:00 to 2023-10-19 00:00:00-04:00

Window 55: Train 2020-01-02 00:00:00-05:00 to 2023-10-19 00:00:00-04:00, Test 2023-10-20 00:00:00-04:00 to 2023-11-08 00:00:00-05:00

Window 56: Train 2020-01-02 00:00:00-05:00 to 2023-11-08 00:00:00-05:00, Test 2023-11-09 00:00:00-05:00 to 2023-11-29 00:00:00-05:00

Window 57: Train 2020-01-02 00:00:00-05:00 to 2023-11-29 00:00:00-05:00, Test 2023-11-30 00:00:00-05:00 to 2023-12-20 00:00:00-05:00
  Trades: 215, Accuracy: 0.9953, Sharpe: 18.74

Testing threshold: 0.45
Training until validation scores don't improve for 10 rounds
Early stopping, best iteration is:
[6]	train's binary_logloss: 0.593526	val's binary_logloss: 0.679122

Window 1: Train 2020-01-02 00:00:00-05:00 to 2020-09-10 00:00:00-04:00, Test 2020-09-11 00:00:00-04:00 to 2020-10-01 00:00:00-04:00

Window 2: Train 2020-01-02 00:00:00-05:00 to 2020-10-01 00:00:00-04:00, Test 2020-10-02 00:00:00-04:00 to 2020-10-22 00:00:00-04:00

Window 3: Train 2020-01-02 00:00:00-05:00 to 2020-10-22 00:00:00-04:00, Test 2020-10-23 00:00:00-04:00 to 2020-11-11 00:00:00-05:00

Window 4: Train 2020-01-02 00:00:00-05:00 to 2020-11-11 00:00:00-05:00, Test 2020-11-12 00:00:00-05:00 to 2020-12-02 00:00:00-05:00

Window 5: Train 2020-01-02 00:00:00-05:00 to 2020-12-02 00:00:00-05:00, Test 2020-12-03 00:00:00-05:00 to 2020-12-23 00:00:00-05:00

Window 6: Train 2020-01-02 00:00:00-05:00 to 2020-12-23 00:00:00-05:00, Test 2020-12-24 00:00:00-05:00 to 2021-01-13 00:00:00-05:00

Window 7: Train 2020-01-02 00:00:00-05:00 to 2021-01-13 00:00:00-05:00, Test 2021-01-14 00:00:00-05:00 to 2021-02-03 00:00:00-05:00

Window 8: Train 2020-01-02 00:00:00-05:00 to 2021-02-03 00:00:00-05:00, Test 2021-02-04 00:00:00-05:00 to 2021-02-24 00:00:00-05:00

Window 9: Train 2020-01-02 00:00:00-05:00 to 2021-02-24 00:00:00-05:00, Test 2021-02-25 00:00:00-05:00 to 2021-03-18 00:00:00-04:00

Window 10: Train 2020-01-02 00:00:00-05:00 to 2021-03-18 00:00:00-04:00, Test 2021-03-19 00:00:00-04:00 to 2021-04-08 00:00:00-04:00

Window 11: Train 2020-01-02 00:00:00-05:00 to 2021-04-08 00:00:00-04:00, Test 2021-04-09 00:00:00-04:00 to 2021-04-29 00:00:00-04:00

Window 12: Train 2020-01-02 00:00:00-05:00 to 2021-04-29 00:00:00-04:00, Test 2021-04-30 00:00:00-04:00 to 2021-05-20 00:00:00-04:00

Window 13: Train 2020-01-02 00:00:00-05:00 to 2021-05-20 00:00:00-04:00, Test 2021-05-21 00:00:00-04:00 to 2021-06-10 00:00:00-04:00

Window 14: Train 2020-01-02 00:00:00-05:00 to 2021-06-10 00:00:00-04:00, Test 2021-06-11 00:00:00-04:00 to 2021-07-01 00:00:00-04:00

Window 15: Train 2020-01-02 00:00:00-05:00 to 2021-07-01 00:00:00-04:00, Test 2021-07-02 00:00:00-04:00 to 2021-07-22 00:00:00-04:00

Window 16: Train 2020-01-02 00:00:00-05:00 to 2021-07-22 00:00:00-04:00, Test 2021-07-23 00:00:00-04:00 to 2021-08-12 00:00:00-04:00

Window 17: Train 2020-01-02 00:00:00-05:00 to 2021-08-12 00:00:00-04:00, Test 2021-08-13 00:00:00-04:00 to 2021-09-02 00:00:00-04:00

Window 18: Train 2020-01-02 00:00:00-05:00 to 2021-09-02 00:00:00-04:00, Test 2021-09-03 00:00:00-04:00 to 2021-09-23 00:00:00-04:00

Window 19: Train 2020-01-02 00:00:00-05:00 to 2021-09-23 00:00:00-04:00, Test 2021-09-24 00:00:00-04:00 to 2021-10-14 00:00:00-04:00

Window 20: Train 2020-01-02 00:00:00-05:00 to 2021-10-14 00:00:00-04:00, Test 2021-10-15 00:00:00-04:00 to 2021-11-04 00:00:00-04:00

Window 21: Train 2020-01-02 00:00:00-05:00 to 2021-11-04 00:00:00-04:00, Test 2021-11-05 00:00:00-04:00 to 2021-11-24 00:00:00-05:00

Window 22: Train 2020-01-02 00:00:00-05:00 to 2021-11-24 00:00:00-05:00, Test 2021-11-26 00:00:00-05:00 to 2021-12-15 00:00:00-05:00

Window 23: Train 2020-01-02 00:00:00-05:00 to 2021-12-15 00:00:00-05:00, Test 2021-12-16 00:00:00-05:00 to 2022-01-05 00:00:00-05:00

Window 24: Train 2020-01-02 00:00:00-05:00 to 2022-01-05 00:00:00-05:00, Test 2022-01-06 00:00:00-05:00 to 2022-01-26 00:00:00-05:00

Window 25: Train 2020-01-02 00:00:00-05:00 to 2022-01-26 00:00:00-05:00, Test 2022-01-27 00:00:00-05:00 to 2022-02-16 00:00:00-05:00

Window 26: Train 2020-01-02 00:00:00-05:00 to 2022-02-16 00:00:00-05:00, Test 2022-02-17 00:00:00-05:00 to 2022-03-09 00:00:00-05:00

Window 27: Train 2020-01-02 00:00:00-05:00 to 2022-03-09 00:00:00-05:00, Test 2022-03-10 00:00:00-05:00 to 2022-03-31 00:00:00-04:00

Window 28: Train 2020-01-02 00:00:00-05:00 to 2022-03-31 00:00:00-04:00, Test 2022-04-01 00:00:00-04:00 to 2022-04-21 00:00:00-04:00

Window 29: Train 2020-01-02 00:00:00-05:00 to 2022-04-21 00:00:00-04:00, Test 2022-04-22 00:00:00-04:00 to 2022-05-12 00:00:00-04:00

Window 30: Train 2020-01-02 00:00:00-05:00 to 2022-05-12 00:00:00-04:00, Test 2022-05-13 00:00:00-04:00 to 2022-06-02 00:00:00-04:00

Window 31: Train 2020-01-02 00:00:00-05:00 to 2022-06-02 00:00:00-04:00, Test 2022-06-03 00:00:00-04:00 to 2022-06-23 00:00:00-04:00

Window 32: Train 2020-01-02 00:00:00-05:00 to 2022-06-23 00:00:00-04:00, Test 2022-06-24 00:00:00-04:00 to 2022-07-14 00:00:00-04:00

Window 33: Train 2020-01-02 00:00:00-05:00 to 2022-07-14 00:00:00-04:00, Test 2022-07-15 00:00:00-04:00 to 2022-08-04 00:00:00-04:00

Window 34: Train 2020-01-02 00:00:00-05:00 to 2022-08-04 00:00:00-04:00, Test 2022-08-05 00:00:00-04:00 to 2022-08-25 00:00:00-04:00

Window 35: Train 2020-01-02 00:00:00-05:00 to 2022-08-25 00:00:00-04:00, Test 2022-08-26 00:00:00-04:00 to 2022-09-15 00:00:00-04:00

Window 36: Train 2020-01-02 00:00:00-05:00 to 2022-09-15 00:00:00-04:00, Test 2022-09-16 00:00:00-04:00 to 2022-10-06 00:00:00-04:00

Window 37: Train 2020-01-02 00:00:00-05:00 to 2022-10-06 00:00:00-04:00, Test 2022-10-07 00:00:00-04:00 to 2022-10-27 00:00:00-04:00

Window 38: Train 2020-01-02 00:00:00-05:00 to 2022-10-27 00:00:00-04:00, Test 2022-10-28 00:00:00-04:00 to 2022-11-16 00:00:00-05:00

Window 39: Train 2020-01-02 00:00:00-05:00 to 2022-11-16 00:00:00-05:00, Test 2022-11-17 00:00:00-05:00 to 2022-12-07 00:00:00-05:00

Window 40: Train 2020-01-02 00:00:00-05:00 to 2022-12-07 00:00:00-05:00, Test 2022-12-08 00:00:00-05:00 to 2022-12-28 00:00:00-05:00

Window 41: Train 2020-01-02 00:00:00-05:00 to 2022-12-28 00:00:00-05:00, Test 2022-12-29 00:00:00-05:00 to 2023-01-18 00:00:00-05:00

Window 42: Train 2020-01-02 00:00:00-05:00 to 2023-01-18 00:00:00-05:00, Test 2023-01-19 00:00:00-05:00 to 2023-02-08 00:00:00-05:00

Window 43: Train 2020-01-02 00:00:00-05:00 to 2023-02-08 00:00:00-05:00, Test 2023-02-09 00:00:00-05:00 to 2023-03-01 00:00:00-05:00

Window 44: Train 2020-01-02 00:00:00-05:00 to 2023-03-01 00:00:00-05:00, Test 2023-03-02 00:00:00-05:00 to 2023-03-23 00:00:00-04:00

Window 45: Train 2020-01-02 00:00:00-05:00 to 2023-03-23 00:00:00-04:00, Test 2023-03-24 00:00:00-04:00 to 2023-04-13 00:00:00-04:00

Window 46: Train 2020-01-02 00:00:00-05:00 to 2023-04-13 00:00:00-04:00, Test 2023-04-14 00:00:00-04:00 to 2023-05-04 00:00:00-04:00

Window 47: Train 2020-01-02 00:00:00-05:00 to 2023-05-04 00:00:00-04:00, Test 2023-05-05 00:00:00-04:00 to 2023-05-25 00:00:00-04:00

Window 48: Train 2020-01-02 00:00:00-05:00 to 2023-05-25 00:00:00-04:00, Test 2023-05-26 00:00:00-04:00 to 2023-06-15 00:00:00-04:00

Window 49: Train 2020-01-02 00:00:00-05:00 to 2023-06-15 00:00:00-04:00, Test 2023-06-16 00:00:00-04:00 to 2023-07-06 00:00:00-04:00

Window 50: Train 2020-01-02 00:00:00-05:00 to 2023-07-06 00:00:00-04:00, Test 2023-07-07 00:00:00-04:00 to 2023-07-27 00:00:00-04:00

Window 51: Train 2020-01-02 00:00:00-05:00 to 2023-07-27 00:00:00-04:00, Test 2023-07-28 00:00:00-04:00 to 2023-08-17 00:00:00-04:00

Window 52: Train 2020-01-02 00:00:00-05:00 to 2023-08-17 00:00:00-04:00, Test 2023-08-18 00:00:00-04:00 to 2023-09-07 00:00:00-04:00

Window 53: Train 2020-01-02 00:00:00-05:00 to 2023-09-07 00:00:00-04:00, Test 2023-09-08 00:00:00-04:00 to 2023-09-28 00:00:00-04:00

Window 54: Train 2020-01-02 00:00:00-05:00 to 2023-09-28 00:00:00-04:00, Test 2023-09-29 00:00:00-04:00 to 2023-10-19 00:00:00-04:00

Window 55: Train 2020-01-02 00:00:00-05:00 to 2023-10-19 00:00:00-04:00, Test 2023-10-20 00:00:00-04:00 to 2023-11-08 00:00:00-05:00

Window 56: Train 2020-01-02 00:00:00-05:00 to 2023-11-08 00:00:00-05:00, Test 2023-11-09 00:00:00-05:00 to 2023-11-29 00:00:00-05:00

Window 57: Train 2020-01-02 00:00:00-05:00 to 2023-11-29 00:00:00-05:00, Test 2023-11-30 00:00:00-05:00 to 2023-12-20 00:00:00-05:00
  Trades: 484, Accuracy: 0.9380, Sharpe: 15.63

✓ Results saved to: /home/aarav/Forecast models/ml_research_pipeline/robustness_test_results/AAPL_confidence_threshold_test.csv

Summary:
 threshold  trades  accuracy    sharpe  max_drawdown  total_return  coverage  win_rate
      0.70       0  0.000000  0.000000      0.000000      0.000000  0.000000  0.000000
      0.60       3  1.000000 73.253267      0.000000      0.024751  0.003636  1.000000
      0.55      46  1.000000 19.777335      0.000027      0.856413  0.055758  1.000000
      0.50     215  0.995349 18.741119      0.000581     23.216787  0.260606  0.993243
      0.45     484  0.938017 15.628796      0.130445    441.669240  0.586667  0.928571

======================================================================
PHASE 1.2: SHUFFLE TEST (Anti-Overfitting)
======================================================================
⚠️  Shuffling labels (destroying signal)...
Training models with shuffled labels...
Training until validation scores don't improve for 10 rounds
Early stopping, best iteration is:
[1]	train's binary_logloss: 0.672967	val's binary_logloss: 0.692624

Window 1: Train 2020-01-02 00:00:00-05:00 to 2020-09-10 00:00:00-04:00, Test 2020-09-11 00:00:00-04:00 to 2020-10-01 00:00:00-04:00

Window 2: Train 2020-01-02 00:00:00-05:00 to 2020-10-01 00:00:00-04:00, Test 2020-10-02 00:00:00-04:00 to 2020-10-22 00:00:00-04:00

Window 3: Train 2020-01-02 00:00:00-05:00 to 2020-10-22 00:00:00-04:00, Test 2020-10-23 00:00:00-04:00 to 2020-11-11 00:00:00-05:00

Window 4: Train 2020-01-02 00:00:00-05:00 to 2020-11-11 00:00:00-05:00, Test 2020-11-12 00:00:00-05:00 to 2020-12-02 00:00:00-05:00

Window 5: Train 2020-01-02 00:00:00-05:00 to 2020-12-02 00:00:00-05:00, Test 2020-12-03 00:00:00-05:00 to 2020-12-23 00:00:00-05:00

Window 6: Train 2020-01-02 00:00:00-05:00 to 2020-12-23 00:00:00-05:00, Test 2020-12-24 00:00:00-05:00 to 2021-01-13 00:00:00-05:00

Window 7: Train 2020-01-02 00:00:00-05:00 to 2021-01-13 00:00:00-05:00, Test 2021-01-14 00:00:00-05:00 to 2021-02-03 00:00:00-05:00

Window 8: Train 2020-01-02 00:00:00-05:00 to 2021-02-03 00:00:00-05:00, Test 2021-02-04 00:00:00-05:00 to 2021-02-24 00:00:00-05:00

Window 9: Train 2020-01-02 00:00:00-05:00 to 2021-02-24 00:00:00-05:00, Test 2021-02-25 00:00:00-05:00 to 2021-03-18 00:00:00-04:00

Window 10: Train 2020-01-02 00:00:00-05:00 to 2021-03-18 00:00:00-04:00, Test 2021-03-19 00:00:00-04:00 to 2021-04-08 00:00:00-04:00

Window 11: Train 2020-01-02 00:00:00-05:00 to 2021-04-08 00:00:00-04:00, Test 2021-04-09 00:00:00-04:00 to 2021-04-29 00:00:00-04:00

Window 12: Train 2020-01-02 00:00:00-05:00 to 2021-04-29 00:00:00-04:00, Test 2021-04-30 00:00:00-04:00 to 2021-05-20 00:00:00-04:00

Window 13: Train 2020-01-02 00:00:00-05:00 to 2021-05-20 00:00:00-04:00, Test 2021-05-21 00:00:00-04:00 to 2021-06-10 00:00:00-04:00

Window 14: Train 2020-01-02 00:00:00-05:00 to 2021-06-10 00:00:00-04:00, Test 2021-06-11 00:00:00-04:00 to 2021-07-01 00:00:00-04:00

Window 15: Train 2020-01-02 00:00:00-05:00 to 2021-07-01 00:00:00-04:00, Test 2021-07-02 00:00:00-04:00 to 2021-07-22 00:00:00-04:00

Window 16: Train 2020-01-02 00:00:00-05:00 to 2021-07-22 00:00:00-04:00, Test 2021-07-23 00:00:00-04:00 to 2021-08-12 00:00:00-04:00

Window 17: Train 2020-01-02 00:00:00-05:00 to 2021-08-12 00:00:00-04:00, Test 2021-08-13 00:00:00-04:00 to 2021-09-02 00:00:00-04:00

Window 18: Train 2020-01-02 00:00:00-05:00 to 2021-09-02 00:00:00-04:00, Test 2021-09-03 00:00:00-04:00 to 2021-09-23 00:00:00-04:00

Window 19: Train 2020-01-02 00:00:00-05:00 to 2021-09-23 00:00:00-04:00, Test 2021-09-24 00:00:00-04:00 to 2021-10-14 00:00:00-04:00

Window 20: Train 2020-01-02 00:00:00-05:00 to 2021-10-14 00:00:00-04:00, Test 2021-10-15 00:00:00-04:00 to 2021-11-04 00:00:00-04:00

Window 21: Train 2020-01-02 00:00:00-05:00 to 2021-11-04 00:00:00-04:00, Test 2021-11-05 00:00:00-04:00 to 2021-11-24 00:00:00-05:00

Window 22: Train 2020-01-02 00:00:00-05:00 to 2021-11-24 00:00:00-05:00, Test 2021-11-26 00:00:00-05:00 to 2021-12-15 00:00:00-05:00

Window 23: Train 2020-01-02 00:00:00-05:00 to 2021-12-15 00:00:00-05:00, Test 2021-12-16 00:00:00-05:00 to 2022-01-05 00:00:00-05:00

Window 24: Train 2020-01-02 00:00:00-05:00 to 2022-01-05 00:00:00-05:00, Test 2022-01-06 00:00:00-05:00 to 2022-01-26 00:00:00-05:00

Window 25: Train 2020-01-02 00:00:00-05:00 to 2022-01-26 00:00:00-05:00, Test 2022-01-27 00:00:00-05:00 to 2022-02-16 00:00:00-05:00

Window 26: Train 2020-01-02 00:00:00-05:00 to 2022-02-16 00:00:00-05:00, Test 2022-02-17 00:00:00-05:00 to 2022-03-09 00:00:00-05:00

Window 27: Train 2020-01-02 00:00:00-05:00 to 2022-03-09 00:00:00-05:00, Test 2022-03-10 00:00:00-05:00 to 2022-03-31 00:00:00-04:00

Window 28: Train 2020-01-02 00:00:00-05:00 to 2022-03-31 00:00:00-04:00, Test 2022-04-01 00:00:00-04:00 to 2022-04-21 00:00:00-04:00

Window 29: Train 2020-01-02 00:00:00-05:00 to 2022-04-21 00:00:00-04:00, Test 2022-04-22 00:00:00-04:00 to 2022-05-12 00:00:00-04:00

Window 30: Train 2020-01-02 00:00:00-05:00 to 2022-05-12 00:00:00-04:00, Test 2022-05-13 00:00:00-04:00 to 2022-06-02 00:00:00-04:00

Window 31: Train 2020-01-02 00:00:00-05:00 to 2022-06-02 00:00:00-04:00, Test 2022-06-03 00:00:00-04:00 to 2022-06-23 00:00:00-04:00

Window 32: Train 2020-01-02 00:00:00-05:00 to 2022-06-23 00:00:00-04:00, Test 2022-06-24 00:00:00-04:00 to 2022-07-14 00:00:00-04:00

Window 33: Train 2020-01-02 00:00:00-05:00 to 2022-07-14 00:00:00-04:00, Test 2022-07-15 00:00:00-04:00 to 2022-08-04 00:00:00-04:00

Window 34: Train 2020-01-02 00:00:00-05:00 to 2022-08-04 00:00:00-04:00, Test 2022-08-05 00:00:00-04:00 to 2022-08-25 00:00:00-04:00

Window 35: Train 2020-01-02 00:00:00-05:00 to 2022-08-25 00:00:00-04:00, Test 2022-08-26 00:00:00-04:00 to 2022-09-15 00:00:00-04:00

Window 36: Train 2020-01-02 00:00:00-05:00 to 2022-09-15 00:00:00-04:00, Test 2022-09-16 00:00:00-04:00 to 2022-10-06 00:00:00-04:00

Window 37: Train 2020-01-02 00:00:00-05:00 to 2022-10-06 00:00:00-04:00, Test 2022-10-07 00:00:00-04:00 to 2022-10-27 00:00:00-04:00

Window 38: Train 2020-01-02 00:00:00-05:00 to 2022-10-27 00:00:00-04:00, Test 2022-10-28 00:00:00-04:00 to 2022-11-16 00:00:00-05:00

Window 39: Train 2020-01-02 00:00:00-05:00 to 2022-11-16 00:00:00-05:00, Test 2022-11-17 00:00:00-05:00 to 2022-12-07 00:00:00-05:00

Window 40: Train 2020-01-02 00:00:00-05:00 to 2022-12-07 00:00:00-05:00, Test 2022-12-08 00:00:00-05:00 to 2022-12-28 00:00:00-05:00

Window 41: Train 2020-01-02 00:00:00-05:00 to 2022-12-28 00:00:00-05:00, Test 2022-12-29 00:00:00-05:00 to 2023-01-18 00:00:00-05:00

Window 42: Train 2020-01-02 00:00:00-05:00 to 2023-01-18 00:00:00-05:00, Test 2023-01-19 00:00:00-05:00 to 2023-02-08 00:00:00-05:00

Window 43: Train 2020-01-02 00:00:00-05:00 to 2023-02-08 00:00:00-05:00, Test 2023-02-09 00:00:00-05:00 to 2023-03-01 00:00:00-05:00

Window 44: Train 2020-01-02 00:00:00-05:00 to 2023-03-01 00:00:00-05:00, Test 2023-03-02 00:00:00-05:00 to 2023-03-23 00:00:00-04:00

Window 45: Train 2020-01-02 00:00:00-05:00 to 2023-03-23 00:00:00-04:00, Test 2023-03-24 00:00:00-04:00 to 2023-04-13 00:00:00-04:00

Window 46: Train 2020-01-02 00:00:00-05:00 to 2023-04-13 00:00:00-04:00, Test 2023-04-14 00:00:00-04:00 to 2023-05-04 00:00:00-04:00

Window 47: Train 2020-01-02 00:00:00-05:00 to 2023-05-04 00:00:00-04:00, Test 2023-05-05 00:00:00-04:00 to 2023-05-25 00:00:00-04:00

Window 48: Train 2020-01-02 00:00:00-05:00 to 2023-05-25 00:00:00-04:00, Test 2023-05-26 00:00:00-04:00 to 2023-06-15 00:00:00-04:00

Window 49: Train 2020-01-02 00:00:00-05:00 to 2023-06-15 00:00:00-04:00, Test 2023-06-16 00:00:00-04:00 to 2023-07-06 00:00:00-04:00

Window 50: Train 2020-01-02 00:00:00-05:00 to 2023-07-06 00:00:00-04:00, Test 2023-07-07 00:00:00-04:00 to 2023-07-27 00:00:00-04:00

Window 51: Train 2020-01-02 00:00:00-05:00 to 2023-07-27 00:00:00-04:00, Test 2023-07-28 00:00:00-04:00 to 2023-08-17 00:00:00-04:00

Window 52: Train 2020-01-02 00:00:00-05:00 to 2023-08-17 00:00:00-04:00, Test 2023-08-18 00:00:00-04:00 to 2023-09-07 00:00:00-04:00

Window 53: Train 2020-01-02 00:00:00-05:00 to 2023-09-07 00:00:00-04:00, Test 2023-09-08 00:00:00-04:00 to 2023-09-28 00:00:00-04:00

Window 54: Train 2020-01-02 00:00:00-05:00 to 2023-09-28 00:00:00-04:00, Test 2023-09-29 00:00:00-04:00 to 2023-10-19 00:00:00-04:00

Window 55: Train 2020-01-02 00:00:00-05:00 to 2023-10-19 00:00:00-04:00, Test 2023-10-20 00:00:00-04:00 to 2023-11-08 00:00:00-05:00

Window 56: Train 2020-01-02 00:00:00-05:00 to 2023-11-08 00:00:00-05:00, Test 2023-11-09 00:00:00-05:00 to 2023-11-29 00:00:00-05:00

Window 57: Train 2020-01-02 00:00:00-05:00 to 2023-11-29 00:00:00-05:00, Test 2023-11-30 00:00:00-05:00 to 2023-12-20 00:00:00-05:00

Results with shuffled labels:
  Accuracy: 0.0000 (expected ~0.5)
  Total Return: 0.0000 (expected ~0)
  Sharpe: 0.00
  Trades: 0

✗ FAIL: Possible overfitting/leakage!

======================================================================
PHASE 1.3: TIME-SHIFT TEST
======================================================================

Baseline (no shift)...
Training until validation scores don't improve for 10 rounds
Early stopping, best iteration is:
[6]	train's binary_logloss: 0.593526	val's binary_logloss: 0.679122

Window 1: Train 2020-01-02 00:00:00-05:00 to 2020-09-10 00:00:00-04:00, Test 2020-09-11 00:00:00-04:00 to 2020-10-01 00:00:00-04:00

Window 2: Train 2020-01-02 00:00:00-05:00 to 2020-10-01 00:00:00-04:00, Test 2020-10-02 00:00:00-04:00 to 2020-10-22 00:00:00-04:00

Window 3: Train 2020-01-02 00:00:00-05:00 to 2020-10-22 00:00:00-04:00, Test 2020-10-23 00:00:00-04:00 to 2020-11-11 00:00:00-05:00

Window 4: Train 2020-01-02 00:00:00-05:00 to 2020-11-11 00:00:00-05:00, Test 2020-11-12 00:00:00-05:00 to 2020-12-02 00:00:00-05:00

Window 5: Train 2020-01-02 00:00:00-05:00 to 2020-12-02 00:00:00-05:00, Test 2020-12-03 00:00:00-05:00 to 2020-12-23 00:00:00-05:00

Window 6: Train 2020-01-02 00:00:00-05:00 to 2020-12-23 00:00:00-05:00, Test 2020-12-24 00:00:00-05:00 to 2021-01-13 00:00:00-05:00

Window 7: Train 2020-01-02 00:00:00-05:00 to 2021-01-13 00:00:00-05:00, Test 2021-01-14 00:00:00-05:00 to 2021-02-03 00:00:00-05:00

Window 8: Train 2020-01-02 00:00:00-05:00 to 2021-02-03 00:00:00-05:00, Test 2021-02-04 00:00:00-05:00 to 2021-02-24 00:00:00-05:00

Window 9: Train 2020-01-02 00:00:00-05:00 to 2021-02-24 00:00:00-05:00, Test 2021-02-25 00:00:00-05:00 to 2021-03-18 00:00:00-04:00

Window 10: Train 2020-01-02 00:00:00-05:00 to 2021-03-18 00:00:00-04:00, Test 2021-03-19 00:00:00-04:00 to 2021-04-08 00:00:00-04:00

Window 11: Train 2020-01-02 00:00:00-05:00 to 2021-04-08 00:00:00-04:00, Test 2021-04-09 00:00:00-04:00 to 2021-04-29 00:00:00-04:00

Window 12: Train 2020-01-02 00:00:00-05:00 to 2021-04-29 00:00:00-04:00, Test 2021-04-30 00:00:00-04:00 to 2021-05-20 00:00:00-04:00

Window 13: Train 2020-01-02 00:00:00-05:00 to 2021-05-20 00:00:00-04:00, Test 2021-05-21 00:00:00-04:00 to 2021-06-10 00:00:00-04:00

Window 14: Train 2020-01-02 00:00:00-05:00 to 2021-06-10 00:00:00-04:00, Test 2021-06-11 00:00:00-04:00 to 2021-07-01 00:00:00-04:00

Window 15: Train 2020-01-02 00:00:00-05:00 to 2021-07-01 00:00:00-04:00, Test 2021-07-02 00:00:00-04:00 to 2021-07-22 00:00:00-04:00

Window 16: Train 2020-01-02 00:00:00-05:00 to 2021-07-22 00:00:00-04:00, Test 2021-07-23 00:00:00-04:00 to 2021-08-12 00:00:00-04:00

Window 17: Train 2020-01-02 00:00:00-05:00 to 2021-08-12 00:00:00-04:00, Test 2021-08-13 00:00:00-04:00 to 2021-09-02 00:00:00-04:00

Window 18: Train 2020-01-02 00:00:00-05:00 to 2021-09-02 00:00:00-04:00, Test 2021-09-03 00:00:00-04:00 to 2021-09-23 00:00:00-04:00

Window 19: Train 2020-01-02 00:00:00-05:00 to 2021-09-23 00:00:00-04:00, Test 2021-09-24 00:00:00-04:00 to 2021-10-14 00:00:00-04:00

Window 20: Train 2020-01-02 00:00:00-05:00 to 2021-10-14 00:00:00-04:00, Test 2021-10-15 00:00:00-04:00 to 2021-11-04 00:00:00-04:00

Window 21: Train 2020-01-02 00:00:00-05:00 to 2021-11-04 00:00:00-04:00, Test 2021-11-05 00:00:00-04:00 to 2021-11-24 00:00:00-05:00

Window 22: Train 2020-01-02 00:00:00-05:00 to 2021-11-24 00:00:00-05:00, Test 2021-11-26 00:00:00-05:00 to 2021-12-15 00:00:00-05:00

Window 23: Train 2020-01-02 00:00:00-05:00 to 2021-12-15 00:00:00-05:00, Test 2021-12-16 00:00:00-05:00 to 2022-01-05 00:00:00-05:00

Window 24: Train 2020-01-02 00:00:00-05:00 to 2022-01-05 00:00:00-05:00, Test 2022-01-06 00:00:00-05:00 to 2022-01-26 00:00:00-05:00

Window 25: Train 2020-01-02 00:00:00-05:00 to 2022-01-26 00:00:00-05:00, Test 2022-01-27 00:00:00-05:00 to 2022-02-16 00:00:00-05:00

Window 26: Train 2020-01-02 00:00:00-05:00 to 2022-02-16 00:00:00-05:00, Test 2022-02-17 00:00:00-05:00 to 2022-03-09 00:00:00-05:00

Window 27: Train 2020-01-02 00:00:00-05:00 to 2022-03-09 00:00:00-05:00, Test 2022-03-10 00:00:00-05:00 to 2022-03-31 00:00:00-04:00

Window 28: Train 2020-01-02 00:00:00-05:00 to 2022-03-31 00:00:00-04:00, Test 2022-04-01 00:00:00-04:00 to 2022-04-21 00:00:00-04:00

Window 29: Train 2020-01-02 00:00:00-05:00 to 2022-04-21 00:00:00-04:00, Test 2022-04-22 00:00:00-04:00 to 2022-05-12 00:00:00-04:00

Window 30: Train 2020-01-02 00:00:00-05:00 to 2022-05-12 00:00:00-04:00, Test 2022-05-13 00:00:00-04:00 to 2022-06-02 00:00:00-04:00

Window 31: Train 2020-01-02 00:00:00-05:00 to 2022-06-02 00:00:00-04:00, Test 2022-06-03 00:00:00-04:00 to 2022-06-23 00:00:00-04:00

Window 32: Train 2020-01-02 00:00:00-05:00 to 2022-06-23 00:00:00-04:00, Test 2022-06-24 00:00:00-04:00 to 2022-07-14 00:00:00-04:00

Window 33: Train 2020-01-02 00:00:00-05:00 to 2022-07-14 00:00:00-04:00, Test 2022-07-15 00:00:00-04:00 to 2022-08-04 00:00:00-04:00

Window 34: Train 2020-01-02 00:00:00-05:00 to 2022-08-04 00:00:00-04:00, Test 2022-08-05 00:00:00-04:00 to 2022-08-25 00:00:00-04:00

Window 35: Train 2020-01-02 00:00:00-05:00 to 2022-08-25 00:00:00-04:00, Test 2022-08-26 00:00:00-04:00 to 2022-09-15 00:00:00-04:00

Window 36: Train 2020-01-02 00:00:00-05:00 to 2022-09-15 00:00:00-04:00, Test 2022-09-16 00:00:00-04:00 to 2022-10-06 00:00:00-04:00

Window 37: Train 2020-01-02 00:00:00-05:00 to 2022-10-06 00:00:00-04:00, Test 2022-10-07 00:00:00-04:00 to 2022-10-27 00:00:00-04:00

Window 38: Train 2020-01-02 00:00:00-05:00 to 2022-10-27 00:00:00-04:00, Test 2022-10-28 00:00:00-04:00 to 2022-11-16 00:00:00-05:00

Window 39: Train 2020-01-02 00:00:00-05:00 to 2022-11-16 00:00:00-05:00, Test 2022-11-17 00:00:00-05:00 to 2022-12-07 00:00:00-05:00

Window 40: Train 2020-01-02 00:00:00-05:00 to 2022-12-07 00:00:00-05:00, Test 2022-12-08 00:00:00-05:00 to 2022-12-28 00:00:00-05:00

Window 41: Train 2020-01-02 00:00:00-05:00 to 2022-12-28 00:00:00-05:00, Test 2022-12-29 00:00:00-05:00 to 2023-01-18 00:00:00-05:00

Window 42: Train 2020-01-02 00:00:00-05:00 to 2023-01-18 00:00:00-05:00, Test 2023-01-19 00:00:00-05:00 to 2023-02-08 00:00:00-05:00

Window 43: Train 2020-01-02 00:00:00-05:00 to 2023-02-08 00:00:00-05:00, Test 2023-02-09 00:00:00-05:00 to 2023-03-01 00:00:00-05:00

Window 44: Train 2020-01-02 00:00:00-05:00 to 2023-03-01 00:00:00-05:00, Test 2023-03-02 00:00:00-05:00 to 2023-03-23 00:00:00-04:00

Window 45: Train 2020-01-02 00:00:00-05:00 to 2023-03-23 00:00:00-04:00, Test 2023-03-24 00:00:00-04:00 to 2023-04-13 00:00:00-04:00

Window 46: Train 2020-01-02 00:00:00-05:00 to 2023-04-13 00:00:00-04:00, Test 2023-04-14 00:00:00-04:00 to 2023-05-04 00:00:00-04:00

Window 47: Train 2020-01-02 00:00:00-05:00 to 2023-05-04 00:00:00-04:00, Test 2023-05-05 00:00:00-04:00 to 2023-05-25 00:00:00-04:00

Window 48: Train 2020-01-02 00:00:00-05:00 to 2023-05-25 00:00:00-04:00, Test 2023-05-26 00:00:00-04:00 to 2023-06-15 00:00:00-04:00

Window 49: Train 2020-01-02 00:00:00-05:00 to 2023-06-15 00:00:00-04:00, Test 2023-06-16 00:00:00-04:00 to 2023-07-06 00:00:00-04:00

Window 50: Train 2020-01-02 00:00:00-05:00 to 2023-07-06 00:00:00-04:00, Test 2023-07-07 00:00:00-04:00 to 2023-07-27 00:00:00-04:00

Window 51: Train 2020-01-02 00:00:00-05:00 to 2023-07-27 00:00:00-04:00, Test 2023-07-28 00:00:00-04:00 to 2023-08-17 00:00:00-04:00

Window 52: Train 2020-01-02 00:00:00-05:00 to 2023-08-17 00:00:00-04:00, Test 2023-08-18 00:00:00-04:00 to 2023-09-07 00:00:00-04:00

Window 53: Train 2020-01-02 00:00:00-05:00 to 2023-09-07 00:00:00-04:00, Test 2023-09-08 00:00:00-04:00 to 2023-09-28 00:00:00-04:00

Window 54: Train 2020-01-02 00:00:00-05:00 to 2023-09-28 00:00:00-04:00, Test 2023-09-29 00:00:00-04:00 to 2023-10-19 00:00:00-04:00

Window 55: Train 2020-01-02 00:00:00-05:00 to 2023-10-19 00:00:00-04:00, Test 2023-10-20 00:00:00-04:00 to 2023-11-08 00:00:00-05:00

Window 56: Train 2020-01-02 00:00:00-05:00 to 2023-11-08 00:00:00-05:00, Test 2023-11-09 00:00:00-05:00 to 2023-11-29 00:00:00-05:00

Window 57: Train 2020-01-02 00:00:00-05:00 to 2023-11-29 00:00:00-05:00, Test 2023-11-30 00:00:00-05:00 to 2023-12-20 00:00:00-05:00

Testing shift: -2 days...
Training until validation scores don't improve for 10 rounds
Early stopping, best iteration is:
[20]	train's binary_logloss: 0.333933	val's binary_logloss: 0.503578

Window 1: Train 2020-01-02 00:00:00-05:00 to 2020-09-10 00:00:00-04:00, Test 2020-09-11 00:00:00-04:00 to 2020-10-01 00:00:00-04:00

Window 2: Train 2020-01-02 00:00:00-05:00 to 2020-10-01 00:00:00-04:00, Test 2020-10-02 00:00:00-04:00 to 2020-10-22 00:00:00-04:00

Window 3: Train 2020-01-02 00:00:00-05:00 to 2020-10-22 00:00:00-04:00, Test 2020-10-23 00:00:00-04:00 to 2020-11-11 00:00:00-05:00

Window 4: Train 2020-01-02 00:00:00-05:00 to 2020-11-11 00:00:00-05:00, Test 2020-11-12 00:00:00-05:00 to 2020-12-02 00:00:00-05:00

Window 5: Train 2020-01-02 00:00:00-05:00 to 2020-12-02 00:00:00-05:00, Test 2020-12-03 00:00:00-05:00 to 2020-12-23 00:00:00-05:00

Window 6: Train 2020-01-02 00:00:00-05:00 to 2020-12-23 00:00:00-05:00, Test 2020-12-24 00:00:00-05:00 to 2021-01-13 00:00:00-05:00

Window 7: Train 2020-01-02 00:00:00-05:00 to 2021-01-13 00:00:00-05:00, Test 2021-01-14 00:00:00-05:00 to 2021-02-03 00:00:00-05:00

Window 8: Train 2020-01-02 00:00:00-05:00 to 2021-02-03 00:00:00-05:00, Test 2021-02-04 00:00:00-05:00 to 2021-02-24 00:00:00-05:00

Window 9: Train 2020-01-02 00:00:00-05:00 to 2021-02-24 00:00:00-05:00, Test 2021-02-25 00:00:00-05:00 to 2021-03-18 00:00:00-04:00

Window 10: Train 2020-01-02 00:00:00-05:00 to 2021-03-18 00:00:00-04:00, Test 2021-03-19 00:00:00-04:00 to 2021-04-08 00:00:00-04:00

Window 11: Train 2020-01-02 00:00:00-05:00 to 2021-04-08 00:00:00-04:00, Test 2021-04-09 00:00:00-04:00 to 2021-04-29 00:00:00-04:00

Window 12: Train 2020-01-02 00:00:00-05:00 to 2021-04-29 00:00:00-04:00, Test 2021-04-30 00:00:00-04:00 to 2021-05-20 00:00:00-04:00

Window 13: Train 2020-01-02 00:00:00-05:00 to 2021-05-20 00:00:00-04:00, Test 2021-05-21 00:00:00-04:00 to 2021-06-10 00:00:00-04:00

Window 14: Train 2020-01-02 00:00:00-05:00 to 2021-06-10 00:00:00-04:00, Test 2021-06-11 00:00:00-04:00 to 2021-07-01 00:00:00-04:00

Window 15: Train 2020-01-02 00:00:00-05:00 to 2021-07-01 00:00:00-04:00, Test 2021-07-02 00:00:00-04:00 to 2021-07-22 00:00:00-04:00

Window 16: Train 2020-01-02 00:00:00-05:00 to 2021-07-22 00:00:00-04:00, Test 2021-07-23 00:00:00-04:00 to 2021-08-12 00:00:00-04:00

Window 17: Train 2020-01-02 00:00:00-05:00 to 2021-08-12 00:00:00-04:00, Test 2021-08-13 00:00:00-04:00 to 2021-09-02 00:00:00-04:00

Window 18: Train 2020-01-02 00:00:00-05:00 to 2021-09-02 00:00:00-04:00, Test 2021-09-03 00:00:00-04:00 to 2021-09-23 00:00:00-04:00

Window 19: Train 2020-01-02 00:00:00-05:00 to 2021-09-23 00:00:00-04:00, Test 2021-09-24 00:00:00-04:00 to 2021-10-14 00:00:00-04:00

Window 20: Train 2020-01-02 00:00:00-05:00 to 2021-10-14 00:00:00-04:00, Test 2021-10-15 00:00:00-04:00 to 2021-11-04 00:00:00-04:00

Window 21: Train 2020-01-02 00:00:00-05:00 to 2021-11-04 00:00:00-04:00, Test 2021-11-05 00:00:00-04:00 to 2021-11-24 00:00:00-05:00

Window 22: Train 2020-01-02 00:00:00-05:00 to 2021-11-24 00:00:00-05:00, Test 2021-11-26 00:00:00-05:00 to 2021-12-15 00:00:00-05:00

Window 23: Train 2020-01-02 00:00:00-05:00 to 2021-12-15 00:00:00-05:00, Test 2021-12-16 00:00:00-05:00 to 2022-01-05 00:00:00-05:00

Window 24: Train 2020-01-02 00:00:00-05:00 to 2022-01-05 00:00:00-05:00, Test 2022-01-06 00:00:00-05:00 to 2022-01-26 00:00:00-05:00

Window 25: Train 2020-01-02 00:00:00-05:00 to 2022-01-26 00:00:00-05:00, Test 2022-01-27 00:00:00-05:00 to 2022-02-16 00:00:00-05:00

Window 26: Train 2020-01-02 00:00:00-05:00 to 2022-02-16 00:00:00-05:00, Test 2022-02-17 00:00:00-05:00 to 2022-03-09 00:00:00-05:00

Window 27: Train 2020-01-02 00:00:00-05:00 to 2022-03-09 00:00:00-05:00, Test 2022-03-10 00:00:00-05:00 to 2022-03-31 00:00:00-04:00

Window 28: Train 2020-01-02 00:00:00-05:00 to 2022-03-31 00:00:00-04:00, Test 2022-04-01 00:00:00-04:00 to 2022-04-21 00:00:00-04:00

Window 29: Train 2020-01-02 00:00:00-05:00 to 2022-04-21 00:00:00-04:00, Test 2022-04-22 00:00:00-04:00 to 2022-05-12 00:00:00-04:00

Window 30: Train 2020-01-02 00:00:00-05:00 to 2022-05-12 00:00:00-04:00, Test 2022-05-13 00:00:00-04:00 to 2022-06-02 00:00:00-04:00

Window 31: Train 2020-01-02 00:00:00-05:00 to 2022-06-02 00:00:00-04:00, Test 2022-06-03 00:00:00-04:00 to 2022-06-23 00:00:00-04:00

Window 32: Train 2020-01-02 00:00:00-05:00 to 2022-06-23 00:00:00-04:00, Test 2022-06-24 00:00:00-04:00 to 2022-07-14 00:00:00-04:00

Window 33: Train 2020-01-02 00:00:00-05:00 to 2022-07-14 00:00:00-04:00, Test 2022-07-15 00:00:00-04:00 to 2022-08-04 00:00:00-04:00

Window 34: Train 2020-01-02 00:00:00-05:00 to 2022-08-04 00:00:00-04:00, Test 2022-08-05 00:00:00-04:00 to 2022-08-25 00:00:00-04:00

Window 35: Train 2020-01-02 00:00:00-05:00 to 2022-08-25 00:00:00-04:00, Test 2022-08-26 00:00:00-04:00 to 2022-09-15 00:00:00-04:00

Window 36: Train 2020-01-02 00:00:00-05:00 to 2022-09-15 00:00:00-04:00, Test 2022-09-16 00:00:00-04:00 to 2022-10-06 00:00:00-04:00

Window 37: Train 2020-01-02 00:00:00-05:00 to 2022-10-06 00:00:00-04:00, Test 2022-10-07 00:00:00-04:00 to 2022-10-27 00:00:00-04:00

Window 38: Train 2020-01-02 00:00:00-05:00 to 2022-10-27 00:00:00-04:00, Test 2022-10-28 00:00:00-04:00 to 2022-11-16 00:00:00-05:00

Window 39: Train 2020-01-02 00:00:00-05:00 to 2022-11-16 00:00:00-05:00, Test 2022-11-17 00:00:00-05:00 to 2022-12-07 00:00:00-05:00

Window 40: Train 2020-01-02 00:00:00-05:00 to 2022-12-07 00:00:00-05:00, Test 2022-12-08 00:00:00-05:00 to 2022-12-28 00:00:00-05:00

Window 41: Train 2020-01-02 00:00:00-05:00 to 2022-12-28 00:00:00-05:00, Test 2022-12-29 00:00:00-05:00 to 2023-01-18 00:00:00-05:00

Window 42: Train 2020-01-02 00:00:00-05:00 to 2023-01-18 00:00:00-05:00, Test 2023-01-19 00:00:00-05:00 to 2023-02-08 00:00:00-05:00

Window 43: Train 2020-01-02 00:00:00-05:00 to 2023-02-08 00:00:00-05:00, Test 2023-02-09 00:00:00-05:00 to 2023-03-01 00:00:00-05:00

Window 44: Train 2020-01-02 00:00:00-05:00 to 2023-03-01 00:00:00-05:00, Test 2023-03-02 00:00:00-05:00 to 2023-03-23 00:00:00-04:00

Window 45: Train 2020-01-02 00:00:00-05:00 to 2023-03-23 00:00:00-04:00, Test 2023-03-24 00:00:00-04:00 to 2023-04-13 00:00:00-04:00

Window 46: Train 2020-01-02 00:00:00-05:00 to 2023-04-13 00:00:00-04:00, Test 2023-04-14 00:00:00-04:00 to 2023-05-04 00:00:00-04:00

Window 47: Train 2020-01-02 00:00:00-05:00 to 2023-05-04 00:00:00-04:00, Test 2023-05-05 00:00:00-04:00 to 2023-05-25 00:00:00-04:00

Window 48: Train 2020-01-02 00:00:00-05:00 to 2023-05-25 00:00:00-04:00, Test 2023-05-26 00:00:00-04:00 to 2023-06-15 00:00:00-04:00

Window 49: Train 2020-01-02 00:00:00-05:00 to 2023-06-15 00:00:00-04:00, Test 2023-06-16 00:00:00-04:00 to 2023-07-06 00:00:00-04:00

Window 50: Train 2020-01-02 00:00:00-05:00 to 2023-07-06 00:00:00-04:00, Test 2023-07-07 00:00:00-04:00 to 2023-07-27 00:00:00-04:00

Window 51: Train 2020-01-02 00:00:00-05:00 to 2023-07-27 00:00:00-04:00, Test 2023-07-28 00:00:00-04:00 to 2023-08-17 00:00:00-04:00

Window 52: Train 2020-01-02 00:00:00-05:00 to 2023-08-17 00:00:00-04:00, Test 2023-08-18 00:00:00-04:00 to 2023-09-07 00:00:00-04:00

Window 53: Train 2020-01-02 00:00:00-05:00 to 2023-09-07 00:00:00-04:00, Test 2023-09-08 00:00:00-04:00 to 2023-09-28 00:00:00-04:00

Window 54: Train 2020-01-02 00:00:00-05:00 to 2023-09-28 00:00:00-04:00, Test 2023-09-29 00:00:00-04:00 to 2023-10-19 00:00:00-04:00

Window 55: Train 2020-01-02 00:00:00-05:00 to 2023-10-19 00:00:00-04:00, Test 2023-10-20 00:00:00-04:00 to 2023-11-08 00:00:00-05:00

Window 56: Train 2020-01-02 00:00:00-05:00 to 2023-11-08 00:00:00-05:00, Test 2023-11-09 00:00:00-05:00 to 2023-11-29 00:00:00-05:00

Window 57: Train 2020-01-02 00:00:00-05:00 to 2023-11-29 00:00:00-05:00, Test 2023-11-30 00:00:00-05:00 to 2023-12-20 00:00:00-05:00
  Accuracy: 0.9685 (baseline: 1.0000)

Testing shift: -1 days...
Training until validation scores don't improve for 10 rounds
Did not meet early stopping. Best iteration is:
[100]	train's binary_logloss: 2.66234e-05	val's binary_logloss: 2.85524e-05

Window 1: Train 2020-01-02 00:00:00-05:00 to 2020-09-10 00:00:00-04:00, Test 2020-09-11 00:00:00-04:00 to 2020-10-01 00:00:00-04:00

Window 2: Train 2020-01-02 00:00:00-05:00 to 2020-10-01 00:00:00-04:00, Test 2020-10-02 00:00:00-04:00 to 2020-10-22 00:00:00-04:00

Window 3: Train 2020-01-02 00:00:00-05:00 to 2020-10-22 00:00:00-04:00, Test 2020-10-23 00:00:00-04:00 to 2020-11-11 00:00:00-05:00

Window 4: Train 2020-01-02 00:00:00-05:00 to 2020-11-11 00:00:00-05:00, Test 2020-11-12 00:00:00-05:00 to 2020-12-02 00:00:00-05:00

Window 5: Train 2020-01-02 00:00:00-05:00 to 2020-12-02 00:00:00-05:00, Test 2020-12-03 00:00:00-05:00 to 2020-12-23 00:00:00-05:00

Window 6: Train 2020-01-02 00:00:00-05:00 to 2020-12-23 00:00:00-05:00, Test 2020-12-24 00:00:00-05:00 to 2021-01-13 00:00:00-05:00

Window 7: Train 2020-01-02 00:00:00-05:00 to 2021-01-13 00:00:00-05:00, Test 2021-01-14 00:00:00-05:00 to 2021-02-03 00:00:00-05:00

Window 8: Train 2020-01-02 00:00:00-05:00 to 2021-02-03 00:00:00-05:00, Test 2021-02-04 00:00:00-05:00 to 2021-02-24 00:00:00-05:00

Window 9: Train 2020-01-02 00:00:00-05:00 to 2021-02-24 00:00:00-05:00, Test 2021-02-25 00:00:00-05:00 to 2021-03-18 00:00:00-04:00

Window 10: Train 2020-01-02 00:00:00-05:00 to 2021-03-18 00:00:00-04:00, Test 2021-03-19 00:00:00-04:00 to 2021-04-08 00:00:00-04:00

Window 11: Train 2020-01-02 00:00:00-05:00 to 2021-04-08 00:00:00-04:00, Test 2021-04-09 00:00:00-04:00 to 2021-04-29 00:00:00-04:00

Window 12: Train 2020-01-02 00:00:00-05:00 to 2021-04-29 00:00:00-04:00, Test 2021-04-30 00:00:00-04:00 to 2021-05-20 00:00:00-04:00

Window 13: Train 2020-01-02 00:00:00-05:00 to 2021-05-20 00:00:00-04:00, Test 2021-05-21 00:00:00-04:00 to 2021-06-10 00:00:00-04:00

Window 14: Train 2020-01-02 00:00:00-05:00 to 2021-06-10 00:00:00-04:00, Test 2021-06-11 00:00:00-04:00 to 2021-07-01 00:00:00-04:00

Window 15: Train 2020-01-02 00:00:00-05:00 to 2021-07-01 00:00:00-04:00, Test 2021-07-02 00:00:00-04:00 to 2021-07-22 00:00:00-04:00

Window 16: Train 2020-01-02 00:00:00-05:00 to 2021-07-22 00:00:00-04:00, Test 2021-07-23 00:00:00-04:00 to 2021-08-12 00:00:00-04:00

Window 17: Train 2020-01-02 00:00:00-05:00 to 2021-08-12 00:00:00-04:00, Test 2021-08-13 00:00:00-04:00 to 2021-09-02 00:00:00-04:00

Window 18: Train 2020-01-02 00:00:00-05:00 to 2021-09-02 00:00:00-04:00, Test 2021-09-03 00:00:00-04:00 to 2021-09-23 00:00:00-04:00

Window 19: Train 2020-01-02 00:00:00-05:00 to 2021-09-23 00:00:00-04:00, Test 2021-09-24 00:00:00-04:00 to 2021-10-14 00:00:00-04:00

Window 20: Train 2020-01-02 00:00:00-05:00 to 2021-10-14 00:00:00-04:00, Test 2021-10-15 00:00:00-04:00 to 2021-11-04 00:00:00-04:00

Window 21: Train 2020-01-02 00:00:00-05:00 to 2021-11-04 00:00:00-04:00, Test 2021-11-05 00:00:00-04:00 to 2021-11-24 00:00:00-05:00

Window 22: Train 2020-01-02 00:00:00-05:00 to 2021-11-24 00:00:00-05:00, Test 2021-11-26 00:00:00-05:00 to 2021-12-15 00:00:00-05:00

Window 23: Train 2020-01-02 00:00:00-05:00 to 2021-12-15 00:00:00-05:00, Test 2021-12-16 00:00:00-05:00 to 2022-01-05 00:00:00-05:00

Window 24: Train 2020-01-02 00:00:00-05:00 to 2022-01-05 00:00:00-05:00, Test 2022-01-06 00:00:00-05:00 to 2022-01-26 00:00:00-05:00

Window 25: Train 2020-01-02 00:00:00-05:00 to 2022-01-26 00:00:00-05:00, Test 2022-01-27 00:00:00-05:00 to 2022-02-16 00:00:00-05:00

Window 26: Train 2020-01-02 00:00:00-05:00 to 2022-02-16 00:00:00-05:00, Test 2022-02-17 00:00:00-05:00 to 2022-03-09 00:00:00-05:00

Window 27: Train 2020-01-02 00:00:00-05:00 to 2022-03-09 00:00:00-05:00, Test 2022-03-10 00:00:00-05:00 to 2022-03-31 00:00:00-04:00

Window 28: Train 2020-01-02 00:00:00-05:00 to 2022-03-31 00:00:00-04:00, Test 2022-04-01 00:00:00-04:00 to 2022-04-21 00:00:00-04:00

Window 29: Train 2020-01-02 00:00:00-05:00 to 2022-04-21 00:00:00-04:00, Test 2022-04-22 00:00:00-04:00 to 2022-05-12 00:00:00-04:00

Window 30: Train 2020-01-02 00:00:00-05:00 to 2022-05-12 00:00:00-04:00, Test 2022-05-13 00:00:00-04:00 to 2022-06-02 00:00:00-04:00

Window 31: Train 2020-01-02 00:00:00-05:00 to 2022-06-02 00:00:00-04:00, Test 2022-06-03 00:00:00-04:00 to 2022-06-23 00:00:00-04:00

Window 32: Train 2020-01-02 00:00:00-05:00 to 2022-06-23 00:00:00-04:00, Test 2022-06-24 00:00:00-04:00 to 2022-07-14 00:00:00-04:00

Window 33: Train 2020-01-02 00:00:00-05:00 to 2022-07-14 00:00:00-04:00, Test 2022-07-15 00:00:00-04:00 to 2022-08-04 00:00:00-04:00

Window 34: Train 2020-01-02 00:00:00-05:00 to 2022-08-04 00:00:00-04:00, Test 2022-08-05 00:00:00-04:00 to 2022-08-25 00:00:00-04:00

Window 35: Train 2020-01-02 00:00:00-05:00 to 2022-08-25 00:00:00-04:00, Test 2022-08-26 00:00:00-04:00 to 2022-09-15 00:00:00-04:00

Window 36: Train 2020-01-02 00:00:00-05:00 to 2022-09-15 00:00:00-04:00, Test 2022-09-16 00:00:00-04:00 to 2022-10-06 00:00:00-04:00

Window 37: Train 2020-01-02 00:00:00-05:00 to 2022-10-06 00:00:00-04:00, Test 2022-10-07 00:00:00-04:00 to 2022-10-27 00:00:00-04:00

Window 38: Train 2020-01-02 00:00:00-05:00 to 2022-10-27 00:00:00-04:00, Test 2022-10-28 00:00:00-04:00 to 2022-11-16 00:00:00-05:00

Window 39: Train 2020-01-02 00:00:00-05:00 to 2022-11-16 00:00:00-05:00, Test 2022-11-17 00:00:00-05:00 to 2022-12-07 00:00:00-05:00

Window 40: Train 2020-01-02 00:00:00-05:00 to 2022-12-07 00:00:00-05:00, Test 2022-12-08 00:00:00-05:00 to 2022-12-28 00:00:00-05:00

Window 41: Train 2020-01-02 00:00:00-05:00 to 2022-12-28 00:00:00-05:00, Test 2022-12-29 00:00:00-05:00 to 2023-01-18 00:00:00-05:00

Window 42: Train 2020-01-02 00:00:00-05:00 to 2023-01-18 00:00:00-05:00, Test 2023-01-19 00:00:00-05:00 to 2023-02-08 00:00:00-05:00

Window 43: Train 2020-01-02 00:00:00-05:00 to 2023-02-08 00:00:00-05:00, Test 2023-02-09 00:00:00-05:00 to 2023-03-01 00:00:00-05:00

Window 44: Train 2020-01-02 00:00:00-05:00 to 2023-03-01 00:00:00-05:00, Test 2023-03-02 00:00:00-05:00 to 2023-03-23 00:00:00-04:00

Window 45: Train 2020-01-02 00:00:00-05:00 to 2023-03-23 00:00:00-04:00, Test 2023-03-24 00:00:00-04:00 to 2023-04-13 00:00:00-04:00

Window 46: Train 2020-01-02 00:00:00-05:00 to 2023-04-13 00:00:00-04:00, Test 2023-04-14 00:00:00-04:00 to 2023-05-04 00:00:00-04:00

Window 47: Train 2020-01-02 00:00:00-05:00 to 2023-05-04 00:00:00-04:00, Test 2023-05-05 00:00:00-04:00 to 2023-05-25 00:00:00-04:00

Window 48: Train 2020-01-02 00:00:00-05:00 to 2023-05-25 00:00:00-04:00, Test 2023-05-26 00:00:00-04:00 to 2023-06-15 00:00:00-04:00

Window 49: Train 2020-01-02 00:00:00-05:00 to 2023-06-15 00:00:00-04:00, Test 2023-06-16 00:00:00-04:00 to 2023-07-06 00:00:00-04:00

Window 50: Train 2020-01-02 00:00:00-05:00 to 2023-07-06 00:00:00-04:00, Test 2023-07-07 00:00:00-04:00 to 2023-07-27 00:00:00-04:00

Window 51: Train 2020-01-02 00:00:00-05:00 to 2023-07-27 00:00:00-04:00, Test 2023-07-28 00:00:00-04:00 to 2023-08-17 00:00:00-04:00

Window 52: Train 2020-01-02 00:00:00-05:00 to 2023-08-17 00:00:00-04:00, Test 2023-08-18 00:00:00-04:00 to 2023-09-07 00:00:00-04:00

Window 53: Train 2020-01-02 00:00:00-05:00 to 2023-09-07 00:00:00-04:00, Test 2023-09-08 00:00:00-04:00 to 2023-09-28 00:00:00-04:00

Window 54: Train 2020-01-02 00:00:00-05:00 to 2023-09-28 00:00:00-04:00, Test 2023-09-29 00:00:00-04:00 to 2023-10-19 00:00:00-04:00

Window 55: Train 2020-01-02 00:00:00-05:00 to 2023-10-19 00:00:00-04:00, Test 2023-10-20 00:00:00-04:00 to 2023-11-08 00:00:00-05:00

Window 56: Train 2020-01-02 00:00:00-05:00 to 2023-11-08 00:00:00-05:00, Test 2023-11-09 00:00:00-05:00 to 2023-11-29 00:00:00-05:00

Window 57: Train 2020-01-02 00:00:00-05:00 to 2023-11-29 00:00:00-05:00, Test 2023-11-30 00:00:00-05:00 to 2023-12-20 00:00:00-05:00
  Accuracy: 1.0000 (baseline: 1.0000)

Testing shift: 1 days...
Training until validation scores don't improve for 10 rounds
Early stopping, best iteration is:
[1]	train's binary_logloss: 0.673335	val's binary_logloss: 0.69083

Window 1: Train 2020-01-02 00:00:00-05:00 to 2020-09-10 00:00:00-04:00, Test 2020-09-11 00:00:00-04:00 to 2020-10-01 00:00:00-04:00

Window 2: Train 2020-01-02 00:00:00-05:00 to 2020-10-01 00:00:00-04:00, Test 2020-10-02 00:00:00-04:00 to 2020-10-22 00:00:00-04:00

Window 3: Train 2020-01-02 00:00:00-05:00 to 2020-10-22 00:00:00-04:00, Test 2020-10-23 00:00:00-04:00 to 2020-11-11 00:00:00-05:00

Window 4: Train 2020-01-02 00:00:00-05:00 to 2020-11-11 00:00:00-05:00, Test 2020-11-12 00:00:00-05:00 to 2020-12-02 00:00:00-05:00

Window 5: Train 2020-01-02 00:00:00-05:00 to 2020-12-02 00:00:00-05:00, Test 2020-12-03 00:00:00-05:00 to 2020-12-23 00:00:00-05:00

Window 6: Train 2020-01-02 00:00:00-05:00 to 2020-12-23 00:00:00-05:00, Test 2020-12-24 00:00:00-05:00 to 2021-01-13 00:00:00-05:00

Window 7: Train 2020-01-02 00:00:00-05:00 to 2021-01-13 00:00:00-05:00, Test 2021-01-14 00:00:00-05:00 to 2021-02-03 00:00:00-05:00

Window 8: Train 2020-01-02 00:00:00-05:00 to 2021-02-03 00:00:00-05:00, Test 2021-02-04 00:00:00-05:00 to 2021-02-24 00:00:00-05:00

Window 9: Train 2020-01-02 00:00:00-05:00 to 2021-02-24 00:00:00-05:00, Test 2021-02-25 00:00:00-05:00 to 2021-03-18 00:00:00-04:00

Window 10: Train 2020-01-02 00:00:00-05:00 to 2021-03-18 00:00:00-04:00, Test 2021-03-19 00:00:00-04:00 to 2021-04-08 00:00:00-04:00

Window 11: Train 2020-01-02 00:00:00-05:00 to 2021-04-08 00:00:00-04:00, Test 2021-04-09 00:00:00-04:00 to 2021-04-29 00:00:00-04:00

Window 12: Train 2020-01-02 00:00:00-05:00 to 2021-04-29 00:00:00-04:00, Test 2021-04-30 00:00:00-04:00 to 2021-05-20 00:00:00-04:00

Window 13: Train 2020-01-02 00:00:00-05:00 to 2021-05-20 00:00:00-04:00, Test 2021-05-21 00:00:00-04:00 to 2021-06-10 00:00:00-04:00

Window 14: Train 2020-01-02 00:00:00-05:00 to 2021-06-10 00:00:00-04:00, Test 2021-06-11 00:00:00-04:00 to 2021-07-01 00:00:00-04:00

Window 15: Train 2020-01-02 00:00:00-05:00 to 2021-07-01 00:00:00-04:00, Test 2021-07-02 00:00:00-04:00 to 2021-07-22 00:00:00-04:00

Window 16: Train 2020-01-02 00:00:00-05:00 to 2021-07-22 00:00:00-04:00, Test 2021-07-23 00:00:00-04:00 to 2021-08-12 00:00:00-04:00

Window 17: Train 2020-01-02 00:00:00-05:00 to 2021-08-12 00:00:00-04:00, Test 2021-08-13 00:00:00-04:00 to 2021-09-02 00:00:00-04:00

Window 18: Train 2020-01-02 00:00:00-05:00 to 2021-09-02 00:00:00-04:00, Test 2021-09-03 00:00:00-04:00 to 2021-09-23 00:00:00-04:00

Window 19: Train 2020-01-02 00:00:00-05:00 to 2021-09-23 00:00:00-04:00, Test 2021-09-24 00:00:00-04:00 to 2021-10-14 00:00:00-04:00

Window 20: Train 2020-01-02 00:00:00-05:00 to 2021-10-14 00:00:00-04:00, Test 2021-10-15 00:00:00-04:00 to 2021-11-04 00:00:00-04:00

Window 21: Train 2020-01-02 00:00:00-05:00 to 2021-11-04 00:00:00-04:00, Test 2021-11-05 00:00:00-04:00 to 2021-11-24 00:00:00-05:00

Window 22: Train 2020-01-02 00:00:00-05:00 to 2021-11-24 00:00:00-05:00, Test 2021-11-26 00:00:00-05:00 to 2021-12-15 00:00:00-05:00

Window 23: Train 2020-01-02 00:00:00-05:00 to 2021-12-15 00:00:00-05:00, Test 2021-12-16 00:00:00-05:00 to 2022-01-05 00:00:00-05:00

Window 24: Train 2020-01-02 00:00:00-05:00 to 2022-01-05 00:00:00-05:00, Test 2022-01-06 00:00:00-05:00 to 2022-01-26 00:00:00-05:00

Window 25: Train 2020-01-02 00:00:00-05:00 to 2022-01-26 00:00:00-05:00, Test 2022-01-27 00:00:00-05:00 to 2022-02-16 00:00:00-05:00

Window 26: Train 2020-01-02 00:00:00-05:00 to 2022-02-16 00:00:00-05:00, Test 2022-02-17 00:00:00-05:00 to 2022-03-09 00:00:00-05:00

Window 27: Train 2020-01-02 00:00:00-05:00 to 2022-03-09 00:00:00-05:00, Test 2022-03-10 00:00:00-05:00 to 2022-03-31 00:00:00-04:00

Window 28: Train 2020-01-02 00:00:00-05:00 to 2022-03-31 00:00:00-04:00, Test 2022-04-01 00:00:00-04:00 to 2022-04-21 00:00:00-04:00

Window 29: Train 2020-01-02 00:00:00-05:00 to 2022-04-21 00:00:00-04:00, Test 2022-04-22 00:00:00-04:00 to 2022-05-12 00:00:00-04:00

Window 30: Train 2020-01-02 00:00:00-05:00 to 2022-05-12 00:00:00-04:00, Test 2022-05-13 00:00:00-04:00 to 2022-06-02 00:00:00-04:00

Window 31: Train 2020-01-02 00:00:00-05:00 to 2022-06-02 00:00:00-04:00, Test 2022-06-03 00:00:00-04:00 to 2022-06-23 00:00:00-04:00

Window 32: Train 2020-01-02 00:00:00-05:00 to 2022-06-23 00:00:00-04:00, Test 2022-06-24 00:00:00-04:00 to 2022-07-14 00:00:00-04:00

Window 33: Train 2020-01-02 00:00:00-05:00 to 2022-07-14 00:00:00-04:00, Test 2022-07-15 00:00:00-04:00 to 2022-08-04 00:00:00-04:00

Window 34: Train 2020-01-02 00:00:00-05:00 to 2022-08-04 00:00:00-04:00, Test 2022-08-05 00:00:00-04:00 to 2022-08-25 00:00:00-04:00

Window 35: Train 2020-01-02 00:00:00-05:00 to 2022-08-25 00:00:00-04:00, Test 2022-08-26 00:00:00-04:00 to 2022-09-15 00:00:00-04:00

Window 36: Train 2020-01-02 00:00:00-05:00 to 2022-09-15 00:00:00-04:00, Test 2022-09-16 00:00:00-04:00 to 2022-10-06 00:00:00-04:00

Window 37: Train 2020-01-02 00:00:00-05:00 to 2022-10-06 00:00:00-04:00, Test 2022-10-07 00:00:00-04:00 to 2022-10-27 00:00:00-04:00

Window 38: Train 2020-01-02 00:00:00-05:00 to 2022-10-27 00:00:00-04:00, Test 2022-10-28 00:00:00-04:00 to 2022-11-16 00:00:00-05:00

Window 39: Train 2020-01-02 00:00:00-05:00 to 2022-11-16 00:00:00-05:00, Test 2022-11-17 00:00:00-05:00 to 2022-12-07 00:00:00-05:00

Window 40: Train 2020-01-02 00:00:00-05:00 to 2022-12-07 00:00:00-05:00, Test 2022-12-08 00:00:00-05:00 to 2022-12-28 00:00:00-05:00

Window 41: Train 2020-01-02 00:00:00-05:00 to 2022-12-28 00:00:00-05:00, Test 2022-12-29 00:00:00-05:00 to 2023-01-18 00:00:00-05:00

Window 42: Train 2020-01-02 00:00:00-05:00 to 2023-01-18 00:00:00-05:00, Test 2023-01-19 00:00:00-05:00 to 2023-02-08 00:00:00-05:00

Window 43: Train 2020-01-02 00:00:00-05:00 to 2023-02-08 00:00:00-05:00, Test 2023-02-09 00:00:00-05:00 to 2023-03-01 00:00:00-05:00

Window 44: Train 2020-01-02 00:00:00-05:00 to 2023-03-01 00:00:00-05:00, Test 2023-03-02 00:00:00-05:00 to 2023-03-23 00:00:00-04:00

Window 45: Train 2020-01-02 00:00:00-05:00 to 2023-03-23 00:00:00-04:00, Test 2023-03-24 00:00:00-04:00 to 2023-04-13 00:00:00-04:00

Window 46: Train 2020-01-02 00:00:00-05:00 to 2023-04-13 00:00:00-04:00, Test 2023-04-14 00:00:00-04:00 to 2023-05-04 00:00:00-04:00

Window 47: Train 2020-01-02 00:00:00-05:00 to 2023-05-04 00:00:00-04:00, Test 2023-05-05 00:00:00-04:00 to 2023-05-25 00:00:00-04:00

Window 48: Train 2020-01-02 00:00:00-05:00 to 2023-05-25 00:00:00-04:00, Test 2023-05-26 00:00:00-04:00 to 2023-06-15 00:00:00-04:00

Window 49: Train 2020-01-02 00:00:00-05:00 to 2023-06-15 00:00:00-04:00, Test 2023-06-16 00:00:00-04:00 to 2023-07-06 00:00:00-04:00

Window 50: Train 2020-01-02 00:00:00-05:00 to 2023-07-06 00:00:00-04:00, Test 2023-07-07 00:00:00-04:00 to 2023-07-27 00:00:00-04:00

Window 51: Train 2020-01-02 00:00:00-05:00 to 2023-07-27 00:00:00-04:00, Test 2023-07-28 00:00:00-04:00 to 2023-08-17 00:00:00-04:00

Window 52: Train 2020-01-02 00:00:00-05:00 to 2023-08-17 00:00:00-04:00, Test 2023-08-18 00:00:00-04:00 to 2023-09-07 00:00:00-04:00

Window 53: Train 2020-01-02 00:00:00-05:00 to 2023-09-07 00:00:00-04:00, Test 2023-09-08 00:00:00-04:00 to 2023-09-28 00:00:00-04:00

Window 54: Train 2020-01-02 00:00:00-05:00 to 2023-09-28 00:00:00-04:00, Test 2023-09-29 00:00:00-04:00 to 2023-10-19 00:00:00-04:00

Window 55: Train 2020-01-02 00:00:00-05:00 to 2023-10-19 00:00:00-04:00, Test 2023-10-20 00:00:00-04:00 to 2023-11-08 00:00:00-05:00

Window 56: Train 2020-01-02 00:00:00-05:00 to 2023-11-08 00:00:00-05:00, Test 2023-11-09 00:00:00-05:00 to 2023-11-29 00:00:00-05:00

Window 57: Train 2020-01-02 00:00:00-05:00 to 2023-11-29 00:00:00-05:00, Test 2023-11-30 00:00:00-05:00 to 2023-12-20 00:00:00-05:00
  Accuracy: 0.0000 (baseline: 1.0000)

Testing shift: 2 days...
Training until validation scores don't improve for 10 rounds
Early stopping, best iteration is:
[5]	train's binary_logloss: 0.61063	val's binary_logloss: 0.680519

Window 1: Train 2020-01-02 00:00:00-05:00 to 2020-09-10 00:00:00-04:00, Test 2020-09-11 00:00:00-04:00 to 2020-10-01 00:00:00-04:00

Window 2: Train 2020-01-02 00:00:00-05:00 to 2020-10-01 00:00:00-04:00, Test 2020-10-02 00:00:00-04:00 to 2020-10-22 00:00:00-04:00

Window 3: Train 2020-01-02 00:00:00-05:00 to 2020-10-22 00:00:00-04:00, Test 2020-10-23 00:00:00-04:00 to 2020-11-11 00:00:00-05:00

Window 4: Train 2020-01-02 00:00:00-05:00 to 2020-11-11 00:00:00-05:00, Test 2020-11-12 00:00:00-05:00 to 2020-12-02 00:00:00-05:00

Window 5: Train 2020-01-02 00:00:00-05:00 to 2020-12-02 00:00:00-05:00, Test 2020-12-03 00:00:00-05:00 to 2020-12-23 00:00:00-05:00

Window 6: Train 2020-01-02 00:00:00-05:00 to 2020-12-23 00:00:00-05:00, Test 2020-12-24 00:00:00-05:00 to 2021-01-13 00:00:00-05:00

Window 7: Train 2020-01-02 00:00:00-05:00 to 2021-01-13 00:00:00-05:00, Test 2021-01-14 00:00:00-05:00 to 2021-02-03 00:00:00-05:00

Window 8: Train 2020-01-02 00:00:00-05:00 to 2021-02-03 00:00:00-05:00, Test 2021-02-04 00:00:00-05:00 to 2021-02-24 00:00:00-05:00

Window 9: Train 2020-01-02 00:00:00-05:00 to 2021-02-24 00:00:00-05:00, Test 2021-02-25 00:00:00-05:00 to 2021-03-18 00:00:00-04:00

Window 10: Train 2020-01-02 00:00:00-05:00 to 2021-03-18 00:00:00-04:00, Test 2021-03-19 00:00:00-04:00 to 2021-04-08 00:00:00-04:00

Window 11: Train 2020-01-02 00:00:00-05:00 to 2021-04-08 00:00:00-04:00, Test 2021-04-09 00:00:00-04:00 to 2021-04-29 00:00:00-04:00

Window 12: Train 2020-01-02 00:00:00-05:00 to 2021-04-29 00:00:00-04:00, Test 2021-04-30 00:00:00-04:00 to 2021-05-20 00:00:00-04:00

Window 13: Train 2020-01-02 00:00:00-05:00 to 2021-05-20 00:00:00-04:00, Test 2021-05-21 00:00:00-04:00 to 2021-06-10 00:00:00-04:00

Window 14: Train 2020-01-02 00:00:00-05:00 to 2021-06-10 00:00:00-04:00, Test 2021-06-11 00:00:00-04:00 to 2021-07-01 00:00:00-04:00

Window 15: Train 2020-01-02 00:00:00-05:00 to 2021-07-01 00:00:00-04:00, Test 2021-07-02 00:00:00-04:00 to 2021-07-22 00:00:00-04:00

Window 16: Train 2020-01-02 00:00:00-05:00 to 2021-07-22 00:00:00-04:00, Test 2021-07-23 00:00:00-04:00 to 2021-08-12 00:00:00-04:00

Window 17: Train 2020-01-02 00:00:00-05:00 to 2021-08-12 00:00:00-04:00, Test 2021-08-13 00:00:00-04:00 to 2021-09-02 00:00:00-04:00

Window 18: Train 2020-01-02 00:00:00-05:00 to 2021-09-02 00:00:00-04:00, Test 2021-09-03 00:00:00-04:00 to 2021-09-23 00:00:00-04:00

Window 19: Train 2020-01-02 00:00:00-05:00 to 2021-09-23 00:00:00-04:00, Test 2021-09-24 00:00:00-04:00 to 2021-10-14 00:00:00-04:00

Window 20: Train 2020-01-02 00:00:00-05:00 to 2021-10-14 00:00:00-04:00, Test 2021-10-15 00:00:00-04:00 to 2021-11-04 00:00:00-04:00

Window 21: Train 2020-01-02 00:00:00-05:00 to 2021-11-04 00:00:00-04:00, Test 2021-11-05 00:00:00-04:00 to 2021-11-24 00:00:00-05:00

Window 22: Train 2020-01-02 00:00:00-05:00 to 2021-11-24 00:00:00-05:00, Test 2021-11-26 00:00:00-05:00 to 2021-12-15 00:00:00-05:00

Window 23: Train 2020-01-02 00:00:00-05:00 to 2021-12-15 00:00:00-05:00, Test 2021-12-16 00:00:00-05:00 to 2022-01-05 00:00:00-05:00

Window 24: Train 2020-01-02 00:00:00-05:00 to 2022-01-05 00:00:00-05:00, Test 2022-01-06 00:00:00-05:00 to 2022-01-26 00:00:00-05:00

Window 25: Train 2020-01-02 00:00:00-05:00 to 2022-01-26 00:00:00-05:00, Test 2022-01-27 00:00:00-05:00 to 2022-02-16 00:00:00-05:00

Window 26: Train 2020-01-02 00:00:00-05:00 to 2022-02-16 00:00:00-05:00, Test 2022-02-17 00:00:00-05:00 to 2022-03-09 00:00:00-05:00

Window 27: Train 2020-01-02 00:00:00-05:00 to 2022-03-09 00:00:00-05:00, Test 2022-03-10 00:00:00-05:00 to 2022-03-31 00:00:00-04:00

Window 28: Train 2020-01-02 00:00:00-05:00 to 2022-03-31 00:00:00-04:00, Test 2022-04-01 00:00:00-04:00 to 2022-04-21 00:00:00-04:00

Window 29: Train 2020-01-02 00:00:00-05:00 to 2022-04-21 00:00:00-04:00, Test 2022-04-22 00:00:00-04:00 to 2022-05-12 00:00:00-04:00

Window 30: Train 2020-01-02 00:00:00-05:00 to 2022-05-12 00:00:00-04:00, Test 2022-05-13 00:00:00-04:00 to 2022-06-02 00:00:00-04:00

Window 31: Train 2020-01-02 00:00:00-05:00 to 2022-06-02 00:00:00-04:00, Test 2022-06-03 00:00:00-04:00 to 2022-06-23 00:00:00-04:00

Window 32: Train 2020-01-02 00:00:00-05:00 to 2022-06-23 00:00:00-04:00, Test 2022-06-24 00:00:00-04:00 to 2022-07-14 00:00:00-04:00

Window 33: Train 2020-01-02 00:00:00-05:00 to 2022-07-14 00:00:00-04:00, Test 2022-07-15 00:00:00-04:00 to 2022-08-04 00:00:00-04:00

Window 34: Train 2020-01-02 00:00:00-05:00 to 2022-08-04 00:00:00-04:00, Test 2022-08-05 00:00:00-04:00 to 2022-08-25 00:00:00-04:00

Window 35: Train 2020-01-02 00:00:00-05:00 to 2022-08-25 00:00:00-04:00, Test 2022-08-26 00:00:00-04:00 to 2022-09-15 00:00:00-04:00

Window 36: Train 2020-01-02 00:00:00-05:00 to 2022-09-15 00:00:00-04:00, Test 2022-09-16 00:00:00-04:00 to 2022-10-06 00:00:00-04:00

Window 37: Train 2020-01-02 00:00:00-05:00 to 2022-10-06 00:00:00-04:00, Test 2022-10-07 00:00:00-04:00 to 2022-10-27 00:00:00-04:00

Window 38: Train 2020-01-02 00:00:00-05:00 to 2022-10-27 00:00:00-04:00, Test 2022-10-28 00:00:00-04:00 to 2022-11-16 00:00:00-05:00

Window 39: Train 2020-01-02 00:00:00-05:00 to 2022-11-16 00:00:00-05:00, Test 2022-11-17 00:00:00-05:00 to 2022-12-07 00:00:00-05:00

Window 40: Train 2020-01-02 00:00:00-05:00 to 2022-12-07 00:00:00-05:00, Test 2022-12-08 00:00:00-05:00 to 2022-12-28 00:00:00-05:00

Window 41: Train 2020-01-02 00:00:00-05:00 to 2022-12-28 00:00:00-05:00, Test 2022-12-29 00:00:00-05:00 to 2023-01-18 00:00:00-05:00

Window 42: Train 2020-01-02 00:00:00-05:00 to 2023-01-18 00:00:00-05:00, Test 2023-01-19 00:00:00-05:00 to 2023-02-08 00:00:00-05:00

Window 43: Train 2020-01-02 00:00:00-05:00 to 2023-02-08 00:00:00-05:00, Test 2023-02-09 00:00:00-05:00 to 2023-03-01 00:00:00-05:00

Window 44: Train 2020-01-02 00:00:00-05:00 to 2023-03-01 00:00:00-05:00, Test 2023-03-02 00:00:00-05:00 to 2023-03-23 00:00:00-04:00

Window 45: Train 2020-01-02 00:00:00-05:00 to 2023-03-23 00:00:00-04:00, Test 2023-03-24 00:00:00-04:00 to 2023-04-13 00:00:00-04:00

Window 46: Train 2020-01-02 00:00:00-05:00 to 2023-04-13 00:00:00-04:00, Test 2023-04-14 00:00:00-04:00 to 2023-05-04 00:00:00-04:00

Window 47: Train 2020-01-02 00:00:00-05:00 to 2023-05-04 00:00:00-04:00, Test 2023-05-05 00:00:00-04:00 to 2023-05-25 00:00:00-04:00

Window 48: Train 2020-01-02 00:00:00-05:00 to 2023-05-25 00:00:00-04:00, Test 2023-05-26 00:00:00-04:00 to 2023-06-15 00:00:00-04:00

Window 49: Train 2020-01-02 00:00:00-05:00 to 2023-06-15 00:00:00-04:00, Test 2023-06-16 00:00:00-04:00 to 2023-07-06 00:00:00-04:00

Window 50: Train 2020-01-02 00:00:00-05:00 to 2023-07-06 00:00:00-04:00, Test 2023-07-07 00:00:00-04:00 to 2023-07-27 00:00:00-04:00

Window 51: Train 2020-01-02 00:00:00-05:00 to 2023-07-27 00:00:00-04:00, Test 2023-07-28 00:00:00-04:00 to 2023-08-17 00:00:00-04:00

Window 52: Train 2020-01-02 00:00:00-05:00 to 2023-08-17 00:00:00-04:00, Test 2023-08-18 00:00:00-04:00 to 2023-09-07 00:00:00-04:00

Window 53: Train 2020-01-02 00:00:00-05:00 to 2023-09-07 00:00:00-04:00, Test 2023-09-08 00:00:00-04:00 to 2023-09-28 00:00:00-04:00

Window 54: Train 2020-01-02 00:00:00-05:00 to 2023-09-28 00:00:00-04:00, Test 2023-09-29 00:00:00-04:00 to 2023-10-19 00:00:00-04:00

Window 55: Train 2020-01-02 00:00:00-05:00 to 2023-10-19 00:00:00-04:00, Test 2023-10-20 00:00:00-04:00 to 2023-11-08 00:00:00-05:00

Window 56: Train 2020-01-02 00:00:00-05:00 to 2023-11-08 00:00:00-05:00, Test 2023-11-09 00:00:00-05:00 to 2023-11-29 00:00:00-05:00

Window 57: Train 2020-01-02 00:00:00-05:00 to 2023-11-29 00:00:00-05:00, Test 2023-11-30 00:00:00-05:00 to 2023-12-20 00:00:00-05:00
  Accuracy: 0.0000 (baseline: 1.0000)

✓ Results saved
 shift_days  accuracy  total_return    sharpe
          0  1.000000      0.024751 73.253267
         -2  0.968491   8031.408049 19.194515
         -1  1.000000  37566.936910 17.398847
          1  0.000000      0.000000  0.000000
          2  0.000000      0.000000  0.000000

======================================================================
ALL TESTS COMPLETE
======================================================================
Results saved to: /home/aarav/Forecast models/ml_research_pipeline/robustness_test_results

Review results and decide if the model has real edge!
